[INFO] Scanning for projects...
[INFO] 
[INFO] --------------------< com.nightflow:config-server >---------------------
[INFO] Building config-server 0.0.1-SNAPSHOT
[INFO]   from pom.xml
[INFO] --------------------------------[ jar ]---------------------------------
[INFO] 
[INFO] >>> spring-boot:4.0.1:run (default-cli) > test-compile @ config-server >>>
[INFO] 
[INFO] --- resources:3.3.1:resources (default-resources) @ config-server ---
[INFO] Copying 1 resource from src/main/resources to target/classes
[INFO] Copying 10 resources from src/main/resources to target/classes
[INFO] 
[INFO] --- compiler:3.14.1:compile (default-compile) @ config-server ---
[INFO] Nothing to compile - all classes are up to date.
[INFO] 
[INFO] --- resources:3.3.1:testResources (default-testResources) @ config-server ---
[INFO] skip non existing resourceDirectory /Users/kaantopcu/Projects/NightFlow/config-server/src/test/resources
[INFO] 
[INFO] --- compiler:3.14.1:testCompile (default-testCompile) @ config-server ---
[INFO] Nothing to compile - all classes are up to date.
[INFO] 
[INFO] <<< spring-boot:4.0.1:run (default-cli) < test-compile @ config-server <<<
[INFO] 
[INFO] 
[INFO] --- spring-boot:4.0.1:run (default-cli) @ config-server ---
[INFO] Attaching agents: []

  .   ____          _            __ _ _
 /\\ / ___'_ __ _ _(_)_ __  __ _ \ \ \ \
( ( )\___ | '_ | '_| | '_ \/ _` | \ \ \ \
 \\/  ___)| |_)| | | | | || (_| |  ) ) ) )
  '  |____| .__|_| |_|_| |_\__, | / / / /
 =========|_|==============|___/=/_/_/_/

 :: Spring Boot ::                (v4.0.1)

2026-01-19T18:48:52.030+03:00  INFO 55361 --- [config-server] [           main] c.n.c.ConfigServerApplication            : Starting ConfigServerApplication using Java 25.0.1 with PID 55361 (/Users/kaantopcu/Projects/NightFlow/config-server/target/classes started by kaantopcu in /Users/kaantopcu/Projects/NightFlow/config-server)
2026-01-19T18:48:52.030+03:00  INFO 55361 --- [config-server] [           main] c.n.c.ConfigServerApplication            : The following 1 profile is active: "native"
2026-01-19T18:48:52.369+03:00  INFO 55361 --- [config-server] [           main] o.s.cloud.context.scope.GenericScope     : BeanFactory id=c010f453-b4f9-300f-8705-8ec9e512f5c7
2026-01-19T18:48:52.460+03:00  INFO 55361 --- [config-server] [           main] o.s.boot.tomcat.TomcatWebServer          : Tomcat initialized with port 8888 (http)
2026-01-19T18:48:52.465+03:00  INFO 55361 --- [config-server] [           main] o.apache.catalina.core.StandardService   : Starting service [Tomcat]
2026-01-19T18:48:52.465+03:00  INFO 55361 --- [config-server] [           main] o.apache.catalina.core.StandardEngine    : Starting Servlet engine: [Apache Tomcat/11.0.15]
2026-01-19T18:48:52.483+03:00  INFO 55361 --- [config-server] [           main] b.w.c.s.WebApplicationContextInitializer : Root WebApplicationContext: initialization completed in 436 ms
2026-01-19T18:48:52.790+03:00  INFO 55361 --- [config-server] [           main] o.s.b.a.e.web.EndpointLinksResolver      : Exposing 14 endpoints beneath base path '/actuator'
2026-01-19T18:48:52.815+03:00  INFO 55361 --- [config-server] [           main] o.s.boot.tomcat.TomcatWebServer          : Tomcat started on port 8888 (http) with context path '/'
2026-01-19T18:48:52.822+03:00  INFO 55361 --- [config-server] [           main] c.n.c.ConfigServerApplication            : Started ConfigServerApplication in 0.958 seconds (process running for 1.157)
2026-01-19T18:48:55.619+03:00  INFO 55361 --- [config-server] [nio-8888-exec-1] o.a.c.c.C.[Tomcat].[localhost].[/]       : Initializing Spring DispatcherServlet 'dispatcherServlet'
2026-01-19T18:48:55.619+03:00  INFO 55361 --- [config-server] [nio-8888-exec-1] o.s.web.servlet.DispatcherServlet        : Initializing Servlet 'dispatcherServlet'
2026-01-19T18:48:55.620+03:00  INFO 55361 --- [config-server] [nio-8888-exec-1] o.s.web.servlet.DispatcherServlet        : Completed initialization in 1 ms
2026-01-19T18:48:57.803+03:00  INFO 55361 --- [config-server] [nio-8888-exec-2] o.s.c.c.s.e.NativeEnvironmentRepository  : Adding property source: Config resource 'class path resource [config-repo/discovery-server.yml]' via location 'classpath:/config-repo/'
2026-01-19T18:49:09.342+03:00  INFO 55361 --- [config-server] [nio-8888-exec-3] o.s.c.c.s.e.NativeEnvironmentRepository  : Adding property source: Config resource 'class path resource [config-repo/auth-service.yml]' via location 'classpath:/config-repo/'
2026-01-19T18:49:10.068+03:00  INFO 55361 --- [config-server] [nio-8888-exec-4] o.s.c.c.s.e.NativeEnvironmentRepository  : Adding property source: Config resource 'class path resource [config-repo/gateway-service.yml]' via location 'classpath:/config-repo/'
2026-01-19T18:49:10.979+03:00  INFO 55361 --- [config-server] [nio-8888-exec-5] o.s.c.c.s.e.NativeEnvironmentRepository  : Adding property source: Config resource 'class path resource [config-repo/venue-service.yml]' via location 'classpath:/config-repo/'
2026-01-19T18:49:11.777+03:00  INFO 55361 --- [config-server] [nio-8888-exec-6] o.s.c.c.s.e.NativeEnvironmentRepository  : Adding property source: Config resource 'class path resource [config-repo/notification-service.yml]' via location 'classpath:/config-repo/'
2026-01-19T18:49:12.418+03:00  INFO 55361 --- [config-server] [nio-8888-exec-7] o.s.c.c.s.e.NativeEnvironmentRepository  : Adding property source: Config resource 'class path resource [config-repo/ticket-service.yml]' via location 'classpath:/config-repo/'
2026-01-19T18:49:12.676+03:00  INFO 55361 --- [config-server] [nio-8888-exec-8] o.s.c.c.s.e.NativeEnvironmentRepository  : Adding property source: Config resource 'class path resource [config-repo/event-catalog-service.yml]' via location 'classpath:/config-repo/'
2026-01-19T18:49:13.002+03:00  INFO 55361 --- [config-server] [nio-8888-exec-9] o.s.c.c.s.e.NativeEnvironmentRepository  : Adding property source: Config resource 'class path resource [config-repo/order-service.yml]' via location 'classpath:/config-repo/'
2026-01-19T18:49:15.470+03:00  INFO 55361 --- [config-server] [io-8888-exec-10] o.s.c.c.s.e.NativeEnvironmentRepository  : Adding property source: Config resource 'class path resource [config-repo/shopping-cart-service.yml]' via location 'classpath:/config-repo/'
2026-01-19T18:49:15.673+03:00  INFO 55361 --- [config-server] [nio-8888-exec-1] o.s.c.c.s.e.NativeEnvironmentRepository  : Adding property source: Config resource 'class path resource [config-repo/checkin-service.yml]' via location 'classpath:/config-repo/'
2026-01-19T18:51:30.046+03:00  INFO 55361 --- [config-server] [nio-8888-exec-2] o.s.c.c.s.e.NativeEnvironmentRepository  : Adding property source: Config resource 'class path resource [config-repo/shopping-cart-service.yml]' via location 'classpath:/config-repo/'
