[INFO] Scanning for projects...
[INFO] 
[INFO] -------------------< com.nightflow:discovery-server >-------------------
[INFO] Building discovery-server 0.0.1-SNAPSHOT
[INFO]   from pom.xml
[INFO] --------------------------------[ jar ]---------------------------------
[INFO] 
[INFO] >>> spring-boot:4.0.1:run (default-cli) > test-compile @ discovery-server >>>
[INFO] 
[INFO] --- resources:3.3.1:resources (default-resources) @ discovery-server ---
[INFO] Copying 1 resource from src/main/resources to target/classes
[INFO] Copying 0 resource from src/main/resources to target/classes
[INFO] 
[INFO] --- compiler:3.14.1:compile (default-compile) @ discovery-server ---
[INFO] Nothing to compile - all classes are up to date.
[INFO] 
[INFO] --- resources:3.3.1:testResources (default-testResources) @ discovery-server ---
[INFO] skip non existing resourceDirectory /Users/kaantopcu/Projects/NightFlow/discovery-server/src/test/resources
[INFO] 
[INFO] --- compiler:3.14.1:testCompile (default-testCompile) @ discovery-server ---
[INFO] Nothing to compile - all classes are up to date.
[INFO] 
[INFO] <<< spring-boot:4.0.1:run (default-cli) < test-compile @ discovery-server <<<
[INFO] 
[INFO] 
[INFO] --- spring-boot:4.0.1:run (default-cli) @ discovery-server ---
[INFO] Attaching agents: []

  .   ____          _            __ _ _
 /\\ / ___'_ __ _ _(_)_ __  __ _ \ \ \ \
( ( )\___ | '_ | '_| | '_ \/ _` | \ \ \ \
 \\/  ___)| |_)| | | | | || (_| |  ) ) ) )
  '  |____| .__|_| |_|_| |_\__, | / / / /
 =========|_|==============|___/=/_/_/_/

 :: Spring Boot ::                (v4.0.1)

2026-01-19T18:48:57.908+03:00  INFO 55687 --- [discovery-server] [           main] c.n.d.DiscoveryServerApplication         : Starting DiscoveryServerApplication using Java 25.0.1 with PID 55687 (/Users/kaantopcu/Projects/NightFlow/discovery-server/target/classes started by kaantopcu in /Users/kaantopcu/Projects/NightFlow/discovery-server)
2026-01-19T18:48:57.909+03:00  INFO 55687 --- [discovery-server] [           main] c.n.d.DiscoveryServerApplication         : The following 1 profile is active: "default"
2026-01-19T18:48:57.923+03:00  INFO 55687 --- [discovery-server] [           main] o.s.c.c.c.ConfigServerConfigDataLoader   : Fetching config from server at : http://localhost:8888/
2026-01-19T18:48:57.923+03:00  INFO 55687 --- [discovery-server] [           main] o.s.c.c.c.ConfigServerConfigDataLoader   : Located environment: name=discovery-server, profiles=[default], label=null, version=null, state=null
2026-01-19T18:48:58.224+03:00  INFO 55687 --- [discovery-server] [           main] o.s.cloud.context.scope.GenericScope     : BeanFactory id=5dd194f5-1b93-38e0-b9ca-ef05bd3bd7d6
2026-01-19T18:48:58.307+03:00  INFO 55687 --- [discovery-server] [           main] o.s.boot.tomcat.TomcatWebServer          : Tomcat initialized with port 8761 (http)
2026-01-19T18:48:58.313+03:00  INFO 55687 --- [discovery-server] [           main] o.apache.catalina.core.StandardService   : Starting service [Tomcat]
2026-01-19T18:48:58.313+03:00  INFO 55687 --- [discovery-server] [           main] o.apache.catalina.core.StandardEngine    : Starting Servlet engine: [Apache Tomcat/11.0.15]
2026-01-19T18:48:58.335+03:00  INFO 55687 --- [discovery-server] [           main] b.w.c.s.WebApplicationContextInitializer : Root WebApplicationContext: initialization completed in 411 ms
2026-01-19T18:48:58.634+03:00  INFO 55687 --- [discovery-server] [           main] c.n.d.provider.DiscoveryJerseyProvider   : Using JSON encoding codec LegacyJacksonJson
2026-01-19T18:48:58.634+03:00  INFO 55687 --- [discovery-server] [           main] c.n.d.provider.DiscoveryJerseyProvider   : Using JSON decoding codec LegacyJacksonJson
WARNING: A terminally deprecated method in sun.misc.Unsafe has been called
WARNING: sun.misc.Unsafe::objectFieldOffset has been called by com.thoughtworks.xstream.converters.reflection.SunUnsafeReflectionProvider (file:/Users/kaantopcu/.m2/repository/com/thoughtworks/xstream/xstream/1.4.21/xstream-1.4.21.jar)
WARNING: Please consider reporting this to the maintainers of class com.thoughtworks.xstream.converters.reflection.SunUnsafeReflectionProvider
WARNING: sun.misc.Unsafe::objectFieldOffset will be removed in a future release
2026-01-19T18:48:58.707+03:00  INFO 55687 --- [discovery-server] [           main] c.n.d.provider.DiscoveryJerseyProvider   : Using XML encoding codec XStreamXml
2026-01-19T18:48:58.707+03:00  INFO 55687 --- [discovery-server] [           main] c.n.d.provider.DiscoveryJerseyProvider   : Using XML decoding codec XStreamXml
2026-01-19T18:48:58.756+03:00  INFO 55687 --- [discovery-server] [           main] o.s.v.b.OptionalValidatorFactoryBean     : Failed to set up a Bean Validation provider: jakarta.validation.NoProviderFoundException: Unable to create a Configuration, because no Jakarta Validation provider could be found. Add a provider like Hibernate Validator (RI) to your classpath.
2026-01-19T18:48:59.118+03:00  WARN 55687 --- [discovery-server] [           main] iguration$LoadBalancerCaffeineWarnLogger : Spring Cloud LoadBalancer is currently working with the default cache. While this cache implementation is useful for development and tests, it's recommended to use Caffeine cache in production.You can switch to using Caffeine cache, by adding it and org.springframework.cache.caffeine.CaffeineCacheManager to the classpath.
2026-01-19T18:48:59.125+03:00  INFO 55687 --- [discovery-server] [           main] o.s.c.n.eureka.InstanceInfoFactory       : Setting initial instance status as: STARTING
2026-01-19T18:48:59.133+03:00  INFO 55687 --- [discovery-server] [           main] com.netflix.discovery.DiscoveryClient    : Initializing Eureka in region us-east-1
2026-01-19T18:48:59.133+03:00  INFO 55687 --- [discovery-server] [           main] com.netflix.discovery.DiscoveryClient    : Client configured to neither register nor query for data.
2026-01-19T18:48:59.133+03:00  INFO 55687 --- [discovery-server] [           main] com.netflix.discovery.DiscoveryClient    : Discovery Client initialized at timestamp 1768837739133 with initial instances count: 0
2026-01-19T18:48:59.147+03:00  INFO 55687 --- [discovery-server] [           main] c.n.eureka.DefaultEurekaServerContext    : Initializing ...
2026-01-19T18:48:59.148+03:00  WARN 55687 --- [discovery-server] [           main] c.n.eureka.cluster.PeerEurekaNodes       : The replica size seems to be empty. Check the route 53 DNS Registry
2026-01-19T18:48:59.151+03:00  INFO 55687 --- [discovery-server] [           main] c.n.e.registry.AbstractInstanceRegistry  : Finished initializing remote region registries. All known remote regions: []
2026-01-19T18:48:59.152+03:00  INFO 55687 --- [discovery-server] [           main] c.n.eureka.DefaultEurekaServerContext    : Initialized
2026-01-19T18:48:59.155+03:00  INFO 55687 --- [discovery-server] [           main] o.s.b.a.e.web.EndpointLinksResolver      : Exposing 16 endpoints beneath base path '/actuator'
2026-01-19T18:48:59.179+03:00  INFO 55687 --- [discovery-server] [           main] o.s.c.n.e.s.EurekaServiceRegistry        : Registering application DISCOVERY-SERVER with eureka with status UP
2026-01-19T18:48:59.184+03:00  INFO 55687 --- [discovery-server] [       Thread-9] o.s.c.n.e.server.EurekaServerBootstrap   : isAws returned false
2026-01-19T18:48:59.184+03:00  INFO 55687 --- [discovery-server] [       Thread-9] o.s.c.n.e.server.EurekaServerBootstrap   : Initialized server context
2026-01-19T18:48:59.184+03:00  INFO 55687 --- [discovery-server] [       Thread-9] c.n.e.r.PeerAwareInstanceRegistryImpl    : Got 1 instances from neighboring DS node
2026-01-19T18:48:59.184+03:00  INFO 55687 --- [discovery-server] [       Thread-9] c.n.e.r.PeerAwareInstanceRegistryImpl    : Renew threshold is: 1
2026-01-19T18:48:59.184+03:00  INFO 55687 --- [discovery-server] [       Thread-9] c.n.e.r.PeerAwareInstanceRegistryImpl    : Changing status to UP
2026-01-19T18:48:59.185+03:00  INFO 55687 --- [discovery-server] [       Thread-9] e.s.EurekaServerInitializerConfiguration : Started Eureka Server
2026-01-19T18:48:59.186+03:00  INFO 55687 --- [discovery-server] [           main] o.s.boot.tomcat.TomcatWebServer          : Tomcat started on port 8761 (http) with context path '/'
2026-01-19T18:48:59.186+03:00  INFO 55687 --- [discovery-server] [           main] .s.c.n.e.s.EurekaAutoServiceRegistration : Updating port to 8761
2026-01-19T18:48:59.194+03:00  INFO 55687 --- [discovery-server] [           main] c.n.d.DiscoveryServerApplication         : Started DiscoveryServerApplication in 1.664 seconds (process running for 1.876)
2026-01-19T18:49:01.862+03:00  INFO 55687 --- [discovery-server] [nio-8761-exec-1] o.a.c.c.C.[Tomcat].[localhost].[/]       : Initializing Spring DispatcherServlet 'dispatcherServlet'
2026-01-19T18:49:01.862+03:00  INFO 55687 --- [discovery-server] [nio-8761-exec-1] o.s.web.servlet.DispatcherServlet        : Initializing Servlet 'dispatcherServlet'
2026-01-19T18:49:01.863+03:00  INFO 55687 --- [discovery-server] [nio-8761-exec-1] o.s.web.servlet.DispatcherServlet        : Completed initialization in 1 ms
2026-01-19T18:49:15.761+03:00  INFO 55687 --- [discovery-server] [nio-8761-exec-4] c.n.e.registry.AbstractInstanceRegistry  : Registered instance GATEWAY-SERVICE/gateway-service:8080 with status UP (replication=false)
2026-01-19T18:49:16.225+03:00  INFO 55687 --- [discovery-server] [nio-8761-exec-2] c.n.e.registry.AbstractInstanceRegistry  : Registered instance NOTIFICATION-SERVICE/kaan-mac-mini.local:notification-service:8096 with status UP (replication=false)
2026-01-19T18:49:17.539+03:00  INFO 55687 --- [discovery-server] [nio-8761-exec-7] c.n.e.registry.AbstractInstanceRegistry  : Registered instance AUTH-SERVICE/auth-service:8090 with status UP (replication=false)
2026-01-19T18:49:18.081+03:00  INFO 55687 --- [discovery-server] [nio-8761-exec-9] c.n.e.registry.AbstractInstanceRegistry  : Registered instance EVENT-CATALOG-SERVICE/kaan-mac-mini.local:event-catalog-service:8092 with status UP (replication=false)
2026-01-19T18:49:18.433+03:00  INFO 55687 --- [discovery-server] [nio-8761-exec-1] c.n.e.registry.AbstractInstanceRegistry  : Registered instance SHOPPING-CART-SERVICE/kaan-mac-mini.local:shopping-cart-service:8094 with status UP (replication=false)
2026-01-19T18:49:18.580+03:00  INFO 55687 --- [discovery-server] [nio-8761-exec-4] c.n.e.registry.AbstractInstanceRegistry  : Registered instance CHECKIN-SERVICE/kaan-mac-mini.local:checkin-service:8097 with status UP (replication=false)
2026-01-19T18:49:18.809+03:00  INFO 55687 --- [discovery-server] [nio-8761-exec-2] c.n.e.registry.AbstractInstanceRegistry  : Registered instance VENUE-SERVICE/kaan-mac-mini.local:venue-service:8091 with status UP (replication=false)
2026-01-19T18:49:18.918+03:00  INFO 55687 --- [discovery-server] [nio-8761-exec-7] c.n.e.registry.AbstractInstanceRegistry  : Registered instance ORDER-SERVICE/kaan-mac-mini.local:order-service:8095 with status UP (replication=false)
2026-01-19T18:49:19.600+03:00  INFO 55687 --- [discovery-server] [nio-8761-exec-9] c.n.e.registry.AbstractInstanceRegistry  : Registered instance TICKET-SERVICE/kaan-mac-mini.local:ticket-service:8093 with status UP (replication=false)
2026-01-19T18:49:59.187+03:00  INFO 55687 --- [discovery-server] [a-EvictionTimer] c.n.e.registry.AbstractInstanceRegistry  : Running the evict task with compensationTime 0ms
2026-01-19T18:50:59.189+03:00  INFO 55687 --- [discovery-server] [a-EvictionTimer] c.n.e.registry.AbstractInstanceRegistry  : Running the evict task with compensationTime 2ms
2026-01-19T18:51:22.697+03:00  INFO 55687 --- [discovery-server] [nio-8761-exec-3] c.n.e.registry.AbstractInstanceRegistry  : Registered instance SHOPPING-CART-SERVICE/kaan-mac-mini.local:shopping-cart-service:8094 with status DOWN (replication=false)
2026-01-19T18:51:27.737+03:00  INFO 55687 --- [discovery-server] [nio-8761-exec-4] c.n.e.registry.AbstractInstanceRegistry  : Cancelled instance SHOPPING-CART-SERVICE/kaan-mac-mini.local:shopping-cart-service:8094 (replication=false)
2026-01-19T18:51:31.288+03:00  INFO 55687 --- [discovery-server] [nio-8761-exec-7] c.n.e.registry.AbstractInstanceRegistry  : Registered instance SHOPPING-CART-SERVICE/kaan-mac-mini.local:shopping-cart-service:8094 with status UP (replication=false)
2026-01-19T18:51:59.192+03:00  INFO 55687 --- [discovery-server] [a-EvictionTimer] c.n.e.registry.AbstractInstanceRegistry  : Running the evict task with compensationTime 2ms
2026-01-19T18:52:59.196+03:00  INFO 55687 --- [discovery-server] [a-EvictionTimer] c.n.e.registry.AbstractInstanceRegistry  : Running the evict task with compensationTime 4ms
2026-01-19T18:53:59.199+03:00  INFO 55687 --- [discovery-server] [a-EvictionTimer] c.n.e.registry.AbstractInstanceRegistry  : Running the evict task with compensationTime 3ms
2026-01-19T18:54:59.204+03:00  INFO 55687 --- [discovery-server] [a-EvictionTimer] c.n.e.registry.AbstractInstanceRegistry  : Running the evict task with compensationTime 5ms
2026-01-19T18:55:59.208+03:00  INFO 55687 --- [discovery-server] [a-EvictionTimer] c.n.e.registry.AbstractInstanceRegistry  : Running the evict task with compensationTime 4ms
2026-01-19T18:56:59.213+03:00  INFO 55687 --- [discovery-server] [a-EvictionTimer] c.n.e.registry.AbstractInstanceRegistry  : Running the evict task with compensationTime 4ms
2026-01-19T18:57:59.217+03:00  INFO 55687 --- [discovery-server] [a-EvictionTimer] c.n.e.registry.AbstractInstanceRegistry  : Running the evict task with compensationTime 4ms
2026-01-19T18:58:59.152+03:00  WARN 55687 --- [discovery-server] [eerNodesUpdater] c.n.eureka.cluster.PeerEurekaNodes       : The replica size seems to be empty. Check the route 53 DNS Registry
2026-01-19T18:58:59.218+03:00  INFO 55687 --- [discovery-server] [a-EvictionTimer] c.n.e.registry.AbstractInstanceRegistry  : Running the evict task with compensationTime 1ms
2026-01-19T18:59:59.219+03:00  INFO 55687 --- [discovery-server] [a-EvictionTimer] c.n.e.registry.AbstractInstanceRegistry  : Running the evict task with compensationTime 0ms
2026-01-19T19:00:59.225+03:00  INFO 55687 --- [discovery-server] [a-EvictionTimer] c.n.e.registry.AbstractInstanceRegistry  : Running the evict task with compensationTime 5ms
2026-01-19T19:01:59.229+03:00  INFO 55687 --- [discovery-server] [a-EvictionTimer] c.n.e.registry.AbstractInstanceRegistry  : Running the evict task with compensationTime 4ms
2026-01-19T19:02:59.232+03:00  INFO 55687 --- [discovery-server] [a-EvictionTimer] c.n.e.registry.AbstractInstanceRegistry  : Running the evict task with compensationTime 3ms
2026-01-19T19:03:59.155+03:00  INFO 55687 --- [discovery-server] [hresholdUpdater] c.n.e.r.PeerAwareInstanceRegistryImpl    : Current renewal threshold is : 17
2026-01-19T19:03:59.237+03:00  INFO 55687 --- [discovery-server] [a-EvictionTimer] c.n.e.registry.AbstractInstanceRegistry  : Running the evict task with compensationTime 4ms
2026-01-19T19:04:59.241+03:00  INFO 55687 --- [discovery-server] [a-EvictionTimer] c.n.e.registry.AbstractInstanceRegistry  : Running the evict task with compensationTime 4ms
2026-01-19T19:05:59.246+03:00  INFO 55687 --- [discovery-server] [a-EvictionTimer] c.n.e.registry.AbstractInstanceRegistry  : Running the evict task with compensationTime 5ms
2026-01-19T19:06:59.255+03:00  INFO 55687 --- [discovery-server] [a-EvictionTimer] c.n.e.registry.AbstractInstanceRegistry  : Running the evict task with compensationTime 8ms
2026-01-19T19:07:59.260+03:00  INFO 55687 --- [discovery-server] [a-EvictionTimer] c.n.e.registry.AbstractInstanceRegistry  : Running the evict task with compensationTime 4ms
2026-01-19T19:08:59.156+03:00  WARN 55687 --- [discovery-server] [eerNodesUpdater] c.n.eureka.cluster.PeerEurekaNodes       : The replica size seems to be empty. Check the route 53 DNS Registry
2026-01-19T19:08:59.264+03:00  INFO 55687 --- [discovery-server] [a-EvictionTimer] c.n.e.registry.AbstractInstanceRegistry  : Running the evict task with compensationTime 5ms
2026-01-19T19:09:59.267+03:00  INFO 55687 --- [discovery-server] [a-EvictionTimer] c.n.e.registry.AbstractInstanceRegistry  : Running the evict task with compensationTime 2ms
2026-01-19T19:10:59.270+03:00  INFO 55687 --- [discovery-server] [a-EvictionTimer] c.n.e.registry.AbstractInstanceRegistry  : Running the evict task with compensationTime 3ms
2026-01-19T19:11:59.275+03:00  INFO 55687 --- [discovery-server] [a-EvictionTimer] c.n.e.registry.AbstractInstanceRegistry  : Running the evict task with compensationTime 3ms
2026-01-19T19:12:59.276+03:00  INFO 55687 --- [discovery-server] [a-EvictionTimer] c.n.e.registry.AbstractInstanceRegistry  : Running the evict task with compensationTime 2ms
2026-01-19T19:13:59.277+03:00  INFO 55687 --- [discovery-server] [a-EvictionTimer] c.n.e.registry.AbstractInstanceRegistry  : Running the evict task with compensationTime 1ms
2026-01-19T19:14:59.282+03:00  INFO 55687 --- [discovery-server] [a-EvictionTimer] c.n.e.registry.AbstractInstanceRegistry  : Running the evict task with compensationTime 5ms
2026-01-19T19:15:59.292+03:00  INFO 55687 --- [discovery-server] [a-EvictionTimer] c.n.e.registry.AbstractInstanceRegistry  : Running the evict task with compensationTime 3ms
2026-01-19T19:16:59.289+03:00  INFO 55687 --- [discovery-server] [a-EvictionTimer] c.n.e.registry.AbstractInstanceRegistry  : Running the evict task with compensationTime 2ms
2026-01-19T19:17:59.289+03:00  INFO 55687 --- [discovery-server] [a-EvictionTimer] c.n.e.registry.AbstractInstanceRegistry  : Running the evict task with compensationTime 0ms
2026-01-19T19:18:59.155+03:00  INFO 55687 --- [discovery-server] [hresholdUpdater] c.n.e.r.PeerAwareInstanceRegistryImpl    : Current renewal threshold is : 17
2026-01-19T19:18:59.157+03:00  WARN 55687 --- [discovery-server] [eerNodesUpdater] c.n.eureka.cluster.PeerEurekaNodes       : The replica size seems to be empty. Check the route 53 DNS Registry
2026-01-19T19:18:59.297+03:00  INFO 55687 --- [discovery-server] [a-EvictionTimer] c.n.e.registry.AbstractInstanceRegistry  : Running the evict task with compensationTime 9ms
2026-01-19T19:19:59.302+03:00  INFO 55687 --- [discovery-server] [a-EvictionTimer] c.n.e.registry.AbstractInstanceRegistry  : Running the evict task with compensationTime 4ms
2026-01-19T19:20:59.308+03:00  INFO 55687 --- [discovery-server] [a-EvictionTimer] c.n.e.registry.AbstractInstanceRegistry  : Running the evict task with compensationTime 5ms
2026-01-19T19:21:59.310+03:00  INFO 55687 --- [discovery-server] [a-EvictionTimer] c.n.e.registry.AbstractInstanceRegistry  : Running the evict task with compensationTime 2ms
2026-01-19T19:22:59.315+03:00  INFO 55687 --- [discovery-server] [a-EvictionTimer] c.n.e.registry.AbstractInstanceRegistry  : Running the evict task with compensationTime 5ms
2026-01-19T19:23:59.321+03:00  INFO 55687 --- [discovery-server] [a-EvictionTimer] c.n.e.registry.AbstractInstanceRegistry  : Running the evict task with compensationTime 6ms
2026-01-19T19:24:59.324+03:00  INFO 55687 --- [discovery-server] [a-EvictionTimer] c.n.e.registry.AbstractInstanceRegistry  : Running the evict task with compensationTime 2ms
2026-01-19T19:25:59.325+03:00  INFO 55687 --- [discovery-server] [a-EvictionTimer] c.n.e.registry.AbstractInstanceRegistry  : Running the evict task with compensationTime 1ms
2026-01-19T19:26:59.327+03:00  INFO 55687 --- [discovery-server] [a-EvictionTimer] c.n.e.registry.AbstractInstanceRegistry  : Running the evict task with compensationTime 2ms
2026-01-19T19:27:59.333+03:00  INFO 55687 --- [discovery-server] [a-EvictionTimer] c.n.e.registry.AbstractInstanceRegistry  : Running the evict task with compensationTime 6ms
2026-01-19T19:28:59.165+03:00  WARN 55687 --- [discovery-server] [eerNodesUpdater] c.n.eureka.cluster.PeerEurekaNodes       : The replica size seems to be empty. Check the route 53 DNS Registry
2026-01-19T19:28:59.333+03:00  INFO 55687 --- [discovery-server] [a-EvictionTimer] c.n.e.registry.AbstractInstanceRegistry  : Running the evict task with compensationTime 1ms
2026-01-19T19:29:59.340+03:00  INFO 55687 --- [discovery-server] [a-EvictionTimer] c.n.e.registry.AbstractInstanceRegistry  : Running the evict task with compensationTime 6ms
2026-01-19T19:30:59.341+03:00  INFO 55687 --- [discovery-server] [a-EvictionTimer] c.n.e.registry.AbstractInstanceRegistry  : Running the evict task with compensationTime 1ms
2026-01-19T19:31:59.350+03:00  INFO 55687 --- [discovery-server] [a-EvictionTimer] c.n.e.registry.AbstractInstanceRegistry  : Running the evict task with compensationTime 9ms
2026-01-19T19:32:59.359+03:00  INFO 55687 --- [discovery-server] [a-EvictionTimer] c.n.e.registry.AbstractInstanceRegistry  : Running the evict task with compensationTime 9ms
2026-01-19T19:33:59.158+03:00  INFO 55687 --- [discovery-server] [hresholdUpdater] c.n.e.r.PeerAwareInstanceRegistryImpl    : Current renewal threshold is : 17
2026-01-19T19:33:59.360+03:00  INFO 55687 --- [discovery-server] [a-EvictionTimer] c.n.e.registry.AbstractInstanceRegistry  : Running the evict task with compensationTime 2ms
2026-01-19T19:34:59.364+03:00  INFO 55687 --- [discovery-server] [a-EvictionTimer] c.n.e.registry.AbstractInstanceRegistry  : Running the evict task with compensationTime 3ms
2026-01-19T19:35:59.370+03:00  INFO 55687 --- [discovery-server] [a-EvictionTimer] c.n.e.registry.AbstractInstanceRegistry  : Running the evict task with compensationTime 6ms
2026-01-19T19:36:59.374+03:00  INFO 55687 --- [discovery-server] [a-EvictionTimer] c.n.e.registry.AbstractInstanceRegistry  : Running the evict task with compensationTime 3ms
2026-01-19T19:37:59.374+03:00  INFO 55687 --- [discovery-server] [a-EvictionTimer] c.n.e.registry.AbstractInstanceRegistry  : Running the evict task with compensationTime 0ms
2026-01-19T19:38:59.170+03:00  WARN 55687 --- [discovery-server] [eerNodesUpdater] c.n.eureka.cluster.PeerEurekaNodes       : The replica size seems to be empty. Check the route 53 DNS Registry
2026-01-19T19:38:59.383+03:00  INFO 55687 --- [discovery-server] [a-EvictionTimer] c.n.e.registry.AbstractInstanceRegistry  : Running the evict task with compensationTime 10ms
2026-01-19T19:39:59.387+03:00  INFO 55687 --- [discovery-server] [a-EvictionTimer] c.n.e.registry.AbstractInstanceRegistry  : Running the evict task with compensationTime 3ms
2026-01-19T19:40:59.394+03:00  INFO 55687 --- [discovery-server] [a-EvictionTimer] c.n.e.registry.AbstractInstanceRegistry  : Running the evict task with compensationTime 6ms
2026-01-19T19:41:59.402+03:00  INFO 55687 --- [discovery-server] [a-EvictionTimer] c.n.e.registry.AbstractInstanceRegistry  : Running the evict task with compensationTime 8ms
2026-01-19T19:42:59.406+03:00  INFO 55687 --- [discovery-server] [a-EvictionTimer] c.n.e.registry.AbstractInstanceRegistry  : Running the evict task with compensationTime 4ms
2026-01-19T19:43:59.410+03:00  INFO 55687 --- [discovery-server] [a-EvictionTimer] c.n.e.registry.AbstractInstanceRegistry  : Running the evict task with compensationTime 4ms
2026-01-19T19:44:59.418+03:00  INFO 55687 --- [discovery-server] [a-EvictionTimer] c.n.e.registry.AbstractInstanceRegistry  : Running the evict task with compensationTime 7ms
2026-01-19T19:45:59.423+03:00  INFO 55687 --- [discovery-server] [a-EvictionTimer] c.n.e.registry.AbstractInstanceRegistry  : Running the evict task with compensationTime 5ms
2026-01-19T19:46:59.432+03:00  INFO 55687 --- [discovery-server] [a-EvictionTimer] c.n.e.registry.AbstractInstanceRegistry  : Running the evict task with compensationTime 9ms
2026-01-19T19:47:59.434+03:00  INFO 55687 --- [discovery-server] [a-EvictionTimer] c.n.e.registry.AbstractInstanceRegistry  : Running the evict task with compensationTime 1ms
2026-01-19T19:48:59.162+03:00  INFO 55687 --- [discovery-server] [hresholdUpdater] c.n.e.r.PeerAwareInstanceRegistryImpl    : Current renewal threshold is : 17
2026-01-19T19:48:59.171+03:00  WARN 55687 --- [discovery-server] [eerNodesUpdater] c.n.eureka.cluster.PeerEurekaNodes       : The replica size seems to be empty. Check the route 53 DNS Registry
2026-01-19T19:48:59.441+03:00  INFO 55687 --- [discovery-server] [a-EvictionTimer] c.n.e.registry.AbstractInstanceRegistry  : Running the evict task with compensationTime 7ms
2026-01-19T19:49:59.451+03:00  INFO 55687 --- [discovery-server] [a-EvictionTimer] c.n.e.registry.AbstractInstanceRegistry  : Running the evict task with compensationTime 9ms
2026-01-19T19:50:59.458+03:00  INFO 55687 --- [discovery-server] [a-EvictionTimer] c.n.e.registry.AbstractInstanceRegistry  : Running the evict task with compensationTime 7ms
2026-01-19T19:51:59.459+03:00  INFO 55687 --- [discovery-server] [a-EvictionTimer] c.n.e.registry.AbstractInstanceRegistry  : Running the evict task with compensationTime 1ms
2026-01-19T19:52:59.466+03:00  INFO 55687 --- [discovery-server] [a-EvictionTimer] c.n.e.registry.AbstractInstanceRegistry  : Running the evict task with compensationTime 7ms
2026-01-19T19:53:59.473+03:00  INFO 55687 --- [discovery-server] [a-EvictionTimer] c.n.e.registry.AbstractInstanceRegistry  : Running the evict task with compensationTime 6ms
2026-01-19T19:54:59.476+03:00  INFO 55687 --- [discovery-server] [a-EvictionTimer] c.n.e.registry.AbstractInstanceRegistry  : Running the evict task with compensationTime 4ms
2026-01-19T19:55:59.477+03:00  INFO 55687 --- [discovery-server] [a-EvictionTimer] c.n.e.registry.AbstractInstanceRegistry  : Running the evict task with compensationTime 0ms
2026-01-19T19:56:59.487+03:00  INFO 55687 --- [discovery-server] [a-EvictionTimer] c.n.e.registry.AbstractInstanceRegistry  : Running the evict task with compensationTime 9ms
2026-01-19T19:57:59.493+03:00  INFO 55687 --- [discovery-server] [a-EvictionTimer] c.n.e.registry.AbstractInstanceRegistry  : Running the evict task with compensationTime 6ms
2026-01-19T19:58:59.181+03:00  WARN 55687 --- [discovery-server] [eerNodesUpdater] c.n.eureka.cluster.PeerEurekaNodes       : The replica size seems to be empty. Check the route 53 DNS Registry
2026-01-19T19:58:59.492+03:00  INFO 55687 --- [discovery-server] [a-EvictionTimer] c.n.e.registry.AbstractInstanceRegistry  : Running the evict task with compensationTime 0ms
2026-01-19T19:59:59.502+03:00  INFO 55687 --- [discovery-server] [a-EvictionTimer] c.n.e.registry.AbstractInstanceRegistry  : Running the evict task with compensationTime 10ms
2026-01-19T20:00:59.506+03:00  INFO 55687 --- [discovery-server] [a-EvictionTimer] c.n.e.registry.AbstractInstanceRegistry  : Running the evict task with compensationTime 4ms
2026-01-19T20:01:59.516+03:00  INFO 55687 --- [discovery-server] [a-EvictionTimer] c.n.e.registry.AbstractInstanceRegistry  : Running the evict task with compensationTime 9ms
2026-01-19T20:02:59.522+03:00  INFO 55687 --- [discovery-server] [a-EvictionTimer] c.n.e.registry.AbstractInstanceRegistry  : Running the evict task with compensationTime 6ms
2026-01-19T20:03:59.166+03:00  INFO 55687 --- [discovery-server] [hresholdUpdater] c.n.e.r.PeerAwareInstanceRegistryImpl    : Current renewal threshold is : 17
2026-01-19T20:03:59.527+03:00  INFO 55687 --- [discovery-server] [a-EvictionTimer] c.n.e.registry.AbstractInstanceRegistry  : Running the evict task with compensationTime 5ms
2026-01-19T20:04:59.532+03:00  INFO 55687 --- [discovery-server] [a-EvictionTimer] c.n.e.registry.AbstractInstanceRegistry  : Running the evict task with compensationTime 4ms
2026-01-19T20:05:59.537+03:00  INFO 55687 --- [discovery-server] [a-EvictionTimer] c.n.e.registry.AbstractInstanceRegistry  : Running the evict task with compensationTime 5ms
2026-01-19T20:06:59.544+03:00  INFO 55687 --- [discovery-server] [a-EvictionTimer] c.n.e.registry.AbstractInstanceRegistry  : Running the evict task with compensationTime 8ms
2026-01-19T20:07:59.547+03:00  INFO 55687 --- [discovery-server] [a-EvictionTimer] c.n.e.registry.AbstractInstanceRegistry  : Running the evict task with compensationTime 2ms
2026-01-19T20:08:59.194+03:00  WARN 55687 --- [discovery-server] [eerNodesUpdater] c.n.eureka.cluster.PeerEurekaNodes       : The replica size seems to be empty. Check the route 53 DNS Registry
2026-01-19T20:08:59.550+03:00  INFO 55687 --- [discovery-server] [a-EvictionTimer] c.n.e.registry.AbstractInstanceRegistry  : Running the evict task with compensationTime 4ms
2026-01-19T20:09:59.559+03:00  INFO 55687 --- [discovery-server] [a-EvictionTimer] c.n.e.registry.AbstractInstanceRegistry  : Running the evict task with compensationTime 8ms
2026-01-19T20:10:59.569+03:00  INFO 55687 --- [discovery-server] [a-EvictionTimer] c.n.e.registry.AbstractInstanceRegistry  : Running the evict task with compensationTime 10ms
2026-01-19T20:11:59.572+03:00  INFO 55687 --- [discovery-server] [a-EvictionTimer] c.n.e.registry.AbstractInstanceRegistry  : Running the evict task with compensationTime 3ms
2026-01-19T20:12:59.581+03:00  INFO 55687 --- [discovery-server] [a-EvictionTimer] c.n.e.registry.AbstractInstanceRegistry  : Running the evict task with compensationTime 9ms
2026-01-19T20:13:59.582+03:00  INFO 55687 --- [discovery-server] [a-EvictionTimer] c.n.e.registry.AbstractInstanceRegistry  : Running the evict task with compensationTime 1ms
2026-01-19T20:14:59.588+03:00  INFO 55687 --- [discovery-server] [a-EvictionTimer] c.n.e.registry.AbstractInstanceRegistry  : Running the evict task with compensationTime 5ms
2026-01-19T20:15:59.593+03:00  INFO 55687 --- [discovery-server] [a-EvictionTimer] c.n.e.registry.AbstractInstanceRegistry  : Running the evict task with compensationTime 4ms
2026-01-19T20:16:59.593+03:00  INFO 55687 --- [discovery-server] [a-EvictionTimer] c.n.e.registry.AbstractInstanceRegistry  : Running the evict task with compensationTime 1ms
2026-01-19T20:17:59.594+03:00  INFO 55687 --- [discovery-server] [a-EvictionTimer] c.n.e.registry.AbstractInstanceRegistry  : Running the evict task with compensationTime 0ms
2026-01-19T20:18:59.168+03:00  INFO 55687 --- [discovery-server] [hresholdUpdater] c.n.e.r.PeerAwareInstanceRegistryImpl    : Current renewal threshold is : 17
2026-01-19T20:18:59.204+03:00  WARN 55687 --- [discovery-server] [eerNodesUpdater] c.n.eureka.cluster.PeerEurekaNodes       : The replica size seems to be empty. Check the route 53 DNS Registry
2026-01-19T20:18:59.593+03:00  INFO 55687 --- [discovery-server] [a-EvictionTimer] c.n.e.registry.AbstractInstanceRegistry  : Running the evict task with compensationTime 0ms
2026-01-19T20:19:59.598+03:00  INFO 55687 --- [discovery-server] [a-EvictionTimer] c.n.e.registry.AbstractInstanceRegistry  : Running the evict task with compensationTime 3ms
2026-01-19T20:20:59.603+03:00  INFO 55687 --- [discovery-server] [a-EvictionTimer] c.n.e.registry.AbstractInstanceRegistry  : Running the evict task with compensationTime 6ms
2026-01-19T20:21:59.611+03:00  INFO 55687 --- [discovery-server] [a-EvictionTimer] c.n.e.registry.AbstractInstanceRegistry  : Running the evict task with compensationTime 7ms
2026-01-19T20:22:59.610+03:00  INFO 55687 --- [discovery-server] [a-EvictionTimer] c.n.e.registry.AbstractInstanceRegistry  : Running the evict task with compensationTime 0ms
2026-01-19T20:23:59.617+03:00  INFO 55687 --- [discovery-server] [a-EvictionTimer] c.n.e.registry.AbstractInstanceRegistry  : Running the evict task with compensationTime 6ms
2026-01-19T20:24:59.626+03:00  INFO 55687 --- [discovery-server] [a-EvictionTimer] c.n.e.registry.AbstractInstanceRegistry  : Running the evict task with compensationTime 9ms
2026-01-19T20:25:59.636+03:00  INFO 55687 --- [discovery-server] [a-EvictionTimer] c.n.e.registry.AbstractInstanceRegistry  : Running the evict task with compensationTime 10ms
2026-01-19T20:26:59.640+03:00  INFO 55687 --- [discovery-server] [a-EvictionTimer] c.n.e.registry.AbstractInstanceRegistry  : Running the evict task with compensationTime 3ms
2026-01-19T20:27:59.642+03:00  INFO 55687 --- [discovery-server] [a-EvictionTimer] c.n.e.registry.AbstractInstanceRegistry  : Running the evict task with compensationTime 2ms
2026-01-19T20:28:59.210+03:00  WARN 55687 --- [discovery-server] [eerNodesUpdater] c.n.eureka.cluster.PeerEurekaNodes       : The replica size seems to be empty. Check the route 53 DNS Registry
2026-01-19T20:28:59.644+03:00  INFO 55687 --- [discovery-server] [a-EvictionTimer] c.n.e.registry.AbstractInstanceRegistry  : Running the evict task with compensationTime 3ms
2026-01-19T20:29:59.653+03:00  INFO 55687 --- [discovery-server] [a-EvictionTimer] c.n.e.registry.AbstractInstanceRegistry  : Running the evict task with compensationTime 8ms
2026-01-19T20:30:59.652+03:00  INFO 55687 --- [discovery-server] [a-EvictionTimer] c.n.e.registry.AbstractInstanceRegistry  : Running the evict task with compensationTime 0ms
2026-01-19T20:31:59.655+03:00  INFO 55687 --- [discovery-server] [a-EvictionTimer] c.n.e.registry.AbstractInstanceRegistry  : Running the evict task with compensationTime 1ms
2026-01-19T20:32:59.660+03:00  INFO 55687 --- [discovery-server] [a-EvictionTimer] c.n.e.registry.AbstractInstanceRegistry  : Running the evict task with compensationTime 6ms
2026-01-19T20:33:59.168+03:00  INFO 55687 --- [discovery-server] [hresholdUpdater] c.n.e.r.PeerAwareInstanceRegistryImpl    : Current renewal threshold is : 17
2026-01-19T20:33:59.664+03:00  INFO 55687 --- [discovery-server] [a-EvictionTimer] c.n.e.registry.AbstractInstanceRegistry  : Running the evict task with compensationTime 3ms
2026-01-19T20:34:59.672+03:00  INFO 55687 --- [discovery-server] [a-EvictionTimer] c.n.e.registry.AbstractInstanceRegistry  : Running the evict task with compensationTime 7ms
2026-01-19T20:35:59.681+03:00  INFO 55687 --- [discovery-server] [a-EvictionTimer] c.n.e.registry.AbstractInstanceRegistry  : Running the evict task with compensationTime 9ms
2026-01-19T20:36:59.688+03:00  INFO 55687 --- [discovery-server] [a-EvictionTimer] c.n.e.registry.AbstractInstanceRegistry  : Running the evict task with compensationTime 8ms
2026-01-19T20:37:59.696+03:00  INFO 55687 --- [discovery-server] [a-EvictionTimer] c.n.e.registry.AbstractInstanceRegistry  : Running the evict task with compensationTime 8ms
2026-01-19T20:38:59.221+03:00  WARN 55687 --- [discovery-server] [eerNodesUpdater] c.n.eureka.cluster.PeerEurekaNodes       : The replica size seems to be empty. Check the route 53 DNS Registry
2026-01-19T20:38:59.697+03:00  INFO 55687 --- [discovery-server] [a-EvictionTimer] c.n.e.registry.AbstractInstanceRegistry  : Running the evict task with compensationTime 1ms
2026-01-19T20:39:59.706+03:00  INFO 55687 --- [discovery-server] [a-EvictionTimer] c.n.e.registry.AbstractInstanceRegistry  : Running the evict task with compensationTime 8ms
2026-01-19T20:40:59.712+03:00  INFO 55687 --- [discovery-server] [a-EvictionTimer] c.n.e.registry.AbstractInstanceRegistry  : Running the evict task with compensationTime 6ms
2026-01-19T20:41:59.721+03:00  INFO 55687 --- [discovery-server] [a-EvictionTimer] c.n.e.registry.AbstractInstanceRegistry  : Running the evict task with compensationTime 9ms
2026-01-19T20:42:59.732+03:00  INFO 55687 --- [discovery-server] [a-EvictionTimer] c.n.e.registry.AbstractInstanceRegistry  : Running the evict task with compensationTime 10ms
2026-01-19T20:43:59.733+03:00  INFO 55687 --- [discovery-server] [a-EvictionTimer] c.n.e.registry.AbstractInstanceRegistry  : Running the evict task with compensationTime 1ms
2026-01-19T20:44:59.740+03:00  INFO 55687 --- [discovery-server] [a-EvictionTimer] c.n.e.registry.AbstractInstanceRegistry  : Running the evict task with compensationTime 7ms
2026-01-19T20:45:59.749+03:00  INFO 55687 --- [discovery-server] [a-EvictionTimer] c.n.e.registry.AbstractInstanceRegistry  : Running the evict task with compensationTime 8ms
2026-01-19T20:46:59.751+03:00  INFO 55687 --- [discovery-server] [a-EvictionTimer] c.n.e.registry.AbstractInstanceRegistry  : Running the evict task with compensationTime 3ms
2026-01-19T20:47:59.752+03:00  INFO 55687 --- [discovery-server] [a-EvictionTimer] c.n.e.registry.AbstractInstanceRegistry  : Running the evict task with compensationTime 1ms
2026-01-19T20:48:59.173+03:00  INFO 55687 --- [discovery-server] [hresholdUpdater] c.n.e.r.PeerAwareInstanceRegistryImpl    : Current renewal threshold is : 17
2026-01-19T20:48:59.229+03:00  WARN 55687 --- [discovery-server] [eerNodesUpdater] c.n.eureka.cluster.PeerEurekaNodes       : The replica size seems to be empty. Check the route 53 DNS Registry
2026-01-19T20:48:59.758+03:00  INFO 55687 --- [discovery-server] [a-EvictionTimer] c.n.e.registry.AbstractInstanceRegistry  : Running the evict task with compensationTime 6ms
2026-01-19T20:49:59.760+03:00  INFO 55687 --- [discovery-server] [a-EvictionTimer] c.n.e.registry.AbstractInstanceRegistry  : Running the evict task with compensationTime 1ms
2026-01-19T20:50:59.760+03:00  INFO 55687 --- [discovery-server] [a-EvictionTimer] c.n.e.registry.AbstractInstanceRegistry  : Running the evict task with compensationTime 0ms
2026-01-19T20:51:59.766+03:00  INFO 55687 --- [discovery-server] [a-EvictionTimer] c.n.e.registry.AbstractInstanceRegistry  : Running the evict task with compensationTime 5ms
2026-01-19T20:52:59.774+03:00  INFO 55687 --- [discovery-server] [a-EvictionTimer] c.n.e.registry.AbstractInstanceRegistry  : Running the evict task with compensationTime 9ms
2026-01-19T20:53:59.785+03:00  INFO 55687 --- [discovery-server] [a-EvictionTimer] c.n.e.registry.AbstractInstanceRegistry  : Running the evict task with compensationTime 9ms
2026-01-19T20:54:59.787+03:00  INFO 55687 --- [discovery-server] [a-EvictionTimer] c.n.e.registry.AbstractInstanceRegistry  : Running the evict task with compensationTime 2ms
2026-01-19T20:55:59.792+03:00  INFO 55687 --- [discovery-server] [a-EvictionTimer] c.n.e.registry.AbstractInstanceRegistry  : Running the evict task with compensationTime 4ms
2026-01-19T20:56:59.792+03:00  INFO 55687 --- [discovery-server] [a-EvictionTimer] c.n.e.registry.AbstractInstanceRegistry  : Running the evict task with compensationTime 0ms
2026-01-19T20:57:59.801+03:00  INFO 55687 --- [discovery-server] [a-EvictionTimer] c.n.e.registry.AbstractInstanceRegistry  : Running the evict task with compensationTime 9ms
2026-01-19T20:58:59.235+03:00  WARN 55687 --- [discovery-server] [eerNodesUpdater] c.n.eureka.cluster.PeerEurekaNodes       : The replica size seems to be empty. Check the route 53 DNS Registry
2026-01-19T20:58:59.804+03:00  INFO 55687 --- [discovery-server] [a-EvictionTimer] c.n.e.registry.AbstractInstanceRegistry  : Running the evict task with compensationTime 3ms
2026-01-19T20:59:59.807+03:00  INFO 55687 --- [discovery-server] [a-EvictionTimer] c.n.e.registry.AbstractInstanceRegistry  : Running the evict task with compensationTime 3ms
2026-01-19T21:00:59.811+03:00  INFO 55687 --- [discovery-server] [a-EvictionTimer] c.n.e.registry.AbstractInstanceRegistry  : Running the evict task with compensationTime 3ms
2026-01-19T21:01:59.813+03:00  INFO 55687 --- [discovery-server] [a-EvictionTimer] c.n.e.registry.AbstractInstanceRegistry  : Running the evict task with compensationTime 2ms
2026-01-19T21:02:59.816+03:00  INFO 55687 --- [discovery-server] [a-EvictionTimer] c.n.e.registry.AbstractInstanceRegistry  : Running the evict task with compensationTime 4ms
2026-01-19T21:03:59.178+03:00  INFO 55687 --- [discovery-server] [hresholdUpdater] c.n.e.r.PeerAwareInstanceRegistryImpl    : Current renewal threshold is : 17
2026-01-19T21:03:59.821+03:00  INFO 55687 --- [discovery-server] [a-EvictionTimer] c.n.e.registry.AbstractInstanceRegistry  : Running the evict task with compensationTime 5ms
2026-01-19T21:04:59.825+03:00  INFO 55687 --- [discovery-server] [a-EvictionTimer] c.n.e.registry.AbstractInstanceRegistry  : Running the evict task with compensationTime 3ms
2026-01-19T21:05:59.830+03:00  INFO 55687 --- [discovery-server] [a-EvictionTimer] c.n.e.registry.AbstractInstanceRegistry  : Running the evict task with compensationTime 5ms
2026-01-19T21:06:59.830+03:00  INFO 55687 --- [discovery-server] [a-EvictionTimer] c.n.e.registry.AbstractInstanceRegistry  : Running the evict task with compensationTime 1ms
2026-01-19T21:07:59.834+03:00  INFO 55687 --- [discovery-server] [a-EvictionTimer] c.n.e.registry.AbstractInstanceRegistry  : Running the evict task with compensationTime 4ms
2026-01-19T21:08:59.248+03:00  WARN 55687 --- [discovery-server] [eerNodesUpdater] c.n.eureka.cluster.PeerEurekaNodes       : The replica size seems to be empty. Check the route 53 DNS Registry
2026-01-19T21:08:59.836+03:00  INFO 55687 --- [discovery-server] [a-EvictionTimer] c.n.e.registry.AbstractInstanceRegistry  : Running the evict task with compensationTime 2ms
