[INFO] Scanning for projects...
[INFO] 
[INFO] ----------------< com.nightflow:event-catalog-service >-----------------
[INFO] Building event-catalog-service 0.0.1-SNAPSHOT
[INFO]   from pom.xml
[INFO] --------------------------------[ jar ]---------------------------------
[INFO] 
[INFO] >>> spring-boot:4.0.1:run (default-cli) > test-compile @ event-catalog-service >>>
[INFO] 
[INFO] --- resources:3.3.1:resources (default-resources) @ event-catalog-service ---
[INFO] Copying 1 resource from src/main/resources to target/classes
[INFO] Copying 0 resource from src/main/resources to target/classes
[INFO] 
[INFO] --- compiler:3.14.1:compile (default-compile) @ event-catalog-service ---
[INFO] Nothing to compile - all classes are up to date.
[INFO] 
[INFO] --- resources:3.3.1:testResources (default-testResources) @ event-catalog-service ---
[INFO] skip non existing resourceDirectory /Users/kaantopcu/Projects/NightFlow/event-catalog-service/src/test/resources
[INFO] 
[INFO] --- compiler:3.14.1:testCompile (default-testCompile) @ event-catalog-service ---
[INFO] Nothing to compile - all classes are up to date.
[INFO] 
[INFO] <<< spring-boot:4.0.1:run (default-cli) < test-compile @ event-catalog-service <<<
[INFO] 
[INFO] 
[INFO] --- spring-boot:4.0.1:run (default-cli) @ event-catalog-service ---
[INFO] Attaching agents: []

  .   ____          _            __ _ _
 /\\ / ___'_ __ _ _(_)_ __  __ _ \ \ \ \
( ( )\___ | '_ | '_| | '_ \/ _` | \ \ \ \
 \\/  ___)| |_)| | | | | || (_| |  ) ) ) )
  '  |____| .__|_| |_|_| |_\__, | / / / /
 =========|_|==============|___/=/_/_/_/

 :: Spring Boot ::                (v4.0.1)

2026-01-19T18:49:13.013+03:00  INFO 56933 --- [event-catalog-service] [           main] c.n.e.EventCatalogServiceApplication     : Starting EventCatalogServiceApplication using Java 25.0.1 with PID 56933 (/Users/kaantopcu/Projects/NightFlow/event-catalog-service/target/classes started by kaantopcu in /Users/kaantopcu/Projects/NightFlow/event-catalog-service)
2026-01-19T18:49:13.015+03:00 DEBUG 56933 --- [event-catalog-service] [           main] c.n.e.EventCatalogServiceApplication     : Running with Spring Boot v4.0.1, Spring v7.0.2
2026-01-19T18:49:13.016+03:00  INFO 56933 --- [event-catalog-service] [           main] c.n.e.EventCatalogServiceApplication     : The following 1 profile is active: "default"
2026-01-19T18:49:13.044+03:00  INFO 56933 --- [event-catalog-service] [           main] o.s.c.c.c.ConfigServerConfigDataLoader   : Fetching config from server at : http://localhost:8888
2026-01-19T18:49:13.044+03:00  INFO 56933 --- [event-catalog-service] [           main] o.s.c.c.c.ConfigServerConfigDataLoader   : Located environment: name=event-catalog-service, profiles=[default], label=null, version=null, state=null
2026-01-19T18:49:14.681+03:00  INFO 56933 --- [event-catalog-service] [           main] .s.d.r.c.RepositoryConfigurationDelegate : Multiple Spring Data modules found, entering strict repository configuration mode
2026-01-19T18:49:14.683+03:00  INFO 56933 --- [event-catalog-service] [           main] .s.d.r.c.RepositoryConfigurationDelegate : Bootstrapping Spring Data MongoDB repositories in DEFAULT mode.
2026-01-19T18:49:15.042+03:00  INFO 56933 --- [event-catalog-service] [           main] .s.d.r.c.RepositoryConfigurationDelegate : Finished Spring Data repository scanning in 351 ms. Found 1 MongoDB repository interface.
2026-01-19T18:49:15.053+03:00  INFO 56933 --- [event-catalog-service] [           main] .s.d.r.c.RepositoryConfigurationDelegate : Multiple Spring Data modules found, entering strict repository configuration mode
2026-01-19T18:49:15.054+03:00  INFO 56933 --- [event-catalog-service] [           main] .s.d.r.c.RepositoryConfigurationDelegate : Bootstrapping Spring Data Redis repositories in DEFAULT mode.
2026-01-19T18:49:15.063+03:00  INFO 56933 --- [event-catalog-service] [           main] .RepositoryConfigurationExtensionSupport : Spring Data Redis - Could not safely identify store assignment for repository candidate interface com.nightflow.eventcatalogservice.repository.EventRepository; If you want this repository to be a Redis repository, consider annotating your entities with one of these annotations: org.springframework.data.redis.core.RedisHash (preferred), or consider extending one of the following types with your repository: org.springframework.data.keyvalue.repository.KeyValueRepository
2026-01-19T18:49:15.063+03:00  INFO 56933 --- [event-catalog-service] [           main] .s.d.r.c.RepositoryConfigurationDelegate : Finished Spring Data repository scanning in 2 ms. Found 0 Redis repository interfaces.
2026-01-19T18:49:15.472+03:00  INFO 56933 --- [event-catalog-service] [           main] o.s.cloud.context.scope.GenericScope     : BeanFactory id=07d453c1-ab61-3501-9048-e9c57ede50e6
2026-01-19T18:49:15.954+03:00  INFO 56933 --- [event-catalog-service] [           main] o.s.boot.tomcat.TomcatWebServer          : Tomcat initialized with port 8092 (http)
2026-01-19T18:49:15.977+03:00  INFO 56933 --- [event-catalog-service] [           main] o.apache.catalina.core.StandardService   : Starting service [Tomcat]
2026-01-19T18:49:15.977+03:00  INFO 56933 --- [event-catalog-service] [           main] o.apache.catalina.core.StandardEngine    : Starting Servlet engine: [Apache Tomcat/11.0.15]
2026-01-19T18:49:16.030+03:00  INFO 56933 --- [event-catalog-service] [           main] b.w.c.s.WebApplicationContextInitializer : Root WebApplicationContext: initialization completed in 2984 ms
2026-01-19T18:49:16.412+03:00  INFO 56933 --- [event-catalog-service] [localhost:27017] org.mongodb.driver.cluster               : Monitor thread successfully connected to server with description ServerDescription{address=localhost:27017, type=STANDALONE, cryptd=false, state=CONNECTED, ok=true, minWireVersion=0, maxWireVersion=27, maxDocumentSize=16777216, logicalSessionTimeoutMinutes=30, roundTripTimeNanos=16023375, minRoundTripTimeNanos=0}
2026-01-19T18:49:16.440+03:00  INFO 56933 --- [event-catalog-service] [           main] org.mongodb.driver.client                : MongoClient with metadata {"driver": {"name": "mongo-java-driver|spring-boot|sync", "version": "5.6.2"}, "os": {"type": "Darwin", "name": "Mac OS X", "architecture": "aarch64", "version": "26.2"}, "platform": "Java/Homebrew/25.0.1"} created with settings MongoClientSettings{readPreference=primary, writeConcern=WriteConcern{w=null, wTimeout=null ms, journal=null}, retryWrites=true, retryReads=true, readConcern=ReadConcern{level=null}, credential=null, transportSettings=null, commandListeners=[io.micrometer.core.instrument.binder.mongodb.MongoMetricsCommandListener@17ebbf1e], codecRegistry=ProvidersCodecRegistry{codecProviders=[ValueCodecProvider{}, BsonValueCodecProvider{}, DBRefCodecProvider{}, DBObjectCodecProvider{}, DocumentCodecProvider{}, CollectionCodecProvider{}, IterableCodecProvider{}, MapCodecProvider{}, GeoJsonCodecProvider{}, GridFSFileCodecProvider{}, Jsr310CodecProvider{}, JsonObjectCodecProvider{}, BsonCodecProvider{}, com.mongodb.client.model.mql.ExpressionCodecProvider@5c65fa69, com.mongodb.Jep395RecordCodecProvider@38d308e7, com.mongodb.KotlinCodecProvider@6b6f73d, EnumCodecProvider{}]}, loggerSettings=LoggerSettings{maxDocumentLength=1000}, clusterSettings={hosts=[localhost:27017], srvServiceName=mongodb, mode=SINGLE, requiredClusterType=UNKNOWN, requiredReplicaSetName='null', serverSelector='null', clusterListeners='[]', serverSelectionTimeout='30000 ms', localThreshold='15 ms'}, socketSettings=SocketSettings{connectTimeoutMS=10000, readTimeoutMS=0, receiveBufferSize=0, proxySettings=ProxySettings{host=null, port=null, username=null, password=null}}, heartbeatSocketSettings=SocketSettings{connectTimeoutMS=10000, readTimeoutMS=10000, receiveBufferSize=0, proxySettings=ProxySettings{host=null, port=null, username=null, password=null}}, connectionPoolSettings=ConnectionPoolSettings{maxSize=100, minSize=0, maxWaitTimeMS=120000, maxConnectionLifeTimeMS=0, maxConnectionIdleTimeMS=0, maintenanceInitialDelayMS=0, maintenanceFrequencyMS=60000, connectionPoolListeners=[io.micrometer.core.instrument.binder.mongodb.MongoMetricsConnectionPoolListener@4c6fabba], maxConnecting=2}, serverSettings=ServerSettings{heartbeatFrequencyMS=10000, minHeartbeatFrequencyMS=500, serverMonitoringMode=AUTO, serverListeners='[]', serverMonitorListeners='[]'}, sslSettings=SslSettings{enabled=false, invalidHostNameAllowed=false, context=null}, applicationName='null', compressorList=[], uuidRepresentation=UNSPECIFIED, serverApi=null, autoEncryptionSettings=null, dnsClient=null, inetAddressResolver=null, contextProvider=null, timeoutMS=null}
2026-01-19T18:49:16.820+03:00  WARN 56933 --- [event-catalog-service] [           main] i.n.r.d.DnsServerAddressStreamProviders  : Can not find io.netty.resolver.dns.macos.MacOSDnsServerAddressStreamProvider in the classpath, fallback to system defaults. This may result in incorrect DNS resolutions on MacOS. Check whether you have a dependency on 'io.netty:netty-resolver-dns-native-macos'
2026-01-19T18:49:17.715+03:00  INFO 56933 --- [event-catalog-service] [           main] DiscoveryClientOptionalArgsConfiguration : Eureka HTTP Client uses RestClient.
2026-01-19T18:49:17.747+03:00  WARN 56933 --- [event-catalog-service] [           main] iguration$LoadBalancerCaffeineWarnLogger : Spring Cloud LoadBalancer is currently working with the default cache. While this cache implementation is useful for development and tests, it's recommended to use Caffeine cache in production.You can switch to using Caffeine cache, by adding it and org.springframework.cache.caffeine.CaffeineCacheManager to the classpath.
2026-01-19T18:49:17.753+03:00  INFO 56933 --- [event-catalog-service] [           main] o.s.b.a.e.web.EndpointLinksResolver      : Exposing 2 endpoints beneath base path '/actuator'
2026-01-19T18:49:17.797+03:00  INFO 56933 --- [event-catalog-service] [           main] o.s.c.n.eureka.InstanceInfoFactory       : Setting initial instance status as: STARTING
2026-01-19T18:49:17.819+03:00  INFO 56933 --- [event-catalog-service] [           main] com.netflix.discovery.DiscoveryClient    : Initializing Eureka in region us-east-1
2026-01-19T18:49:17.820+03:00  INFO 56933 --- [event-catalog-service] [           main] c.n.d.s.r.aws.ConfigClusterResolver      : Resolving eureka endpoints via configuration
2026-01-19T18:49:17.824+03:00  INFO 56933 --- [event-catalog-service] [           main] com.netflix.discovery.DiscoveryClient    : Disable delta property : false
2026-01-19T18:49:17.824+03:00  INFO 56933 --- [event-catalog-service] [           main] com.netflix.discovery.DiscoveryClient    : Single vip registry refresh property : null
2026-01-19T18:49:17.824+03:00  INFO 56933 --- [event-catalog-service] [           main] com.netflix.discovery.DiscoveryClient    : Force full registry fetch : false
2026-01-19T18:49:17.824+03:00  INFO 56933 --- [event-catalog-service] [           main] com.netflix.discovery.DiscoveryClient    : Application is null : false
2026-01-19T18:49:17.824+03:00  INFO 56933 --- [event-catalog-service] [           main] com.netflix.discovery.DiscoveryClient    : Registered Applications size is zero : true
2026-01-19T18:49:17.824+03:00  INFO 56933 --- [event-catalog-service] [           main] com.netflix.discovery.DiscoveryClient    : Application version is -1: true
2026-01-19T18:49:17.824+03:00  INFO 56933 --- [event-catalog-service] [           main] com.netflix.discovery.DiscoveryClient    : Getting all instance registry info from the eureka server
2026-01-19T18:49:18.022+03:00  INFO 56933 --- [event-catalog-service] [           main] com.netflix.discovery.DiscoveryClient    : The response status is 200
2026-01-19T18:49:18.024+03:00  INFO 56933 --- [event-catalog-service] [           main] com.netflix.discovery.DiscoveryClient    : Starting heartbeat executor: renew interval is: 30
2026-01-19T18:49:18.026+03:00  INFO 56933 --- [event-catalog-service] [           main] c.n.discovery.InstanceInfoReplicator     : InstanceInfoReplicator onDemand update allowed rate per min is 4
2026-01-19T18:49:18.027+03:00  INFO 56933 --- [event-catalog-service] [           main] com.netflix.discovery.DiscoveryClient    : Discovery Client initialized at timestamp 1768837758027 with initial instances count: 0
2026-01-19T18:49:18.031+03:00  INFO 56933 --- [event-catalog-service] [           main] o.s.c.n.e.s.EurekaServiceRegistry        : Registering application EVENT-CATALOG-SERVICE with eureka with status UP
2026-01-19T18:49:18.031+03:00  INFO 56933 --- [event-catalog-service] [           main] com.netflix.discovery.DiscoveryClient    : Saw local status change event StatusChangeEvent [timestamp=1768837758031, current=UP, previous=STARTING]
2026-01-19T18:49:18.033+03:00  INFO 56933 --- [event-catalog-service] [foReplicator-%d] com.netflix.discovery.DiscoveryClient    : DiscoveryClient_EVENT-CATALOG-SERVICE/kaan-mac-mini.local:event-catalog-service:8092: registering service...
2026-01-19T18:49:18.066+03:00  INFO 56933 --- [event-catalog-service] [           main] o.s.boot.tomcat.TomcatWebServer          : Tomcat started on port 8092 (http) with context path '/'
2026-01-19T18:49:18.067+03:00  INFO 56933 --- [event-catalog-service] [           main] .s.c.n.e.s.EurekaAutoServiceRegistration : Updating port to 8092
2026-01-19T18:49:18.083+03:00  INFO 56933 --- [event-catalog-service] [           main] c.n.e.EventCatalogServiceApplication     : Started EventCatalogServiceApplication in 6.959 seconds (process running for 7.736)
2026-01-19T18:49:18.083+03:00  INFO 56933 --- [event-catalog-service] [foReplicator-%d] com.netflix.discovery.DiscoveryClient    : DiscoveryClient_EVENT-CATALOG-SERVICE/kaan-mac-mini.local:event-catalog-service:8092 - registration status: 204
2026-01-19T18:49:48.035+03:00  INFO 56933 --- [event-catalog-service] [reshExecutor-%d] com.netflix.discovery.DiscoveryClient    : Disable delta property : false
2026-01-19T18:49:48.039+03:00  INFO 56933 --- [event-catalog-service] [reshExecutor-%d] com.netflix.discovery.DiscoveryClient    : Single vip registry refresh property : null
2026-01-19T18:49:48.039+03:00  INFO 56933 --- [event-catalog-service] [reshExecutor-%d] com.netflix.discovery.DiscoveryClient    : Force full registry fetch : false
2026-01-19T18:49:48.039+03:00  INFO 56933 --- [event-catalog-service] [reshExecutor-%d] com.netflix.discovery.DiscoveryClient    : Application is null : false
2026-01-19T18:49:48.039+03:00  INFO 56933 --- [event-catalog-service] [reshExecutor-%d] com.netflix.discovery.DiscoveryClient    : Registered Applications size is zero : true
2026-01-19T18:49:48.039+03:00  INFO 56933 --- [event-catalog-service] [reshExecutor-%d] com.netflix.discovery.DiscoveryClient    : Application version is -1: false
2026-01-19T18:49:48.039+03:00  INFO 56933 --- [event-catalog-service] [reshExecutor-%d] com.netflix.discovery.DiscoveryClient    : Getting all instance registry info from the eureka server
2026-01-19T18:49:48.081+03:00  INFO 56933 --- [event-catalog-service] [reshExecutor-%d] com.netflix.discovery.DiscoveryClient    : The response status is 200
2026-01-19T18:54:17.829+03:00  INFO 56933 --- [event-catalog-service] [rap-executor-%d] c.n.d.s.r.aws.ConfigClusterResolver      : Resolving eureka endpoints via configuration
2026-01-19T18:59:17.838+03:00  INFO 56933 --- [event-catalog-service] [rap-executor-%d] c.n.d.s.r.aws.ConfigClusterResolver      : Resolving eureka endpoints via configuration
2026-01-19T19:04:17.844+03:00  INFO 56933 --- [event-catalog-service] [rap-executor-%d] c.n.d.s.r.aws.ConfigClusterResolver      : Resolving eureka endpoints via configuration
2026-01-19T19:09:17.851+03:00  INFO 56933 --- [event-catalog-service] [rap-executor-%d] c.n.d.s.r.aws.ConfigClusterResolver      : Resolving eureka endpoints via configuration
2026-01-19T19:14:17.855+03:00  INFO 56933 --- [event-catalog-service] [rap-executor-%d] c.n.d.s.r.aws.ConfigClusterResolver      : Resolving eureka endpoints via configuration
2026-01-19T19:19:17.861+03:00  INFO 56933 --- [event-catalog-service] [rap-executor-%d] c.n.d.s.r.aws.ConfigClusterResolver      : Resolving eureka endpoints via configuration
2026-01-19T19:24:17.868+03:00  INFO 56933 --- [event-catalog-service] [rap-executor-%d] c.n.d.s.r.aws.ConfigClusterResolver      : Resolving eureka endpoints via configuration
2026-01-19T19:29:17.874+03:00  INFO 56933 --- [event-catalog-service] [rap-executor-%d] c.n.d.s.r.aws.ConfigClusterResolver      : Resolving eureka endpoints via configuration
2026-01-19T19:34:17.879+03:00  INFO 56933 --- [event-catalog-service] [rap-executor-%d] c.n.d.s.r.aws.ConfigClusterResolver      : Resolving eureka endpoints via configuration
2026-01-19T19:39:17.888+03:00  INFO 56933 --- [event-catalog-service] [rap-executor-%d] c.n.d.s.r.aws.ConfigClusterResolver      : Resolving eureka endpoints via configuration
2026-01-19T19:44:17.897+03:00  INFO 56933 --- [event-catalog-service] [rap-executor-%d] c.n.d.s.r.aws.ConfigClusterResolver      : Resolving eureka endpoints via configuration
2026-01-19T19:49:17.902+03:00  INFO 56933 --- [event-catalog-service] [rap-executor-%d] c.n.d.s.r.aws.ConfigClusterResolver      : Resolving eureka endpoints via configuration
2026-01-19T19:54:17.909+03:00  INFO 56933 --- [event-catalog-service] [rap-executor-%d] c.n.d.s.r.aws.ConfigClusterResolver      : Resolving eureka endpoints via configuration
2026-01-19T19:59:17.921+03:00  INFO 56933 --- [event-catalog-service] [rap-executor-%d] c.n.d.s.r.aws.ConfigClusterResolver      : Resolving eureka endpoints via configuration
2026-01-19T20:04:17.931+03:00  INFO 56933 --- [event-catalog-service] [rap-executor-%d] c.n.d.s.r.aws.ConfigClusterResolver      : Resolving eureka endpoints via configuration
2026-01-19T20:09:17.951+03:00  INFO 56933 --- [event-catalog-service] [rap-executor-%d] c.n.d.s.r.aws.ConfigClusterResolver      : Resolving eureka endpoints via configuration
2026-01-19T20:14:17.970+03:00  INFO 56933 --- [event-catalog-service] [rap-executor-%d] c.n.d.s.r.aws.ConfigClusterResolver      : Resolving eureka endpoints via configuration
2026-01-19T20:19:17.977+03:00  INFO 56933 --- [event-catalog-service] [rap-executor-%d] c.n.d.s.r.aws.ConfigClusterResolver      : Resolving eureka endpoints via configuration
2026-01-19T20:24:18.009+03:00  INFO 56933 --- [event-catalog-service] [rap-executor-%d] c.n.d.s.r.aws.ConfigClusterResolver      : Resolving eureka endpoints via configuration
2026-01-19T20:29:18.025+03:00  INFO 56933 --- [event-catalog-service] [rap-executor-%d] c.n.d.s.r.aws.ConfigClusterResolver      : Resolving eureka endpoints via configuration
2026-01-19T20:34:18.033+03:00  INFO 56933 --- [event-catalog-service] [rap-executor-%d] c.n.d.s.r.aws.ConfigClusterResolver      : Resolving eureka endpoints via configuration
2026-01-19T20:39:18.038+03:00  INFO 56933 --- [event-catalog-service] [rap-executor-%d] c.n.d.s.r.aws.ConfigClusterResolver      : Resolving eureka endpoints via configuration
2026-01-19T20:44:18.046+03:00  INFO 56933 --- [event-catalog-service] [rap-executor-%d] c.n.d.s.r.aws.ConfigClusterResolver      : Resolving eureka endpoints via configuration
2026-01-19T20:49:18.058+03:00  INFO 56933 --- [event-catalog-service] [rap-executor-%d] c.n.d.s.r.aws.ConfigClusterResolver      : Resolving eureka endpoints via configuration
2026-01-19T20:54:18.069+03:00  INFO 56933 --- [event-catalog-service] [rap-executor-%d] c.n.d.s.r.aws.ConfigClusterResolver      : Resolving eureka endpoints via configuration
2026-01-19T20:59:18.082+03:00  INFO 56933 --- [event-catalog-service] [rap-executor-%d] c.n.d.s.r.aws.ConfigClusterResolver      : Resolving eureka endpoints via configuration
2026-01-19T21:04:18.096+03:00  INFO 56933 --- [event-catalog-service] [rap-executor-%d] c.n.d.s.r.aws.ConfigClusterResolver      : Resolving eureka endpoints via configuration
2026-01-19T21:09:18.104+03:00  INFO 56933 --- [event-catalog-service] [rap-executor-%d] c.n.d.s.r.aws.ConfigClusterResolver      : Resolving eureka endpoints via configuration
