[INFO] Scanning for projects...
[INFO] 
[INFO] ----------------< com.nightflow:shopping-cart-service >-----------------
[INFO] Building shopping-cart-service 0.0.1-SNAPSHOT
[INFO]   from pom.xml
[INFO] --------------------------------[ jar ]---------------------------------
[INFO] 
[INFO] >>> spring-boot:4.0.1:run (default-cli) > test-compile @ shopping-cart-service >>>
[INFO] 
[INFO] --- resources:3.3.1:resources (default-resources) @ shopping-cart-service ---
[INFO] Copying 1 resource from src/main/resources to target/classes
[INFO] Copying 0 resource from src/main/resources to target/classes
[INFO] 
[INFO] --- compiler:3.14.1:compile (default-compile) @ shopping-cart-service ---
[INFO] Recompiling the module because of changed source code.
[INFO] Compiling 11 source files with javac [debug parameters release 25] to target/classes
WARNING: A terminally deprecated method in sun.misc.Unsafe has been called
WARNING: sun.misc.Unsafe::objectFieldOffset has been called by lombok.permit.Permit
WARNING: Please consider reporting this to the maintainers of class lombok.permit.Permit
WARNING: sun.misc.Unsafe::objectFieldOffset will be removed in a future release
[WARNING] /Users/kaantopcu/Projects/NightFlow/shopping-cart-service/src/main/java/com/nightflow/shoppingcartservice/config/RedisConfig.java:[23,41] org.springframework.data.redis.serializer.GenericJackson2JsonRedisSerializer in org.springframework.data.redis.serializer has been deprecated and marked for removal
[WARNING] /Users/kaantopcu/Projects/NightFlow/shopping-cart-service/src/main/java/com/nightflow/shoppingcartservice/config/RedisConfig.java:[26,45] org.springframework.data.redis.serializer.GenericJackson2JsonRedisSerializer in org.springframework.data.redis.serializer has been deprecated and marked for removal
[INFO] 
[INFO] --- resources:3.3.1:testResources (default-testResources) @ shopping-cart-service ---
[INFO] skip non existing resourceDirectory /Users/kaantopcu/Projects/NightFlow/shopping-cart-service/src/test/resources
[INFO] 
[INFO] --- compiler:3.14.1:testCompile (default-testCompile) @ shopping-cart-service ---
[INFO] Recompiling the module because of changed dependency.
[INFO] Compiling 1 source file with javac [debug parameters release 25] to target/test-classes
[INFO] 
[INFO] <<< spring-boot:4.0.1:run (default-cli) < test-compile @ shopping-cart-service <<<
[INFO] 
[INFO] 
[INFO] --- spring-boot:4.0.1:run (default-cli) @ shopping-cart-service ---
[INFO] Attaching agents: []

  .   ____          _            __ _ _
 /\\ / ___'_ __ _ _(_)_ __  __ _ \ \ \ \
( ( )\___ | '_ | '_| | '_ \/ _` | \ \ \ \
 \\/  ___)| |_)| | | | | || (_| |  ) ) ) )
  '  |____| .__|_| |_|_| |_\__, | / / / /
 =========|_|==============|___/=/_/_/_/

 :: Spring Boot ::                (v4.0.1)

2026-01-19T18:51:30.162+03:00  INFO 59012 --- [shopping-cart-service] [           main] c.n.s.ShoppingCartServiceApplication     : Starting ShoppingCartServiceApplication using Java 25.0.1 with PID 59012 (/Users/kaantopcu/Projects/NightFlow/shopping-cart-service/target/classes started by kaantopcu in /Users/kaantopcu/Projects/NightFlow/shopping-cart-service)
2026-01-19T18:51:30.163+03:00  INFO 59012 --- [shopping-cart-service] [           main] c.n.s.ShoppingCartServiceApplication     : No active profile set, falling back to 1 default profile: "default"
2026-01-19T18:51:30.179+03:00  INFO 59012 --- [shopping-cart-service] [           main] o.s.c.c.c.ConfigServerConfigDataLoader   : Fetching config from server at : http://localhost:8888
2026-01-19T18:51:30.179+03:00  INFO 59012 --- [shopping-cart-service] [           main] o.s.c.c.c.ConfigServerConfigDataLoader   : Located environment: name=shopping-cart-service, profiles=[default], label=null, version=null, state=null
2026-01-19T18:51:30.405+03:00 DEBUG 59012 --- [shopping-cart-service] [           main] o.s.c.openfeign.FeignClientsRegistrar$1  : Identified candidate component class: file [/Users/kaantopcu/Projects/NightFlow/shopping-cart-service/target/classes/com/nightflow/shoppingcartservice/client/TicketServiceClient.class]
2026-01-19T18:51:30.505+03:00  INFO 59012 --- [shopping-cart-service] [           main] .s.d.r.c.RepositoryConfigurationDelegate : Multiple Spring Data modules found, entering strict repository configuration mode
2026-01-19T18:51:30.506+03:00  INFO 59012 --- [shopping-cart-service] [           main] .s.d.r.c.RepositoryConfigurationDelegate : Bootstrapping Spring Data Redis repositories in DEFAULT mode.
2026-01-19T18:51:30.516+03:00  INFO 59012 --- [shopping-cart-service] [           main] .s.d.r.c.RepositoryConfigurationDelegate : Finished Spring Data repository scanning in 5 ms. Found 0 Redis repository interfaces.
2026-01-19T18:51:30.597+03:00  INFO 59012 --- [shopping-cart-service] [           main] o.s.cloud.context.scope.GenericScope     : BeanFactory id=ce11f35b-6982-3c5a-8a46-35e3319c1548
2026-01-19T18:51:30.697+03:00  INFO 59012 --- [shopping-cart-service] [           main] o.s.boot.tomcat.TomcatWebServer          : Tomcat initialized with port 8094 (http)
2026-01-19T18:51:30.702+03:00  INFO 59012 --- [shopping-cart-service] [           main] o.apache.catalina.core.StandardService   : Starting service [Tomcat]
2026-01-19T18:51:30.702+03:00  INFO 59012 --- [shopping-cart-service] [           main] o.apache.catalina.core.StandardEngine    : Starting Servlet engine: [Apache Tomcat/11.0.15]
2026-01-19T18:51:30.723+03:00  INFO 59012 --- [shopping-cart-service] [           main] b.w.c.s.WebApplicationContextInitializer : Root WebApplicationContext: initialization completed in 542 ms
2026-01-19T18:51:30.774+03:00  WARN 59012 --- [shopping-cart-service] [           main] i.n.r.d.DnsServerAddressStreamProviders  : Can not find io.netty.resolver.dns.macos.MacOSDnsServerAddressStreamProvider in the classpath, fallback to system defaults. This may result in incorrect DNS resolutions on MacOS. Check whether you have a dependency on 'io.netty:netty-resolver-dns-native-macos'
2026-01-19T18:51:30.885+03:00 DEBUG 59012 --- [shopping-cart-service] [           main] o.s.c.openfeign.FeignClientFactoryBean   : Creating a FeignClientFactoryBean.
2026-01-19T18:51:30.970+03:00  INFO 59012 --- [shopping-cart-service] [           main] o.s.c.openfeign.FeignClientFactoryBean   : For 'ticket-service' URL not provided. Will try picking an instance via load-balancing.
2026-01-19T18:51:31.148+03:00  INFO 59012 --- [shopping-cart-service] [           main] DiscoveryClientOptionalArgsConfiguration : Eureka HTTP Client uses RestClient.
2026-01-19T18:51:31.155+03:00  WARN 59012 --- [shopping-cart-service] [           main] iguration$LoadBalancerCaffeineWarnLogger : Spring Cloud LoadBalancer is currently working with the default cache. While this cache implementation is useful for development and tests, it's recommended to use Caffeine cache in production.You can switch to using Caffeine cache, by adding it and org.springframework.cache.caffeine.CaffeineCacheManager to the classpath.
2026-01-19T18:51:31.166+03:00  INFO 59012 --- [shopping-cart-service] [           main] o.s.c.n.eureka.InstanceInfoFactory       : Setting initial instance status as: STARTING
2026-01-19T18:51:31.174+03:00  INFO 59012 --- [shopping-cart-service] [           main] com.netflix.discovery.DiscoveryClient    : Initializing Eureka in region us-east-1
2026-01-19T18:51:31.175+03:00  INFO 59012 --- [shopping-cart-service] [           main] c.n.d.s.r.aws.ConfigClusterResolver      : Resolving eureka endpoints via configuration
2026-01-19T18:51:31.178+03:00  INFO 59012 --- [shopping-cart-service] [           main] com.netflix.discovery.DiscoveryClient    : Disable delta property : false
2026-01-19T18:51:31.178+03:00  INFO 59012 --- [shopping-cart-service] [           main] com.netflix.discovery.DiscoveryClient    : Single vip registry refresh property : null
2026-01-19T18:51:31.178+03:00  INFO 59012 --- [shopping-cart-service] [           main] com.netflix.discovery.DiscoveryClient    : Force full registry fetch : false
2026-01-19T18:51:31.178+03:00  INFO 59012 --- [shopping-cart-service] [           main] com.netflix.discovery.DiscoveryClient    : Application is null : false
2026-01-19T18:51:31.178+03:00  INFO 59012 --- [shopping-cart-service] [           main] com.netflix.discovery.DiscoveryClient    : Registered Applications size is zero : true
2026-01-19T18:51:31.178+03:00  INFO 59012 --- [shopping-cart-service] [           main] com.netflix.discovery.DiscoveryClient    : Application version is -1: true
2026-01-19T18:51:31.178+03:00  INFO 59012 --- [shopping-cart-service] [           main] com.netflix.discovery.DiscoveryClient    : Getting all instance registry info from the eureka server
2026-01-19T18:51:31.272+03:00  INFO 59012 --- [shopping-cart-service] [           main] com.netflix.discovery.DiscoveryClient    : The response status is 200
2026-01-19T18:51:31.272+03:00  INFO 59012 --- [shopping-cart-service] [           main] com.netflix.discovery.DiscoveryClient    : Starting heartbeat executor: renew interval is: 30
2026-01-19T18:51:31.273+03:00  INFO 59012 --- [shopping-cart-service] [           main] c.n.discovery.InstanceInfoReplicator     : InstanceInfoReplicator onDemand update allowed rate per min is 4
2026-01-19T18:51:31.273+03:00  INFO 59012 --- [shopping-cart-service] [           main] com.netflix.discovery.DiscoveryClient    : Discovery Client initialized at timestamp 1768837891273 with initial instances count: 8
2026-01-19T18:51:31.274+03:00  INFO 59012 --- [shopping-cart-service] [           main] o.s.c.n.e.s.EurekaServiceRegistry        : Registering application SHOPPING-CART-SERVICE with eureka with status UP
2026-01-19T18:51:31.275+03:00  INFO 59012 --- [shopping-cart-service] [           main] com.netflix.discovery.DiscoveryClient    : Saw local status change event StatusChangeEvent [timestamp=1768837891275, current=UP, previous=STARTING]
2026-01-19T18:51:31.275+03:00  INFO 59012 --- [shopping-cart-service] [foReplicator-%d] com.netflix.discovery.DiscoveryClient    : DiscoveryClient_SHOPPING-CART-SERVICE/kaan-mac-mini.local:shopping-cart-service:8094: registering service...
2026-01-19T18:51:31.281+03:00  INFO 59012 --- [shopping-cart-service] [           main] o.s.boot.tomcat.TomcatWebServer          : Tomcat started on port 8094 (http) with context path '/'
2026-01-19T18:51:31.281+03:00  INFO 59012 --- [shopping-cart-service] [           main] .s.c.n.e.s.EurekaAutoServiceRegistration : Updating port to 8094
2026-01-19T18:51:31.288+03:00  INFO 59012 --- [shopping-cart-service] [           main] c.n.s.ShoppingCartServiceApplication     : Started ShoppingCartServiceApplication in 1.529 seconds (process running for 1.908)
2026-01-19T18:51:31.289+03:00  INFO 59012 --- [shopping-cart-service] [foReplicator-%d] com.netflix.discovery.DiscoveryClient    : DiscoveryClient_SHOPPING-CART-SERVICE/kaan-mac-mini.local:shopping-cart-service:8094 - registration status: 204
2026-01-19T18:52:24.031+03:00  INFO 59012 --- [shopping-cart-service] [nio-8094-exec-1] o.a.c.c.C.[Tomcat].[localhost].[/]       : Initializing Spring DispatcherServlet 'dispatcherServlet'
2026-01-19T18:52:24.031+03:00  INFO 59012 --- [shopping-cart-service] [nio-8094-exec-1] o.s.web.servlet.DispatcherServlet        : Initializing Servlet 'dispatcherServlet'
2026-01-19T18:52:24.036+03:00  INFO 59012 --- [shopping-cart-service] [nio-8094-exec-1] o.s.web.servlet.DispatcherServlet        : Completed initialization in 5 ms
2026-01-19T18:52:24.285+03:00 ERROR 59012 --- [shopping-cart-service] [nio-8094-exec-2] c.n.s.exception.GlobalExceptionHandler   : Unhandled exception caught: 

org.springframework.web.servlet.resource.NoResourceFoundException: No static resource cart/11/items for request '/cart/11/items'.
	at org.springframework.web.servlet.resource.ResourceHttpRequestHandler.handleRequest(ResourceHttpRequestHandler.java:527) ~[spring-webmvc-7.0.2.jar:7.0.2]
	at org.springframework.web.servlet.mvc.HttpRequestHandlerAdapter.handle(HttpRequestHandlerAdapter.java:50) ~[spring-webmvc-7.0.2.jar:7.0.2]
	at org.springframework.web.servlet.DispatcherServlet.doDispatch(DispatcherServlet.java:963) ~[spring-webmvc-7.0.2.jar:7.0.2]
	at org.springframework.web.servlet.DispatcherServlet.doService(DispatcherServlet.java:866) ~[spring-webmvc-7.0.2.jar:7.0.2]
	at org.springframework.web.servlet.FrameworkServlet.processRequest(FrameworkServlet.java:1003) ~[spring-webmvc-7.0.2.jar:7.0.2]
	at org.springframework.web.servlet.FrameworkServlet.doPost(FrameworkServlet.java:903) ~[spring-webmvc-7.0.2.jar:7.0.2]
	at jakarta.servlet.http.HttpServlet.service(HttpServlet.java:649) ~[tomcat-embed-core-11.0.15.jar:6.1]
	at org.springframework.web.servlet.FrameworkServlet.service(FrameworkServlet.java:874) ~[spring-webmvc-7.0.2.jar:7.0.2]
	at jakarta.servlet.http.HttpServlet.service(HttpServlet.java:710) ~[tomcat-embed-core-11.0.15.jar:6.1]
	at org.apache.catalina.core.ApplicationFilterChain.doFilter(ApplicationFilterChain.java:128) ~[tomcat-embed-core-11.0.15.jar:11.0.15]
	at org.apache.tomcat.websocket.server.WsFilter.doFilter(WsFilter.java:53) ~[tomcat-embed-websocket-11.0.15.jar:11.0.15]
	at org.apache.catalina.core.ApplicationFilterChain.doFilter(ApplicationFilterChain.java:107) ~[tomcat-embed-core-11.0.15.jar:11.0.15]
	at org.springframework.web.filter.RequestContextFilter.doFilterInternal(RequestContextFilter.java:100) ~[spring-web-7.0.2.jar:7.0.2]
	at org.springframework.web.filter.OncePerRequestFilter.doFilter(OncePerRequestFilter.java:116) ~[spring-web-7.0.2.jar:7.0.2]
	at org.apache.catalina.core.ApplicationFilterChain.doFilter(ApplicationFilterChain.java:107) ~[tomcat-embed-core-11.0.15.jar:11.0.15]
	at org.springframework.web.filter.FormContentFilter.doFilterInternal(FormContentFilter.java:93) ~[spring-web-7.0.2.jar:7.0.2]
	at org.springframework.web.filter.OncePerRequestFilter.doFilter(OncePerRequestFilter.java:116) ~[spring-web-7.0.2.jar:7.0.2]
	at org.apache.catalina.core.ApplicationFilterChain.doFilter(ApplicationFilterChain.java:107) ~[tomcat-embed-core-11.0.15.jar:11.0.15]
	at org.springframework.web.filter.CharacterEncodingFilter.doFilterInternal(CharacterEncodingFilter.java:199) ~[spring-web-7.0.2.jar:7.0.2]
	at org.springframework.web.filter.OncePerRequestFilter.doFilter(OncePerRequestFilter.java:116) ~[spring-web-7.0.2.jar:7.0.2]
	at org.apache.catalina.core.ApplicationFilterChain.doFilter(ApplicationFilterChain.java:107) ~[tomcat-embed-core-11.0.15.jar:11.0.15]
	at org.apache.catalina.core.StandardWrapperValve.invoke(StandardWrapperValve.java:165) ~[tomcat-embed-core-11.0.15.jar:11.0.15]
	at org.apache.catalina.core.StandardContextValve.invoke(StandardContextValve.java:77) ~[tomcat-embed-core-11.0.15.jar:11.0.15]
	at org.apache.catalina.authenticator.AuthenticatorBase.invoke(AuthenticatorBase.java:482) ~[tomcat-embed-core-11.0.15.jar:11.0.15]
	at org.apache.catalina.core.StandardHostValve.invoke(StandardHostValve.java:113) ~[tomcat-embed-core-11.0.15.jar:11.0.15]
	at org.apache.catalina.valves.ErrorReportValve.invoke(ErrorReportValve.java:83) ~[tomcat-embed-core-11.0.15.jar:11.0.15]
	at org.apache.catalina.core.StandardEngineValve.invoke(StandardEngineValve.java:72) ~[tomcat-embed-core-11.0.15.jar:11.0.15]
	at org.apache.catalina.connector.CoyoteAdapter.service(CoyoteAdapter.java:341) ~[tomcat-embed-core-11.0.15.jar:11.0.15]
	at org.apache.coyote.http11.Http11Processor.service(Http11Processor.java:397) ~[tomcat-embed-core-11.0.15.jar:11.0.15]
	at org.apache.coyote.AbstractProcessorLight.process(AbstractProcessorLight.java:63) ~[tomcat-embed-core-11.0.15.jar:11.0.15]
	at org.apache.coyote.AbstractProtocol$ConnectionHandler.process(AbstractProtocol.java:903) ~[tomcat-embed-core-11.0.15.jar:11.0.15]
	at org.apache.tomcat.util.net.NioEndpoint$SocketProcessor.doRun(NioEndpoint.java:1778) ~[tomcat-embed-core-11.0.15.jar:11.0.15]
	at org.apache.tomcat.util.net.SocketProcessorBase.run(SocketProcessorBase.java:52) ~[tomcat-embed-core-11.0.15.jar:11.0.15]
	at org.apache.tomcat.util.threads.ThreadPoolExecutor.runWorker(ThreadPoolExecutor.java:946) ~[tomcat-embed-core-11.0.15.jar:11.0.15]
	at org.apache.tomcat.util.threads.ThreadPoolExecutor$Worker.run(ThreadPoolExecutor.java:480) ~[tomcat-embed-core-11.0.15.jar:11.0.15]
	at org.apache.tomcat.util.threads.TaskThread$WrappingRunnable.run(TaskThread.java:57) ~[tomcat-embed-core-11.0.15.jar:11.0.15]
	at java.base/java.lang.Thread.run(Thread.java:1474) ~[na:na]

2026-01-19T18:53:21.454+03:00  INFO 59012 --- [shopping-cart-service] [nio-8094-exec-5] c.n.s.service.CartService                : Adding to cart: AddToCartRequest(sessionId=12, eventId=1, eventName=Test Event, categoryId=1, categoryName=General Admission, price=100.00, quantity=2)
2026-01-19T18:53:21.460+03:00 DEBUG 59012 --- [shopping-cart-service] [nio-8094-exec-5] o.s.c.openfeign.support.SpringEncoder    : Writing [ReservationRequest(categoryId=1, quantity=2, sessionId=2e4a3b18-01ef-4404-9dfe-a01e51b0c838)] using [org.springframework.http.converter.json.JacksonJsonHttpMessageConverter@6022fdd2]
2026-01-19T18:54:35.586+03:00  INFO 59012 --- [shopping-cart-service] [nio-8094-exec-9] c.n.s.service.CartService                : Adding to cart: AddToCartRequest(sessionId=13, eventId=1, eventName=Test Event, categoryId=1, categoryName=General Admission, price=100.00, quantity=2)
2026-01-19T18:54:35.586+03:00 DEBUG 59012 --- [shopping-cart-service] [nio-8094-exec-9] o.s.c.openfeign.support.SpringEncoder    : Writing [ReservationRequest(categoryId=1, quantity=2, sessionId=222726b2-3929-4f61-bdc1-8ccdcdde9aea)] using [org.springframework.http.converter.json.JacksonJsonHttpMessageConverter@6022fdd2]
2026-01-19T18:55:32.726+03:00  INFO 59012 --- [shopping-cart-service] [nio-8094-exec-4] c.n.s.service.CartService                : Adding to cart: AddToCartRequest(sessionId=14, eventId=1, eventName=Test Event, categoryId=1, categoryName=General Admission, price=100.00, quantity=2)
2026-01-19T18:55:32.727+03:00 DEBUG 59012 --- [shopping-cart-service] [nio-8094-exec-4] o.s.c.openfeign.support.SpringEncoder    : Writing [ReservationRequest(categoryId=1, quantity=2, sessionId=fae11cff-44a4-4cad-8412-594bb26a6070)] using [org.springframework.http.converter.json.JacksonJsonHttpMessageConverter@6022fdd2]
2026-01-19T18:56:20.639+03:00  INFO 59012 --- [shopping-cart-service] [nio-8094-exec-9] c.n.s.service.CartService                : Adding to cart: AddToCartRequest(sessionId=15, eventId=1, eventName=Test Event, categoryId=1, categoryName=General Admission, price=100.00, quantity=2)
2026-01-19T18:56:20.640+03:00 DEBUG 59012 --- [shopping-cart-service] [nio-8094-exec-9] o.s.c.openfeign.support.SpringEncoder    : Writing [ReservationRequest(categoryId=1, quantity=2, sessionId=7755ba9f-8160-44ba-9915-9c59805d4c13)] using [org.springframework.http.converter.json.JacksonJsonHttpMessageConverter@6022fdd2]
2026-01-19T18:56:22.569+03:00  INFO 59012 --- [shopping-cart-service] [nio-8094-exec-4] c.n.s.service.CartService                : Adding to cart: AddToCartRequest(sessionId=16, eventId=1, eventName=Test Event, categoryId=1, categoryName=General Admission, price=100.00, quantity=2)
2026-01-19T18:56:22.569+03:00 DEBUG 59012 --- [shopping-cart-service] [nio-8094-exec-4] o.s.c.openfeign.support.SpringEncoder    : Writing [ReservationRequest(categoryId=1, quantity=2, sessionId=cde66ffc-59b6-4c8a-9412-a23f82692f85)] using [org.springframework.http.converter.json.JacksonJsonHttpMessageConverter@6022fdd2]
2026-01-19T18:56:31.184+03:00  INFO 59012 --- [shopping-cart-service] [rap-executor-%d] c.n.d.s.r.aws.ConfigClusterResolver      : Resolving eureka endpoints via configuration
2026-01-19T19:01:31.189+03:00  INFO 59012 --- [shopping-cart-service] [rap-executor-%d] c.n.d.s.r.aws.ConfigClusterResolver      : Resolving eureka endpoints via configuration
2026-01-19T19:06:31.195+03:00  INFO 59012 --- [shopping-cart-service] [rap-executor-%d] c.n.d.s.r.aws.ConfigClusterResolver      : Resolving eureka endpoints via configuration
2026-01-19T19:11:31.202+03:00  INFO 59012 --- [shopping-cart-service] [rap-executor-%d] c.n.d.s.r.aws.ConfigClusterResolver      : Resolving eureka endpoints via configuration
2026-01-19T19:16:31.208+03:00  INFO 59012 --- [shopping-cart-service] [rap-executor-%d] c.n.d.s.r.aws.ConfigClusterResolver      : Resolving eureka endpoints via configuration
2026-01-19T19:21:31.214+03:00  INFO 59012 --- [shopping-cart-service] [rap-executor-%d] c.n.d.s.r.aws.ConfigClusterResolver      : Resolving eureka endpoints via configuration
2026-01-19T19:26:31.227+03:00  INFO 59012 --- [shopping-cart-service] [rap-executor-%d] c.n.d.s.r.aws.ConfigClusterResolver      : Resolving eureka endpoints via configuration
2026-01-19T19:31:31.238+03:00  INFO 59012 --- [shopping-cart-service] [rap-executor-%d] c.n.d.s.r.aws.ConfigClusterResolver      : Resolving eureka endpoints via configuration
2026-01-19T19:36:31.247+03:00  INFO 59012 --- [shopping-cart-service] [rap-executor-%d] c.n.d.s.r.aws.ConfigClusterResolver      : Resolving eureka endpoints via configuration
2026-01-19T19:41:31.251+03:00  INFO 59012 --- [shopping-cart-service] [rap-executor-%d] c.n.d.s.r.aws.ConfigClusterResolver      : Resolving eureka endpoints via configuration
2026-01-19T19:46:31.253+03:00  INFO 59012 --- [shopping-cart-service] [rap-executor-%d] c.n.d.s.r.aws.ConfigClusterResolver      : Resolving eureka endpoints via configuration
2026-01-19T19:51:31.255+03:00  INFO 59012 --- [shopping-cart-service] [rap-executor-%d] c.n.d.s.r.aws.ConfigClusterResolver      : Resolving eureka endpoints via configuration
2026-01-19T19:56:31.268+03:00  INFO 59012 --- [shopping-cart-service] [rap-executor-%d] c.n.d.s.r.aws.ConfigClusterResolver      : Resolving eureka endpoints via configuration
2026-01-19T20:01:31.276+03:00  INFO 59012 --- [shopping-cart-service] [rap-executor-%d] c.n.d.s.r.aws.ConfigClusterResolver      : Resolving eureka endpoints via configuration
2026-01-19T20:06:31.292+03:00  INFO 59012 --- [shopping-cart-service] [rap-executor-%d] c.n.d.s.r.aws.ConfigClusterResolver      : Resolving eureka endpoints via configuration
2026-01-19T20:11:31.315+03:00  INFO 59012 --- [shopping-cart-service] [rap-executor-%d] c.n.d.s.r.aws.ConfigClusterResolver      : Resolving eureka endpoints via configuration
2026-01-19T20:16:31.320+03:00  INFO 59012 --- [shopping-cart-service] [rap-executor-%d] c.n.d.s.r.aws.ConfigClusterResolver      : Resolving eureka endpoints via configuration
2026-01-19T20:21:31.332+03:00  INFO 59012 --- [shopping-cart-service] [rap-executor-%d] c.n.d.s.r.aws.ConfigClusterResolver      : Resolving eureka endpoints via configuration
2026-01-19T20:26:31.340+03:00  INFO 59012 --- [shopping-cart-service] [rap-executor-%d] c.n.d.s.r.aws.ConfigClusterResolver      : Resolving eureka endpoints via configuration
2026-01-19T20:31:31.344+03:00  INFO 59012 --- [shopping-cart-service] [rap-executor-%d] c.n.d.s.r.aws.ConfigClusterResolver      : Resolving eureka endpoints via configuration
2026-01-19T20:36:31.348+03:00  INFO 59012 --- [shopping-cart-service] [rap-executor-%d] c.n.d.s.r.aws.ConfigClusterResolver      : Resolving eureka endpoints via configuration
2026-01-19T20:41:31.361+03:00  INFO 59012 --- [shopping-cart-service] [rap-executor-%d] c.n.d.s.r.aws.ConfigClusterResolver      : Resolving eureka endpoints via configuration
2026-01-19T20:46:31.372+03:00  INFO 59012 --- [shopping-cart-service] [rap-executor-%d] c.n.d.s.r.aws.ConfigClusterResolver      : Resolving eureka endpoints via configuration
2026-01-19T20:51:31.377+03:00  INFO 59012 --- [shopping-cart-service] [rap-executor-%d] c.n.d.s.r.aws.ConfigClusterResolver      : Resolving eureka endpoints via configuration
2026-01-19T20:56:31.387+03:00  INFO 59012 --- [shopping-cart-service] [rap-executor-%d] c.n.d.s.r.aws.ConfigClusterResolver      : Resolving eureka endpoints via configuration
2026-01-19T21:01:31.397+03:00  INFO 59012 --- [shopping-cart-service] [rap-executor-%d] c.n.d.s.r.aws.ConfigClusterResolver      : Resolving eureka endpoints via configuration
2026-01-19T21:06:31.405+03:00  INFO 59012 --- [shopping-cart-service] [rap-executor-%d] c.n.d.s.r.aws.ConfigClusterResolver      : Resolving eureka endpoints via configuration
