[INFO] Scanning for projects...
[INFO] 
[INFO] --------------------< com.nightflow:ticket-service >--------------------
[INFO] Building ticket-service 0.0.1-SNAPSHOT
[INFO]   from pom.xml
[INFO] --------------------------------[ jar ]---------------------------------
[INFO] 
[INFO] >>> spring-boot:4.0.1:run (default-cli) > test-compile @ ticket-service >>>
[INFO] 
[INFO] --- resources:3.3.1:resources (default-resources) @ ticket-service ---
[INFO] Copying 1 resource from src/main/resources to target/classes
[INFO] Copying 0 resource from src/main/resources to target/classes
[INFO] 
[INFO] --- compiler:3.14.1:compile (default-compile) @ ticket-service ---
[INFO] Nothing to compile - all classes are up to date.
[INFO] 
[INFO] --- resources:3.3.1:testResources (default-testResources) @ ticket-service ---
[INFO] skip non existing resourceDirectory /Users/kaantopcu/Projects/NightFlow/ticket-service/src/test/resources
[INFO] 
[INFO] --- compiler:3.14.1:testCompile (default-testCompile) @ ticket-service ---
[INFO] Nothing to compile - all classes are up to date.
[INFO] 
[INFO] <<< spring-boot:4.0.1:run (default-cli) < test-compile @ ticket-service <<<
[INFO] 
[INFO] 
[INFO] --- spring-boot:4.0.1:run (default-cli) @ ticket-service ---
[INFO] Attaching agents: []

  .   ____          _            __ _ _
 /\\ / ___'_ __ _ _(_)_ __  __ _ \ \ \ \
( ( )\___ | '_ | '_| | '_ \/ _` | \ \ \ \
 \\/  ___)| |_)| | | | | || (_| |  ) ) ) )
  '  |____| .__|_| |_|_| |_\__, | / / / /
 =========|_|==============|___/=/_/_/_/

 :: Spring Boot ::                (v4.0.1)

2026-01-19T18:49:12.842+03:00  INFO 56931 --- [ticket-service] [           main] c.n.t.TicketServiceApplication           : Starting TicketServiceApplication using Java 25.0.1 with PID 56931 (/Users/kaantopcu/Projects/NightFlow/ticket-service/target/classes started by kaantopcu in /Users/kaantopcu/Projects/NightFlow/ticket-service)
2026-01-19T18:49:12.844+03:00  INFO 56931 --- [ticket-service] [           main] c.n.t.TicketServiceApplication           : The following 1 profile is active: "default"
2026-01-19T18:49:12.904+03:00  INFO 56931 --- [ticket-service] [           main] o.s.c.c.c.ConfigServerConfigDataLoader   : Fetching config from server at : http://localhost:8888
2026-01-19T18:49:12.904+03:00  INFO 56931 --- [ticket-service] [           main] o.s.c.c.c.ConfigServerConfigDataLoader   : Located environment: name=ticket-service, profiles=[default], label=null, version=null, state=null
2026-01-19T18:49:14.631+03:00  INFO 56931 --- [ticket-service] [           main] .s.d.r.c.RepositoryConfigurationDelegate : Bootstrapping Spring Data JPA repositories in DEFAULT mode.
2026-01-19T18:49:14.909+03:00  INFO 56931 --- [ticket-service] [           main] .s.d.r.c.RepositoryConfigurationDelegate : Finished Spring Data repository scanning in 247 ms. Found 2 JPA repository interfaces.
2026-01-19T18:49:15.385+03:00  INFO 56931 --- [ticket-service] [           main] o.s.cloud.context.scope.GenericScope     : BeanFactory id=2aab9acf-39b8-3bab-897f-afcddc1ad2b5
2026-01-19T18:49:15.810+03:00  INFO 56931 --- [ticket-service] [           main] o.s.boot.tomcat.TomcatWebServer          : Tomcat initialized with port 8093 (http)
2026-01-19T18:49:15.831+03:00  INFO 56931 --- [ticket-service] [           main] o.apache.catalina.core.StandardService   : Starting service [Tomcat]
2026-01-19T18:49:15.832+03:00  INFO 56931 --- [ticket-service] [           main] o.apache.catalina.core.StandardEngine    : Starting Servlet engine: [Apache Tomcat/11.0.15]
2026-01-19T18:49:15.957+03:00  INFO 56931 --- [ticket-service] [           main] b.w.c.s.WebApplicationContextInitializer : Root WebApplicationContext: initialization completed in 3048 ms
2026-01-19T18:49:16.371+03:00  INFO 56931 --- [ticket-service] [           main] org.hibernate.orm.jpa                    : HHH008540: Processing PersistenceUnitInfo [name: default]
2026-01-19T18:49:16.431+03:00  INFO 56931 --- [ticket-service] [           main] org.hibernate.orm.core                   : HHH000001: Hibernate ORM core version 7.2.0.Final
2026-01-19T18:49:16.853+03:00  INFO 56931 --- [ticket-service] [           main] o.s.o.j.p.SpringPersistenceUnitInfo      : No LoadTimeWeaver setup: ignoring JPA class transformer
2026-01-19T18:49:16.869+03:00  INFO 56931 --- [ticket-service] [           main] com.zaxxer.hikari.HikariDataSource       : HikariPool-1 - Starting...
2026-01-19T18:49:16.994+03:00  INFO 56931 --- [ticket-service] [           main] com.zaxxer.hikari.pool.HikariPool        : HikariPool-1 - Added connection org.postgresql.jdbc.PgConnection@50ac63b2
2026-01-19T18:49:16.996+03:00  INFO 56931 --- [ticket-service] [           main] com.zaxxer.hikari.HikariDataSource       : HikariPool-1 - Start completed.
2026-01-19T18:49:17.031+03:00  WARN 56931 --- [ticket-service] [           main] org.hibernate.orm.deprecation            : HHH90000025: PostgreSQLDialect does not need to be specified explicitly using 'hibernate.dialect' (remove the property setting and it will be selected by default)
2026-01-19T18:49:17.053+03:00  INFO 56931 --- [ticket-service] [           main] org.hibernate.orm.connections.pooling    : HHH10001005: Database info:
	Database JDBC URL [jdbc:postgresql://localhost:5433/nightflow_ticket]
	Database driver: PostgreSQL JDBC Driver
	Database dialect: PostgreSQLDialect
	Database version: 15.15
	Default catalog/schema: nightflow_ticket/public
	Autocommit mode: undefined/unknown
	Isolation level: READ_COMMITTED [default READ_COMMITTED]
	JDBC fetch size: none
	Pool: DataSourceConnectionProvider
	Minimum pool size: undefined/unknown
	Maximum pool size: undefined/unknown
2026-01-19T18:49:17.844+03:00  INFO 56931 --- [ticket-service] [           main] org.hibernate.orm.core                   : HHH000489: No JTA platform available (set 'hibernate.transaction.jta.platform' to enable JTA platform integration)
2026-01-19T18:49:17.924+03:00  INFO 56931 --- [ticket-service] [           main] j.LocalContainerEntityManagerFactoryBean : Initialized JPA EntityManagerFactory for persistence unit 'default'
2026-01-19T18:49:17.991+03:00  INFO 56931 --- [ticket-service] [           main] o.s.d.j.r.query.QueryEnhancerFactories   : Hibernate is in classpath; If applicable, HQL parser will be used.
2026-01-19T18:49:18.695+03:00  WARN 56931 --- [ticket-service] [           main] JpaBaseConfiguration$JpaWebConfiguration : spring.jpa.open-in-view is enabled by default. Therefore, database queries may be performed during view rendering. Explicitly configure spring.jpa.open-in-view to disable this warning
2026-01-19T18:49:19.042+03:00  INFO 56931 --- [ticket-service] [           main] DiscoveryClientOptionalArgsConfiguration : Eureka HTTP Client uses RestClient.
2026-01-19T18:49:19.055+03:00  WARN 56931 --- [ticket-service] [           main] iguration$LoadBalancerCaffeineWarnLogger : Spring Cloud LoadBalancer is currently working with the default cache. While this cache implementation is useful for development and tests, it's recommended to use Caffeine cache in production.You can switch to using Caffeine cache, by adding it and org.springframework.cache.caffeine.CaffeineCacheManager to the classpath.
2026-01-19T18:49:19.058+03:00  INFO 56931 --- [ticket-service] [           main] o.s.b.a.e.web.EndpointLinksResolver      : Exposing 16 endpoints beneath base path '/actuator'
2026-01-19T18:49:19.137+03:00  INFO 56931 --- [ticket-service] [           main] o.s.c.n.eureka.InstanceInfoFactory       : Setting initial instance status as: STARTING
2026-01-19T18:49:19.158+03:00  INFO 56931 --- [ticket-service] [           main] com.netflix.discovery.DiscoveryClient    : Initializing Eureka in region us-east-1
2026-01-19T18:49:19.161+03:00  INFO 56931 --- [ticket-service] [           main] c.n.d.s.r.aws.ConfigClusterResolver      : Resolving eureka endpoints via configuration
2026-01-19T18:49:19.167+03:00  INFO 56931 --- [ticket-service] [           main] com.netflix.discovery.DiscoveryClient    : Disable delta property : false
2026-01-19T18:49:19.168+03:00  INFO 56931 --- [ticket-service] [           main] com.netflix.discovery.DiscoveryClient    : Single vip registry refresh property : null
2026-01-19T18:49:19.168+03:00  INFO 56931 --- [ticket-service] [           main] com.netflix.discovery.DiscoveryClient    : Force full registry fetch : false
2026-01-19T18:49:19.168+03:00  INFO 56931 --- [ticket-service] [           main] com.netflix.discovery.DiscoveryClient    : Application is null : false
2026-01-19T18:49:19.169+03:00  INFO 56931 --- [ticket-service] [           main] com.netflix.discovery.DiscoveryClient    : Registered Applications size is zero : true
2026-01-19T18:49:19.169+03:00  INFO 56931 --- [ticket-service] [           main] com.netflix.discovery.DiscoveryClient    : Application version is -1: true
2026-01-19T18:49:19.169+03:00  INFO 56931 --- [ticket-service] [           main] com.netflix.discovery.DiscoveryClient    : Getting all instance registry info from the eureka server
2026-01-19T18:49:19.410+03:00  INFO 56931 --- [ticket-service] [           main] com.netflix.discovery.DiscoveryClient    : The response status is 200
2026-01-19T18:49:19.411+03:00  INFO 56931 --- [ticket-service] [           main] com.netflix.discovery.DiscoveryClient    : Starting heartbeat executor: renew interval is: 30
2026-01-19T18:49:19.412+03:00  INFO 56931 --- [ticket-service] [           main] c.n.discovery.InstanceInfoReplicator     : InstanceInfoReplicator onDemand update allowed rate per min is 4
2026-01-19T18:49:19.413+03:00  INFO 56931 --- [ticket-service] [           main] com.netflix.discovery.DiscoveryClient    : Discovery Client initialized at timestamp 1768837759413 with initial instances count: 0
2026-01-19T18:49:19.415+03:00  INFO 56931 --- [ticket-service] [           main] o.s.c.n.e.s.EurekaServiceRegistry        : Registering application TICKET-SERVICE with eureka with status UP
2026-01-19T18:49:19.415+03:00  INFO 56931 --- [ticket-service] [           main] com.netflix.discovery.DiscoveryClient    : Saw local status change event StatusChangeEvent [timestamp=1768837759415, current=UP, previous=STARTING]
2026-01-19T18:49:19.416+03:00  INFO 56931 --- [ticket-service] [foReplicator-%d] com.netflix.discovery.DiscoveryClient    : DiscoveryClient_TICKET-SERVICE/kaan-mac-mini.local:ticket-service:8093: registering service...
2026-01-19T18:49:19.424+03:00  INFO 56931 --- [ticket-service] [           main] o.s.boot.tomcat.TomcatWebServer          : Tomcat started on port 8093 (http) with context path '/'
2026-01-19T18:49:19.425+03:00  INFO 56931 --- [ticket-service] [           main] .s.c.n.e.s.EurekaAutoServiceRegistration : Updating port to 8093
2026-01-19T18:49:19.499+03:00  INFO 56931 --- [ticket-service] [           main] c.n.t.TicketServiceApplication           : Started TicketServiceApplication in 8.488 seconds (process running for 9.529)
2026-01-19T18:49:19.676+03:00  INFO 56931 --- [ticket-service] [foReplicator-%d] com.netflix.discovery.DiscoveryClient    : DiscoveryClient_TICKET-SERVICE/kaan-mac-mini.local:ticket-service:8093 - registration status: 204
Hibernate: 
    select
        t1_0.id,
        t1_0.category_id,
        t1_0.created_at,
        t1_0.order_id,
        t1_0.reserved_at,
        t1_0.seat_info,
        t1_0.session_id,
        t1_0.sold_at,
        t1_0.status,
        t1_0.ticket_code,
        t1_0.used_at,
        t1_0.user_id 
    from
        tickets t1_0 
    where
        t1_0.status='RESERVED' 
        and t1_0.reserved_at<?
2026-01-19T18:49:49.104+03:00  INFO 56931 --- [ticket-service] [nio-8093-exec-1] o.a.c.c.C.[Tomcat].[localhost].[/]       : Initializing Spring DispatcherServlet 'dispatcherServlet'
2026-01-19T18:49:49.104+03:00  INFO 56931 --- [ticket-service] [nio-8093-exec-1] o.s.web.servlet.DispatcherServlet        : Initializing Servlet 'dispatcherServlet'
2026-01-19T18:49:49.107+03:00  INFO 56931 --- [ticket-service] [nio-8093-exec-1] o.s.web.servlet.DispatcherServlet        : Completed initialization in 3 ms
Hibernate: 
    select
        tc1_0.id,
        tc1_0.created_at,
        tc1_0.description,
        tc1_0.event_id,
        tc1_0.name,
        tc1_0.price,
        tc1_0.reserved_quantity,
        tc1_0.sales_end_at,
        tc1_0.sales_start_at,
        tc1_0.sold_quantity,
        tc1_0.status,
        tc1_0.total_quantity,
        tc1_0.updated_at 
    from
        ticket_categories tc1_0 
    where
        tc1_0.event_id=? 
        and tc1_0.status=?
2026-01-19T18:49:49.413+03:00  INFO 56931 --- [ticket-service] [reshExecutor-%d] com.netflix.discovery.DiscoveryClient    : Disable delta property : false
2026-01-19T18:49:49.413+03:00  INFO 56931 --- [ticket-service] [reshExecutor-%d] com.netflix.discovery.DiscoveryClient    : Single vip registry refresh property : null
2026-01-19T18:49:49.413+03:00  INFO 56931 --- [ticket-service] [reshExecutor-%d] com.netflix.discovery.DiscoveryClient    : Force full registry fetch : false
2026-01-19T18:49:49.413+03:00  INFO 56931 --- [ticket-service] [reshExecutor-%d] com.netflix.discovery.DiscoveryClient    : Application is null : false
2026-01-19T18:49:49.413+03:00  INFO 56931 --- [ticket-service] [reshExecutor-%d] com.netflix.discovery.DiscoveryClient    : Registered Applications size is zero : true
2026-01-19T18:49:49.413+03:00  INFO 56931 --- [ticket-service] [reshExecutor-%d] com.netflix.discovery.DiscoveryClient    : Application version is -1: false
2026-01-19T18:49:49.413+03:00  INFO 56931 --- [ticket-service] [reshExecutor-%d] com.netflix.discovery.DiscoveryClient    : Getting all instance registry info from the eureka server
2026-01-19T18:49:49.431+03:00  INFO 56931 --- [ticket-service] [reshExecutor-%d] com.netflix.discovery.DiscoveryClient    : The response status is 200
Hibernate: 
    select
        t1_0.id,
        t1_0.category_id,
        t1_0.created_at,
        t1_0.order_id,
        t1_0.reserved_at,
        t1_0.seat_info,
        t1_0.session_id,
        t1_0.sold_at,
        t1_0.status,
        t1_0.ticket_code,
        t1_0.used_at,
        t1_0.user_id 
    from
        tickets t1_0 
    where
        t1_0.status='RESERVED' 
        and t1_0.reserved_at<?
Hibernate: 
    select
        t1_0.id,
        t1_0.category_id,
        t1_0.created_at,
        t1_0.order_id,
        t1_0.reserved_at,
        t1_0.seat_info,
        t1_0.session_id,
        t1_0.sold_at,
        t1_0.status,
        t1_0.ticket_code,
        t1_0.used_at,
        t1_0.user_id 
    from
        tickets t1_0 
    where
        t1_0.status='RESERVED' 
        and t1_0.reserved_at<?
Hibernate: 
    select
        tc1_0.id,
        tc1_0.created_at,
        tc1_0.description,
        tc1_0.event_id,
        tc1_0.name,
        tc1_0.price,
        tc1_0.reserved_quantity,
        tc1_0.sales_end_at,
        tc1_0.sales_start_at,
        tc1_0.sold_quantity,
        tc1_0.status,
        tc1_0.total_quantity,
        tc1_0.updated_at 
    from
        ticket_categories tc1_0 
    where
        tc1_0.event_id=? 
        and tc1_0.status=?
Hibernate: 
    select
        t1_0.id,
        t1_0.category_id,
        t1_0.created_at,
        t1_0.order_id,
        t1_0.reserved_at,
        t1_0.seat_info,
        t1_0.session_id,
        t1_0.sold_at,
        t1_0.status,
        t1_0.ticket_code,
        t1_0.used_at,
        t1_0.user_id 
    from
        tickets t1_0 
    where
        t1_0.status='RESERVED' 
        and t1_0.reserved_at<?
Hibernate: 
    select
        tc1_0.id,
        tc1_0.created_at,
        tc1_0.description,
        tc1_0.event_id,
        tc1_0.name,
        tc1_0.price,
        tc1_0.reserved_quantity,
        tc1_0.sales_end_at,
        tc1_0.sales_start_at,
        tc1_0.sold_quantity,
        tc1_0.status,
        tc1_0.total_quantity,
        tc1_0.updated_at 
    from
        ticket_categories tc1_0 
    where
        tc1_0.event_id=? 
        and tc1_0.status=?
Hibernate: 
    select
        t1_0.id,
        t1_0.category_id,
        t1_0.created_at,
        t1_0.order_id,
        t1_0.reserved_at,
        t1_0.seat_info,
        t1_0.session_id,
        t1_0.sold_at,
        t1_0.status,
        t1_0.ticket_code,
        t1_0.used_at,
        t1_0.user_id 
    from
        tickets t1_0 
    where
        t1_0.status='RESERVED' 
        and t1_0.reserved_at<?
Hibernate: 
    select
        tc1_0.id,
        tc1_0.created_at,
        tc1_0.description,
        tc1_0.event_id,
        tc1_0.name,
        tc1_0.price,
        tc1_0.reserved_quantity,
        tc1_0.sales_end_at,
        tc1_0.sales_start_at,
        tc1_0.sold_quantity,
        tc1_0.status,
        tc1_0.total_quantity,
        tc1_0.updated_at 
    from
        ticket_categories tc1_0 
    where
        tc1_0.event_id=? 
        and tc1_0.status=?
2026-01-19T18:53:21.613+03:00  INFO 56931 --- [ticket-service] [nio-8093-exec-2] c.n.ticketservice.service.TicketService  : Rezervasyon isteği: ReservationRequest(categoryId=1, quantity=2, sessionId=2e4a3b18-01ef-4404-9dfe-a01e51b0c838)
Hibernate: 
    select
        tc1_0.id,
        tc1_0.created_at,
        tc1_0.description,
        tc1_0.event_id,
        tc1_0.name,
        tc1_0.price,
        tc1_0.reserved_quantity,
        tc1_0.sales_end_at,
        tc1_0.sales_start_at,
        tc1_0.sold_quantity,
        tc1_0.status,
        tc1_0.total_quantity,
        tc1_0.updated_at 
    from
        ticket_categories tc1_0 
    where
        tc1_0.id=? 
    for
        no key update of tc1_0
Hibernate: 
    insert 
    into
        tickets
        (category_id, created_at, order_id, reserved_at, seat_info, session_id, sold_at, status, ticket_code, used_at, user_id) 
    values
        (?, ?, ?, ?, ?, ?, ?, ?, ?, ?, ?)
Hibernate: 
    insert 
    into
        tickets
        (category_id, created_at, order_id, reserved_at, seat_info, session_id, sold_at, status, ticket_code, used_at, user_id) 
    values
        (?, ?, ?, ?, ?, ?, ?, ?, ?, ?, ?)
Hibernate: 
    update
        ticket_categories 
    set
        created_at=?,
        description=?,
        event_id=?,
        name=?,
        price=?,
        reserved_quantity=?,
        sales_end_at=?,
        sales_start_at=?,
        sold_quantity=?,
        status=?,
        total_quantity=?,
        updated_at=? 
    where
        id=?
2026-01-19T18:54:19.171+03:00  INFO 56931 --- [ticket-service] [rap-executor-%d] c.n.d.s.r.aws.ConfigClusterResolver      : Resolving eureka endpoints via configuration
Hibernate: 
    select
        t1_0.id,
        t1_0.category_id,
        t1_0.created_at,
        t1_0.order_id,
        t1_0.reserved_at,
        t1_0.seat_info,
        t1_0.session_id,
        t1_0.sold_at,
        t1_0.status,
        t1_0.ticket_code,
        t1_0.used_at,
        t1_0.user_id 
    from
        tickets t1_0 
    where
        t1_0.status='RESERVED' 
        and t1_0.reserved_at<?
Hibernate: 
    select
        tc1_0.id,
        tc1_0.created_at,
        tc1_0.description,
        tc1_0.event_id,
        tc1_0.name,
        tc1_0.price,
        tc1_0.reserved_quantity,
        tc1_0.sales_end_at,
        tc1_0.sales_start_at,
        tc1_0.sold_quantity,
        tc1_0.status,
        tc1_0.total_quantity,
        tc1_0.updated_at 
    from
        ticket_categories tc1_0 
    where
        tc1_0.event_id=? 
        and tc1_0.status=?
2026-01-19T18:54:35.598+03:00  INFO 56931 --- [ticket-service] [nio-8093-exec-8] c.n.ticketservice.service.TicketService  : Rezervasyon isteği: ReservationRequest(categoryId=1, quantity=2, sessionId=222726b2-3929-4f61-bdc1-8ccdcdde9aea)
Hibernate: 
    select
        tc1_0.id,
        tc1_0.created_at,
        tc1_0.description,
        tc1_0.event_id,
        tc1_0.name,
        tc1_0.price,
        tc1_0.reserved_quantity,
        tc1_0.sales_end_at,
        tc1_0.sales_start_at,
        tc1_0.sold_quantity,
        tc1_0.status,
        tc1_0.total_quantity,
        tc1_0.updated_at 
    from
        ticket_categories tc1_0 
    where
        tc1_0.id=? 
    for
        no key update of tc1_0
Hibernate: 
    insert 
    into
        tickets
        (category_id, created_at, order_id, reserved_at, seat_info, session_id, sold_at, status, ticket_code, used_at, user_id) 
    values
        (?, ?, ?, ?, ?, ?, ?, ?, ?, ?, ?)
Hibernate: 
    insert 
    into
        tickets
        (category_id, created_at, order_id, reserved_at, seat_info, session_id, sold_at, status, ticket_code, used_at, user_id) 
    values
        (?, ?, ?, ?, ?, ?, ?, ?, ?, ?, ?)
Hibernate: 
    update
        ticket_categories 
    set
        created_at=?,
        description=?,
        event_id=?,
        name=?,
        price=?,
        reserved_quantity=?,
        sales_end_at=?,
        sales_start_at=?,
        sold_quantity=?,
        status=?,
        total_quantity=?,
        updated_at=? 
    where
        id=?
Hibernate: 
    select
        t1_0.id,
        t1_0.category_id,
        t1_0.created_at,
        t1_0.order_id,
        t1_0.reserved_at,
        t1_0.seat_info,
        t1_0.session_id,
        t1_0.sold_at,
        t1_0.status,
        t1_0.ticket_code,
        t1_0.used_at,
        t1_0.user_id 
    from
        tickets t1_0 
    where
        t1_0.session_id=? 
        and t1_0.status=?
Hibernate: 
    select
        tc1_0.id,
        tc1_0.created_at,
        tc1_0.description,
        tc1_0.event_id,
        tc1_0.name,
        tc1_0.price,
        tc1_0.reserved_quantity,
        tc1_0.sales_end_at,
        tc1_0.sales_start_at,
        tc1_0.sold_quantity,
        tc1_0.status,
        tc1_0.total_quantity,
        tc1_0.updated_at 
    from
        ticket_categories tc1_0 
    where
        tc1_0.id=? 
    for
        no key update of tc1_0
Hibernate: 
    update
        ticket_categories 
    set
        created_at=?,
        description=?,
        event_id=?,
        name=?,
        price=?,
        reserved_quantity=?,
        sales_end_at=?,
        sales_start_at=?,
        sold_quantity=?,
        status=?,
        total_quantity=?,
        updated_at=? 
    where
        id=?
Hibernate: 
    delete 
    from
        tickets 
    where
        id=?
Hibernate: 
    delete 
    from
        tickets 
    where
        id=?
Hibernate: 
    select
        t1_0.id,
        t1_0.category_id,
        t1_0.created_at,
        t1_0.order_id,
        t1_0.reserved_at,
        t1_0.seat_info,
        t1_0.session_id,
        t1_0.sold_at,
        t1_0.status,
        t1_0.ticket_code,
        t1_0.used_at,
        t1_0.user_id 
    from
        tickets t1_0 
    where
        t1_0.status='RESERVED' 
        and t1_0.reserved_at<?
Hibernate: 
    select
        tc1_0.id,
        tc1_0.created_at,
        tc1_0.description,
        tc1_0.event_id,
        tc1_0.name,
        tc1_0.price,
        tc1_0.reserved_quantity,
        tc1_0.sales_end_at,
        tc1_0.sales_start_at,
        tc1_0.sold_quantity,
        tc1_0.status,
        tc1_0.total_quantity,
        tc1_0.updated_at 
    from
        ticket_categories tc1_0 
    where
        tc1_0.event_id=? 
        and tc1_0.status=?
2026-01-19T18:55:32.733+03:00  INFO 56931 --- [ticket-service] [nio-8093-exec-3] c.n.ticketservice.service.TicketService  : Rezervasyon isteği: ReservationRequest(categoryId=1, quantity=2, sessionId=fae11cff-44a4-4cad-8412-594bb26a6070)
Hibernate: 
    select
        tc1_0.id,
        tc1_0.created_at,
        tc1_0.description,
        tc1_0.event_id,
        tc1_0.name,
        tc1_0.price,
        tc1_0.reserved_quantity,
        tc1_0.sales_end_at,
        tc1_0.sales_start_at,
        tc1_0.sold_quantity,
        tc1_0.status,
        tc1_0.total_quantity,
        tc1_0.updated_at 
    from
        ticket_categories tc1_0 
    where
        tc1_0.id=? 
    for
        no key update of tc1_0
Hibernate: 
    insert 
    into
        tickets
        (category_id, created_at, order_id, reserved_at, seat_info, session_id, sold_at, status, ticket_code, used_at, user_id) 
    values
        (?, ?, ?, ?, ?, ?, ?, ?, ?, ?, ?)
Hibernate: 
    insert 
    into
        tickets
        (category_id, created_at, order_id, reserved_at, seat_info, session_id, sold_at, status, ticket_code, used_at, user_id) 
    values
        (?, ?, ?, ?, ?, ?, ?, ?, ?, ?, ?)
Hibernate: 
    update
        ticket_categories 
    set
        created_at=?,
        description=?,
        event_id=?,
        name=?,
        price=?,
        reserved_quantity=?,
        sales_end_at=?,
        sales_start_at=?,
        sold_quantity=?,
        status=?,
        total_quantity=?,
        updated_at=? 
    where
        id=?
Hibernate: 
    select
        t1_0.id,
        t1_0.category_id,
        t1_0.created_at,
        t1_0.order_id,
        t1_0.reserved_at,
        t1_0.seat_info,
        t1_0.session_id,
        t1_0.sold_at,
        t1_0.status,
        t1_0.ticket_code,
        t1_0.used_at,
        t1_0.user_id 
    from
        tickets t1_0 
    where
        t1_0.session_id=? 
        and t1_0.status=?
Hibernate: 
    select
        tc1_0.id,
        tc1_0.created_at,
        tc1_0.description,
        tc1_0.event_id,
        tc1_0.name,
        tc1_0.price,
        tc1_0.reserved_quantity,
        tc1_0.sales_end_at,
        tc1_0.sales_start_at,
        tc1_0.sold_quantity,
        tc1_0.status,
        tc1_0.total_quantity,
        tc1_0.updated_at 
    from
        ticket_categories tc1_0 
    where
        tc1_0.id=? 
    for
        no key update of tc1_0
Hibernate: 
    update
        ticket_categories 
    set
        created_at=?,
        description=?,
        event_id=?,
        name=?,
        price=?,
        reserved_quantity=?,
        sales_end_at=?,
        sales_start_at=?,
        sold_quantity=?,
        status=?,
        total_quantity=?,
        updated_at=? 
    where
        id=?
Hibernate: 
    delete 
    from
        tickets 
    where
        id=?
Hibernate: 
    delete 
    from
        tickets 
    where
        id=?
Hibernate: 
    select
        t1_0.id,
        t1_0.category_id,
        t1_0.created_at,
        t1_0.order_id,
        t1_0.reserved_at,
        t1_0.seat_info,
        t1_0.session_id,
        t1_0.sold_at,
        t1_0.status,
        t1_0.ticket_code,
        t1_0.used_at,
        t1_0.user_id 
    from
        tickets t1_0 
    where
        t1_0.status='RESERVED' 
        and t1_0.reserved_at<?
Hibernate: 
    select
        tc1_0.id,
        tc1_0.created_at,
        tc1_0.description,
        tc1_0.event_id,
        tc1_0.name,
        tc1_0.price,
        tc1_0.reserved_quantity,
        tc1_0.sales_end_at,
        tc1_0.sales_start_at,
        tc1_0.sold_quantity,
        tc1_0.status,
        tc1_0.total_quantity,
        tc1_0.updated_at 
    from
        ticket_categories tc1_0 
    where
        tc1_0.event_id=? 
        and tc1_0.status=?
2026-01-19T18:56:20.649+03:00  INFO 56931 --- [ticket-service] [nio-8093-exec-8] c.n.ticketservice.service.TicketService  : Rezervasyon isteği: ReservationRequest(categoryId=1, quantity=2, sessionId=7755ba9f-8160-44ba-9915-9c59805d4c13)
Hibernate: 
    select
        tc1_0.id,
        tc1_0.created_at,
        tc1_0.description,
        tc1_0.event_id,
        tc1_0.name,
        tc1_0.price,
        tc1_0.reserved_quantity,
        tc1_0.sales_end_at,
        tc1_0.sales_start_at,
        tc1_0.sold_quantity,
        tc1_0.status,
        tc1_0.total_quantity,
        tc1_0.updated_at 
    from
        ticket_categories tc1_0 
    where
        tc1_0.id=? 
    for
        no key update of tc1_0
Hibernate: 
    insert 
    into
        tickets
        (category_id, created_at, order_id, reserved_at, seat_info, session_id, sold_at, status, ticket_code, used_at, user_id) 
    values
        (?, ?, ?, ?, ?, ?, ?, ?, ?, ?, ?)
Hibernate: 
    insert 
    into
        tickets
        (category_id, created_at, order_id, reserved_at, seat_info, session_id, sold_at, status, ticket_code, used_at, user_id) 
    values
        (?, ?, ?, ?, ?, ?, ?, ?, ?, ?, ?)
Hibernate: 
    update
        ticket_categories 
    set
        created_at=?,
        description=?,
        event_id=?,
        name=?,
        price=?,
        reserved_quantity=?,
        sales_end_at=?,
        sales_start_at=?,
        sold_quantity=?,
        status=?,
        total_quantity=?,
        updated_at=? 
    where
        id=?
Hibernate: 
    select
        t1_0.id,
        t1_0.category_id,
        t1_0.created_at,
        t1_0.order_id,
        t1_0.reserved_at,
        t1_0.seat_info,
        t1_0.session_id,
        t1_0.sold_at,
        t1_0.status,
        t1_0.ticket_code,
        t1_0.used_at,
        t1_0.user_id 
    from
        tickets t1_0 
    where
        t1_0.session_id=? 
        and t1_0.status=?
Hibernate: 
    select
        tc1_0.id,
        tc1_0.created_at,
        tc1_0.description,
        tc1_0.event_id,
        tc1_0.name,
        tc1_0.price,
        tc1_0.reserved_quantity,
        tc1_0.sales_end_at,
        tc1_0.sales_start_at,
        tc1_0.sold_quantity,
        tc1_0.status,
        tc1_0.total_quantity,
        tc1_0.updated_at 
    from
        ticket_categories tc1_0 
    where
        tc1_0.id=? 
    for
        no key update of tc1_0
Hibernate: 
    update
        ticket_categories 
    set
        created_at=?,
        description=?,
        event_id=?,
        name=?,
        price=?,
        reserved_quantity=?,
        sales_end_at=?,
        sales_start_at=?,
        sold_quantity=?,
        status=?,
        total_quantity=?,
        updated_at=? 
    where
        id=?
Hibernate: 
    delete 
    from
        tickets 
    where
        id=?
Hibernate: 
    delete 
    from
        tickets 
    where
        id=?
Hibernate: 
    select
        tc1_0.id,
        tc1_0.created_at,
        tc1_0.description,
        tc1_0.event_id,
        tc1_0.name,
        tc1_0.price,
        tc1_0.reserved_quantity,
        tc1_0.sales_end_at,
        tc1_0.sales_start_at,
        tc1_0.sold_quantity,
        tc1_0.status,
        tc1_0.total_quantity,
        tc1_0.updated_at 
    from
        ticket_categories tc1_0 
    where
        tc1_0.event_id=? 
        and tc1_0.status=?
2026-01-19T18:56:22.573+03:00  INFO 56931 --- [ticket-service] [nio-8093-exec-3] c.n.ticketservice.service.TicketService  : Rezervasyon isteği: ReservationRequest(categoryId=1, quantity=2, sessionId=cde66ffc-59b6-4c8a-9412-a23f82692f85)
Hibernate: 
    select
        tc1_0.id,
        tc1_0.created_at,
        tc1_0.description,
        tc1_0.event_id,
        tc1_0.name,
        tc1_0.price,
        tc1_0.reserved_quantity,
        tc1_0.sales_end_at,
        tc1_0.sales_start_at,
        tc1_0.sold_quantity,
        tc1_0.status,
        tc1_0.total_quantity,
        tc1_0.updated_at 
    from
        ticket_categories tc1_0 
    where
        tc1_0.id=? 
    for
        no key update of tc1_0
Hibernate: 
    insert 
    into
        tickets
        (category_id, created_at, order_id, reserved_at, seat_info, session_id, sold_at, status, ticket_code, used_at, user_id) 
    values
        (?, ?, ?, ?, ?, ?, ?, ?, ?, ?, ?)
Hibernate: 
    insert 
    into
        tickets
        (category_id, created_at, order_id, reserved_at, seat_info, session_id, sold_at, status, ticket_code, used_at, user_id) 
    values
        (?, ?, ?, ?, ?, ?, ?, ?, ?, ?, ?)
Hibernate: 
    update
        ticket_categories 
    set
        created_at=?,
        description=?,
        event_id=?,
        name=?,
        price=?,
        reserved_quantity=?,
        sales_end_at=?,
        sales_start_at=?,
        sold_quantity=?,
        status=?,
        total_quantity=?,
        updated_at=? 
    where
        id=?
Hibernate: 
    select
        t1_0.id,
        t1_0.category_id,
        t1_0.created_at,
        t1_0.order_id,
        t1_0.reserved_at,
        t1_0.seat_info,
        t1_0.session_id,
        t1_0.sold_at,
        t1_0.status,
        t1_0.ticket_code,
        t1_0.used_at,
        t1_0.user_id 
    from
        tickets t1_0 
    where
        t1_0.session_id=? 
        and t1_0.status=?
Hibernate: 
    select
        tc1_0.id,
        tc1_0.created_at,
        tc1_0.description,
        tc1_0.event_id,
        tc1_0.name,
        tc1_0.price,
        tc1_0.reserved_quantity,
        tc1_0.sales_end_at,
        tc1_0.sales_start_at,
        tc1_0.sold_quantity,
        tc1_0.status,
        tc1_0.total_quantity,
        tc1_0.updated_at 
    from
        ticket_categories tc1_0 
    where
        tc1_0.id=? 
    for
        no key update of tc1_0
Hibernate: 
    update
        ticket_categories 
    set
        created_at=?,
        description=?,
        event_id=?,
        name=?,
        price=?,
        reserved_quantity=?,
        sales_end_at=?,
        sales_start_at=?,
        sold_quantity=?,
        status=?,
        total_quantity=?,
        updated_at=? 
    where
        id=?
Hibernate: 
    delete 
    from
        tickets 
    where
        id=?
Hibernate: 
    delete 
    from
        tickets 
    where
        id=?
Hibernate: 
    select
        t1_0.id,
        t1_0.category_id,
        t1_0.created_at,
        t1_0.order_id,
        t1_0.reserved_at,
        t1_0.seat_info,
        t1_0.session_id,
        t1_0.sold_at,
        t1_0.status,
        t1_0.ticket_code,
        t1_0.used_at,
        t1_0.user_id 
    from
        tickets t1_0 
    where
        t1_0.status='RESERVED' 
        and t1_0.reserved_at<?
Hibernate: 
    select
        t1_0.id,
        t1_0.category_id,
        t1_0.created_at,
        t1_0.order_id,
        t1_0.reserved_at,
        t1_0.seat_info,
        t1_0.session_id,
        t1_0.sold_at,
        t1_0.status,
        t1_0.ticket_code,
        t1_0.used_at,
        t1_0.user_id 
    from
        tickets t1_0 
    where
        t1_0.status='RESERVED' 
        and t1_0.reserved_at<?
2026-01-19T18:59:19.176+03:00  INFO 56931 --- [ticket-service] [rap-executor-%d] c.n.d.s.r.aws.ConfigClusterResolver      : Resolving eureka endpoints via configuration
Hibernate: 
    select
        t1_0.id,
        t1_0.category_id,
        t1_0.created_at,
        t1_0.order_id,
        t1_0.reserved_at,
        t1_0.seat_info,
        t1_0.session_id,
        t1_0.sold_at,
        t1_0.status,
        t1_0.ticket_code,
        t1_0.used_at,
        t1_0.user_id 
    from
        tickets t1_0 
    where
        t1_0.status='RESERVED' 
        and t1_0.reserved_at<?
Hibernate: 
    select
        t1_0.id,
        t1_0.category_id,
        t1_0.created_at,
        t1_0.order_id,
        t1_0.reserved_at,
        t1_0.seat_info,
        t1_0.session_id,
        t1_0.sold_at,
        t1_0.status,
        t1_0.ticket_code,
        t1_0.used_at,
        t1_0.user_id 
    from
        tickets t1_0 
    where
        t1_0.status='RESERVED' 
        and t1_0.reserved_at<?
Hibernate: 
    select
        t1_0.id,
        t1_0.category_id,
        t1_0.created_at,
        t1_0.order_id,
        t1_0.reserved_at,
        t1_0.seat_info,
        t1_0.session_id,
        t1_0.sold_at,
        t1_0.status,
        t1_0.ticket_code,
        t1_0.used_at,
        t1_0.user_id 
    from
        tickets t1_0 
    where
        t1_0.status='RESERVED' 
        and t1_0.reserved_at<?
Hibernate: 
    select
        t1_0.id,
        t1_0.category_id,
        t1_0.created_at,
        t1_0.order_id,
        t1_0.reserved_at,
        t1_0.seat_info,
        t1_0.session_id,
        t1_0.sold_at,
        t1_0.status,
        t1_0.ticket_code,
        t1_0.used_at,
        t1_0.user_id 
    from
        tickets t1_0 
    where
        t1_0.status='RESERVED' 
        and t1_0.reserved_at<?
Hibernate: 
    select
        t1_0.id,
        t1_0.category_id,
        t1_0.created_at,
        t1_0.order_id,
        t1_0.reserved_at,
        t1_0.seat_info,
        t1_0.session_id,
        t1_0.sold_at,
        t1_0.status,
        t1_0.ticket_code,
        t1_0.used_at,
        t1_0.user_id 
    from
        tickets t1_0 
    where
        t1_0.status='RESERVED' 
        and t1_0.reserved_at<?
2026-01-19T19:04:19.180+03:00  INFO 56931 --- [ticket-service] [rap-executor-%d] c.n.d.s.r.aws.ConfigClusterResolver      : Resolving eureka endpoints via configuration
Hibernate: 
    select
        t1_0.id,
        t1_0.category_id,
        t1_0.created_at,
        t1_0.order_id,
        t1_0.reserved_at,
        t1_0.seat_info,
        t1_0.session_id,
        t1_0.sold_at,
        t1_0.status,
        t1_0.ticket_code,
        t1_0.used_at,
        t1_0.user_id 
    from
        tickets t1_0 
    where
        t1_0.status='RESERVED' 
        and t1_0.reserved_at<?
Hibernate: 
    select
        t1_0.id,
        t1_0.category_id,
        t1_0.created_at,
        t1_0.order_id,
        t1_0.reserved_at,
        t1_0.seat_info,
        t1_0.session_id,
        t1_0.sold_at,
        t1_0.status,
        t1_0.ticket_code,
        t1_0.used_at,
        t1_0.user_id 
    from
        tickets t1_0 
    where
        t1_0.status='RESERVED' 
        and t1_0.reserved_at<?
Hibernate: 
    select
        t1_0.id,
        t1_0.category_id,
        t1_0.created_at,
        t1_0.order_id,
        t1_0.reserved_at,
        t1_0.seat_info,
        t1_0.session_id,
        t1_0.sold_at,
        t1_0.status,
        t1_0.ticket_code,
        t1_0.used_at,
        t1_0.user_id 
    from
        tickets t1_0 
    where
        t1_0.status='RESERVED' 
        and t1_0.reserved_at<?
Hibernate: 
    select
        t1_0.id,
        t1_0.category_id,
        t1_0.created_at,
        t1_0.order_id,
        t1_0.reserved_at,
        t1_0.seat_info,
        t1_0.session_id,
        t1_0.sold_at,
        t1_0.status,
        t1_0.ticket_code,
        t1_0.used_at,
        t1_0.user_id 
    from
        tickets t1_0 
    where
        t1_0.status='RESERVED' 
        and t1_0.reserved_at<?
Hibernate: 
    select
        t1_0.id,
        t1_0.category_id,
        t1_0.created_at,
        t1_0.order_id,
        t1_0.reserved_at,
        t1_0.seat_info,
        t1_0.session_id,
        t1_0.sold_at,
        t1_0.status,
        t1_0.ticket_code,
        t1_0.used_at,
        t1_0.user_id 
    from
        tickets t1_0 
    where
        t1_0.status='RESERVED' 
        and t1_0.reserved_at<?
2026-01-19T19:09:19.190+03:00  INFO 56931 --- [ticket-service] [rap-executor-%d] c.n.d.s.r.aws.ConfigClusterResolver      : Resolving eureka endpoints via configuration
Hibernate: 
    select
        t1_0.id,
        t1_0.category_id,
        t1_0.created_at,
        t1_0.order_id,
        t1_0.reserved_at,
        t1_0.seat_info,
        t1_0.session_id,
        t1_0.sold_at,
        t1_0.status,
        t1_0.ticket_code,
        t1_0.used_at,
        t1_0.user_id 
    from
        tickets t1_0 
    where
        t1_0.status='RESERVED' 
        and t1_0.reserved_at<?
2026-01-19T19:09:19.507+03:00  INFO 56931 --- [ticket-service] [   scheduling-1] c.n.ticketservice.service.TicketService  : 2 adet süresi dolmuş rezervasyon temizleniyor...
Hibernate: 
    select
        tc1_0.id,
        tc1_0.created_at,
        tc1_0.description,
        tc1_0.event_id,
        tc1_0.name,
        tc1_0.price,
        tc1_0.reserved_quantity,
        tc1_0.sales_end_at,
        tc1_0.sales_start_at,
        tc1_0.sold_quantity,
        tc1_0.status,
        tc1_0.total_quantity,
        tc1_0.updated_at 
    from
        ticket_categories tc1_0 
    where
        tc1_0.id=? 
    for
        no key update of tc1_0
2026-01-19T19:09:19.518+03:00  INFO 56931 --- [ticket-service] [   scheduling-1] c.n.ticketservice.service.TicketService  : Temizleme tamamlandı.
Hibernate: 
    update
        ticket_categories 
    set
        created_at=?,
        description=?,
        event_id=?,
        name=?,
        price=?,
        reserved_quantity=?,
        sales_end_at=?,
        sales_start_at=?,
        sold_quantity=?,
        status=?,
        total_quantity=?,
        updated_at=? 
    where
        id=?
Hibernate: 
    delete 
    from
        tickets 
    where
        id=?
Hibernate: 
    delete 
    from
        tickets 
    where
        id=?
Hibernate: 
    select
        t1_0.id,
        t1_0.category_id,
        t1_0.created_at,
        t1_0.order_id,
        t1_0.reserved_at,
        t1_0.seat_info,
        t1_0.session_id,
        t1_0.sold_at,
        t1_0.status,
        t1_0.ticket_code,
        t1_0.used_at,
        t1_0.user_id 
    from
        tickets t1_0 
    where
        t1_0.status='RESERVED' 
        and t1_0.reserved_at<?
Hibernate: 
    select
        t1_0.id,
        t1_0.category_id,
        t1_0.created_at,
        t1_0.order_id,
        t1_0.reserved_at,
        t1_0.seat_info,
        t1_0.session_id,
        t1_0.sold_at,
        t1_0.status,
        t1_0.ticket_code,
        t1_0.used_at,
        t1_0.user_id 
    from
        tickets t1_0 
    where
        t1_0.status='RESERVED' 
        and t1_0.reserved_at<?
Hibernate: 
    select
        t1_0.id,
        t1_0.category_id,
        t1_0.created_at,
        t1_0.order_id,
        t1_0.reserved_at,
        t1_0.seat_info,
        t1_0.session_id,
        t1_0.sold_at,
        t1_0.status,
        t1_0.ticket_code,
        t1_0.used_at,
        t1_0.user_id 
    from
        tickets t1_0 
    where
        t1_0.status='RESERVED' 
        and t1_0.reserved_at<?
Hibernate: 
    select
        t1_0.id,
        t1_0.category_id,
        t1_0.created_at,
        t1_0.order_id,
        t1_0.reserved_at,
        t1_0.seat_info,
        t1_0.session_id,
        t1_0.sold_at,
        t1_0.status,
        t1_0.ticket_code,
        t1_0.used_at,
        t1_0.user_id 
    from
        tickets t1_0 
    where
        t1_0.status='RESERVED' 
        and t1_0.reserved_at<?
2026-01-19T19:14:19.193+03:00  INFO 56931 --- [ticket-service] [rap-executor-%d] c.n.d.s.r.aws.ConfigClusterResolver      : Resolving eureka endpoints via configuration
Hibernate: 
    select
        t1_0.id,
        t1_0.category_id,
        t1_0.created_at,
        t1_0.order_id,
        t1_0.reserved_at,
        t1_0.seat_info,
        t1_0.session_id,
        t1_0.sold_at,
        t1_0.status,
        t1_0.ticket_code,
        t1_0.used_at,
        t1_0.user_id 
    from
        tickets t1_0 
    where
        t1_0.status='RESERVED' 
        and t1_0.reserved_at<?
Hibernate: 
    select
        t1_0.id,
        t1_0.category_id,
        t1_0.created_at,
        t1_0.order_id,
        t1_0.reserved_at,
        t1_0.seat_info,
        t1_0.session_id,
        t1_0.sold_at,
        t1_0.status,
        t1_0.ticket_code,
        t1_0.used_at,
        t1_0.user_id 
    from
        tickets t1_0 
    where
        t1_0.status='RESERVED' 
        and t1_0.reserved_at<?
Hibernate: 
    select
        t1_0.id,
        t1_0.category_id,
        t1_0.created_at,
        t1_0.order_id,
        t1_0.reserved_at,
        t1_0.seat_info,
        t1_0.session_id,
        t1_0.sold_at,
        t1_0.status,
        t1_0.ticket_code,
        t1_0.used_at,
        t1_0.user_id 
    from
        tickets t1_0 
    where
        t1_0.status='RESERVED' 
        and t1_0.reserved_at<?
Hibernate: 
    select
        t1_0.id,
        t1_0.category_id,
        t1_0.created_at,
        t1_0.order_id,
        t1_0.reserved_at,
        t1_0.seat_info,
        t1_0.session_id,
        t1_0.sold_at,
        t1_0.status,
        t1_0.ticket_code,
        t1_0.used_at,
        t1_0.user_id 
    from
        tickets t1_0 
    where
        t1_0.status='RESERVED' 
        and t1_0.reserved_at<?
Hibernate: 
    select
        t1_0.id,
        t1_0.category_id,
        t1_0.created_at,
        t1_0.order_id,
        t1_0.reserved_at,
        t1_0.seat_info,
        t1_0.session_id,
        t1_0.sold_at,
        t1_0.status,
        t1_0.ticket_code,
        t1_0.used_at,
        t1_0.user_id 
    from
        tickets t1_0 
    where
        t1_0.status='RESERVED' 
        and t1_0.reserved_at<?
2026-01-19T19:19:19.198+03:00  INFO 56931 --- [ticket-service] [rap-executor-%d] c.n.d.s.r.aws.ConfigClusterResolver      : Resolving eureka endpoints via configuration
Hibernate: 
    select
        t1_0.id,
        t1_0.category_id,
        t1_0.created_at,
        t1_0.order_id,
        t1_0.reserved_at,
        t1_0.seat_info,
        t1_0.session_id,
        t1_0.sold_at,
        t1_0.status,
        t1_0.ticket_code,
        t1_0.used_at,
        t1_0.user_id 
    from
        tickets t1_0 
    where
        t1_0.status='RESERVED' 
        and t1_0.reserved_at<?
Hibernate: 
    select
        t1_0.id,
        t1_0.category_id,
        t1_0.created_at,
        t1_0.order_id,
        t1_0.reserved_at,
        t1_0.seat_info,
        t1_0.session_id,
        t1_0.sold_at,
        t1_0.status,
        t1_0.ticket_code,
        t1_0.used_at,
        t1_0.user_id 
    from
        tickets t1_0 
    where
        t1_0.status='RESERVED' 
        and t1_0.reserved_at<?
Hibernate: 
    select
        t1_0.id,
        t1_0.category_id,
        t1_0.created_at,
        t1_0.order_id,
        t1_0.reserved_at,
        t1_0.seat_info,
        t1_0.session_id,
        t1_0.sold_at,
        t1_0.status,
        t1_0.ticket_code,
        t1_0.used_at,
        t1_0.user_id 
    from
        tickets t1_0 
    where
        t1_0.status='RESERVED' 
        and t1_0.reserved_at<?
Hibernate: 
    select
        t1_0.id,
        t1_0.category_id,
        t1_0.created_at,
        t1_0.order_id,
        t1_0.reserved_at,
        t1_0.seat_info,
        t1_0.session_id,
        t1_0.sold_at,
        t1_0.status,
        t1_0.ticket_code,
        t1_0.used_at,
        t1_0.user_id 
    from
        tickets t1_0 
    where
        t1_0.status='RESERVED' 
        and t1_0.reserved_at<?
Hibernate: 
    select
        t1_0.id,
        t1_0.category_id,
        t1_0.created_at,
        t1_0.order_id,
        t1_0.reserved_at,
        t1_0.seat_info,
        t1_0.session_id,
        t1_0.sold_at,
        t1_0.status,
        t1_0.ticket_code,
        t1_0.used_at,
        t1_0.user_id 
    from
        tickets t1_0 
    where
        t1_0.status='RESERVED' 
        and t1_0.reserved_at<?
2026-01-19T19:24:19.208+03:00  INFO 56931 --- [ticket-service] [rap-executor-%d] c.n.d.s.r.aws.ConfigClusterResolver      : Resolving eureka endpoints via configuration
Hibernate: 
    select
        t1_0.id,
        t1_0.category_id,
        t1_0.created_at,
        t1_0.order_id,
        t1_0.reserved_at,
        t1_0.seat_info,
        t1_0.session_id,
        t1_0.sold_at,
        t1_0.status,
        t1_0.ticket_code,
        t1_0.used_at,
        t1_0.user_id 
    from
        tickets t1_0 
    where
        t1_0.status='RESERVED' 
        and t1_0.reserved_at<?
Hibernate: 
    select
        t1_0.id,
        t1_0.category_id,
        t1_0.created_at,
        t1_0.order_id,
        t1_0.reserved_at,
        t1_0.seat_info,
        t1_0.session_id,
        t1_0.sold_at,
        t1_0.status,
        t1_0.ticket_code,
        t1_0.used_at,
        t1_0.user_id 
    from
        tickets t1_0 
    where
        t1_0.status='RESERVED' 
        and t1_0.reserved_at<?
Hibernate: 
    select
        t1_0.id,
        t1_0.category_id,
        t1_0.created_at,
        t1_0.order_id,
        t1_0.reserved_at,
        t1_0.seat_info,
        t1_0.session_id,
        t1_0.sold_at,
        t1_0.status,
        t1_0.ticket_code,
        t1_0.used_at,
        t1_0.user_id 
    from
        tickets t1_0 
    where
        t1_0.status='RESERVED' 
        and t1_0.reserved_at<?
Hibernate: 
    select
        t1_0.id,
        t1_0.category_id,
        t1_0.created_at,
        t1_0.order_id,
        t1_0.reserved_at,
        t1_0.seat_info,
        t1_0.session_id,
        t1_0.sold_at,
        t1_0.status,
        t1_0.ticket_code,
        t1_0.used_at,
        t1_0.user_id 
    from
        tickets t1_0 
    where
        t1_0.status='RESERVED' 
        and t1_0.reserved_at<?
Hibernate: 
    select
        t1_0.id,
        t1_0.category_id,
        t1_0.created_at,
        t1_0.order_id,
        t1_0.reserved_at,
        t1_0.seat_info,
        t1_0.session_id,
        t1_0.sold_at,
        t1_0.status,
        t1_0.ticket_code,
        t1_0.used_at,
        t1_0.user_id 
    from
        tickets t1_0 
    where
        t1_0.status='RESERVED' 
        and t1_0.reserved_at<?
2026-01-19T19:29:19.247+03:00  INFO 56931 --- [ticket-service] [rap-executor-%d] c.n.d.s.r.aws.ConfigClusterResolver      : Resolving eureka endpoints via configuration
Hibernate: 
    select
        t1_0.id,
        t1_0.category_id,
        t1_0.created_at,
        t1_0.order_id,
        t1_0.reserved_at,
        t1_0.seat_info,
        t1_0.session_id,
        t1_0.sold_at,
        t1_0.status,
        t1_0.ticket_code,
        t1_0.used_at,
        t1_0.user_id 
    from
        tickets t1_0 
    where
        t1_0.status='RESERVED' 
        and t1_0.reserved_at<?
Hibernate: 
    select
        t1_0.id,
        t1_0.category_id,
        t1_0.created_at,
        t1_0.order_id,
        t1_0.reserved_at,
        t1_0.seat_info,
        t1_0.session_id,
        t1_0.sold_at,
        t1_0.status,
        t1_0.ticket_code,
        t1_0.used_at,
        t1_0.user_id 
    from
        tickets t1_0 
    where
        t1_0.status='RESERVED' 
        and t1_0.reserved_at<?
Hibernate: 
    select
        t1_0.id,
        t1_0.category_id,
        t1_0.created_at,
        t1_0.order_id,
        t1_0.reserved_at,
        t1_0.seat_info,
        t1_0.session_id,
        t1_0.sold_at,
        t1_0.status,
        t1_0.ticket_code,
        t1_0.used_at,
        t1_0.user_id 
    from
        tickets t1_0 
    where
        t1_0.status='RESERVED' 
        and t1_0.reserved_at<?
Hibernate: 
    select
        t1_0.id,
        t1_0.category_id,
        t1_0.created_at,
        t1_0.order_id,
        t1_0.reserved_at,
        t1_0.seat_info,
        t1_0.session_id,
        t1_0.sold_at,
        t1_0.status,
        t1_0.ticket_code,
        t1_0.used_at,
        t1_0.user_id 
    from
        tickets t1_0 
    where
        t1_0.status='RESERVED' 
        and t1_0.reserved_at<?
Hibernate: 
    select
        t1_0.id,
        t1_0.category_id,
        t1_0.created_at,
        t1_0.order_id,
        t1_0.reserved_at,
        t1_0.seat_info,
        t1_0.session_id,
        t1_0.sold_at,
        t1_0.status,
        t1_0.ticket_code,
        t1_0.used_at,
        t1_0.user_id 
    from
        tickets t1_0 
    where
        t1_0.status='RESERVED' 
        and t1_0.reserved_at<?
2026-01-19T19:34:19.258+03:00  INFO 56931 --- [ticket-service] [rap-executor-%d] c.n.d.s.r.aws.ConfigClusterResolver      : Resolving eureka endpoints via configuration
Hibernate: 
    select
        t1_0.id,
        t1_0.category_id,
        t1_0.created_at,
        t1_0.order_id,
        t1_0.reserved_at,
        t1_0.seat_info,
        t1_0.session_id,
        t1_0.sold_at,
        t1_0.status,
        t1_0.ticket_code,
        t1_0.used_at,
        t1_0.user_id 
    from
        tickets t1_0 
    where
        t1_0.status='RESERVED' 
        and t1_0.reserved_at<?
Hibernate: 
    select
        t1_0.id,
        t1_0.category_id,
        t1_0.created_at,
        t1_0.order_id,
        t1_0.reserved_at,
        t1_0.seat_info,
        t1_0.session_id,
        t1_0.sold_at,
        t1_0.status,
        t1_0.ticket_code,
        t1_0.used_at,
        t1_0.user_id 
    from
        tickets t1_0 
    where
        t1_0.status='RESERVED' 
        and t1_0.reserved_at<?
Hibernate: 
    select
        t1_0.id,
        t1_0.category_id,
        t1_0.created_at,
        t1_0.order_id,
        t1_0.reserved_at,
        t1_0.seat_info,
        t1_0.session_id,
        t1_0.sold_at,
        t1_0.status,
        t1_0.ticket_code,
        t1_0.used_at,
        t1_0.user_id 
    from
        tickets t1_0 
    where
        t1_0.status='RESERVED' 
        and t1_0.reserved_at<?
Hibernate: 
    select
        t1_0.id,
        t1_0.category_id,
        t1_0.created_at,
        t1_0.order_id,
        t1_0.reserved_at,
        t1_0.seat_info,
        t1_0.session_id,
        t1_0.sold_at,
        t1_0.status,
        t1_0.ticket_code,
        t1_0.used_at,
        t1_0.user_id 
    from
        tickets t1_0 
    where
        t1_0.status='RESERVED' 
        and t1_0.reserved_at<?
Hibernate: 
    select
        t1_0.id,
        t1_0.category_id,
        t1_0.created_at,
        t1_0.order_id,
        t1_0.reserved_at,
        t1_0.seat_info,
        t1_0.session_id,
        t1_0.sold_at,
        t1_0.status,
        t1_0.ticket_code,
        t1_0.used_at,
        t1_0.user_id 
    from
        tickets t1_0 
    where
        t1_0.status='RESERVED' 
        and t1_0.reserved_at<?
2026-01-19T19:39:19.273+03:00  INFO 56931 --- [ticket-service] [rap-executor-%d] c.n.d.s.r.aws.ConfigClusterResolver      : Resolving eureka endpoints via configuration
Hibernate: 
    select
        t1_0.id,
        t1_0.category_id,
        t1_0.created_at,
        t1_0.order_id,
        t1_0.reserved_at,
        t1_0.seat_info,
        t1_0.session_id,
        t1_0.sold_at,
        t1_0.status,
        t1_0.ticket_code,
        t1_0.used_at,
        t1_0.user_id 
    from
        tickets t1_0 
    where
        t1_0.status='RESERVED' 
        and t1_0.reserved_at<?
Hibernate: 
    select
        t1_0.id,
        t1_0.category_id,
        t1_0.created_at,
        t1_0.order_id,
        t1_0.reserved_at,
        t1_0.seat_info,
        t1_0.session_id,
        t1_0.sold_at,
        t1_0.status,
        t1_0.ticket_code,
        t1_0.used_at,
        t1_0.user_id 
    from
        tickets t1_0 
    where
        t1_0.status='RESERVED' 
        and t1_0.reserved_at<?
Hibernate: 
    select
        t1_0.id,
        t1_0.category_id,
        t1_0.created_at,
        t1_0.order_id,
        t1_0.reserved_at,
        t1_0.seat_info,
        t1_0.session_id,
        t1_0.sold_at,
        t1_0.status,
        t1_0.ticket_code,
        t1_0.used_at,
        t1_0.user_id 
    from
        tickets t1_0 
    where
        t1_0.status='RESERVED' 
        and t1_0.reserved_at<?
Hibernate: 
    select
        t1_0.id,
        t1_0.category_id,
        t1_0.created_at,
        t1_0.order_id,
        t1_0.reserved_at,
        t1_0.seat_info,
        t1_0.session_id,
        t1_0.sold_at,
        t1_0.status,
        t1_0.ticket_code,
        t1_0.used_at,
        t1_0.user_id 
    from
        tickets t1_0 
    where
        t1_0.status='RESERVED' 
        and t1_0.reserved_at<?
Hibernate: 
    select
        t1_0.id,
        t1_0.category_id,
        t1_0.created_at,
        t1_0.order_id,
        t1_0.reserved_at,
        t1_0.seat_info,
        t1_0.session_id,
        t1_0.sold_at,
        t1_0.status,
        t1_0.ticket_code,
        t1_0.used_at,
        t1_0.user_id 
    from
        tickets t1_0 
    where
        t1_0.status='RESERVED' 
        and t1_0.reserved_at<?
2026-01-19T19:44:19.278+03:00  INFO 56931 --- [ticket-service] [rap-executor-%d] c.n.d.s.r.aws.ConfigClusterResolver      : Resolving eureka endpoints via configuration
Hibernate: 
    select
        t1_0.id,
        t1_0.category_id,
        t1_0.created_at,
        t1_0.order_id,
        t1_0.reserved_at,
        t1_0.seat_info,
        t1_0.session_id,
        t1_0.sold_at,
        t1_0.status,
        t1_0.ticket_code,
        t1_0.used_at,
        t1_0.user_id 
    from
        tickets t1_0 
    where
        t1_0.status='RESERVED' 
        and t1_0.reserved_at<?
Hibernate: 
    select
        t1_0.id,
        t1_0.category_id,
        t1_0.created_at,
        t1_0.order_id,
        t1_0.reserved_at,
        t1_0.seat_info,
        t1_0.session_id,
        t1_0.sold_at,
        t1_0.status,
        t1_0.ticket_code,
        t1_0.used_at,
        t1_0.user_id 
    from
        tickets t1_0 
    where
        t1_0.status='RESERVED' 
        and t1_0.reserved_at<?
Hibernate: 
    select
        t1_0.id,
        t1_0.category_id,
        t1_0.created_at,
        t1_0.order_id,
        t1_0.reserved_at,
        t1_0.seat_info,
        t1_0.session_id,
        t1_0.sold_at,
        t1_0.status,
        t1_0.ticket_code,
        t1_0.used_at,
        t1_0.user_id 
    from
        tickets t1_0 
    where
        t1_0.status='RESERVED' 
        and t1_0.reserved_at<?
Hibernate: 
    select
        t1_0.id,
        t1_0.category_id,
        t1_0.created_at,
        t1_0.order_id,
        t1_0.reserved_at,
        t1_0.seat_info,
        t1_0.session_id,
        t1_0.sold_at,
        t1_0.status,
        t1_0.ticket_code,
        t1_0.used_at,
        t1_0.user_id 
    from
        tickets t1_0 
    where
        t1_0.status='RESERVED' 
        and t1_0.reserved_at<?
Hibernate: 
    select
        t1_0.id,
        t1_0.category_id,
        t1_0.created_at,
        t1_0.order_id,
        t1_0.reserved_at,
        t1_0.seat_info,
        t1_0.session_id,
        t1_0.sold_at,
        t1_0.status,
        t1_0.ticket_code,
        t1_0.used_at,
        t1_0.user_id 
    from
        tickets t1_0 
    where
        t1_0.status='RESERVED' 
        and t1_0.reserved_at<?
2026-01-19T19:49:19.286+03:00  INFO 56931 --- [ticket-service] [rap-executor-%d] c.n.d.s.r.aws.ConfigClusterResolver      : Resolving eureka endpoints via configuration
Hibernate: 
    select
        t1_0.id,
        t1_0.category_id,
        t1_0.created_at,
        t1_0.order_id,
        t1_0.reserved_at,
        t1_0.seat_info,
        t1_0.session_id,
        t1_0.sold_at,
        t1_0.status,
        t1_0.ticket_code,
        t1_0.used_at,
        t1_0.user_id 
    from
        tickets t1_0 
    where
        t1_0.status='RESERVED' 
        and t1_0.reserved_at<?
Hibernate: 
    select
        t1_0.id,
        t1_0.category_id,
        t1_0.created_at,
        t1_0.order_id,
        t1_0.reserved_at,
        t1_0.seat_info,
        t1_0.session_id,
        t1_0.sold_at,
        t1_0.status,
        t1_0.ticket_code,
        t1_0.used_at,
        t1_0.user_id 
    from
        tickets t1_0 
    where
        t1_0.status='RESERVED' 
        and t1_0.reserved_at<?
Hibernate: 
    select
        t1_0.id,
        t1_0.category_id,
        t1_0.created_at,
        t1_0.order_id,
        t1_0.reserved_at,
        t1_0.seat_info,
        t1_0.session_id,
        t1_0.sold_at,
        t1_0.status,
        t1_0.ticket_code,
        t1_0.used_at,
        t1_0.user_id 
    from
        tickets t1_0 
    where
        t1_0.status='RESERVED' 
        and t1_0.reserved_at<?
Hibernate: 
    select
        t1_0.id,
        t1_0.category_id,
        t1_0.created_at,
        t1_0.order_id,
        t1_0.reserved_at,
        t1_0.seat_info,
        t1_0.session_id,
        t1_0.sold_at,
        t1_0.status,
        t1_0.ticket_code,
        t1_0.used_at,
        t1_0.user_id 
    from
        tickets t1_0 
    where
        t1_0.status='RESERVED' 
        and t1_0.reserved_at<?
Hibernate: 
    select
        t1_0.id,
        t1_0.category_id,
        t1_0.created_at,
        t1_0.order_id,
        t1_0.reserved_at,
        t1_0.seat_info,
        t1_0.session_id,
        t1_0.sold_at,
        t1_0.status,
        t1_0.ticket_code,
        t1_0.used_at,
        t1_0.user_id 
    from
        tickets t1_0 
    where
        t1_0.status='RESERVED' 
        and t1_0.reserved_at<?
2026-01-19T19:54:19.291+03:00  INFO 56931 --- [ticket-service] [rap-executor-%d] c.n.d.s.r.aws.ConfigClusterResolver      : Resolving eureka endpoints via configuration
Hibernate: 
    select
        t1_0.id,
        t1_0.category_id,
        t1_0.created_at,
        t1_0.order_id,
        t1_0.reserved_at,
        t1_0.seat_info,
        t1_0.session_id,
        t1_0.sold_at,
        t1_0.status,
        t1_0.ticket_code,
        t1_0.used_at,
        t1_0.user_id 
    from
        tickets t1_0 
    where
        t1_0.status='RESERVED' 
        and t1_0.reserved_at<?
Hibernate: 
    select
        t1_0.id,
        t1_0.category_id,
        t1_0.created_at,
        t1_0.order_id,
        t1_0.reserved_at,
        t1_0.seat_info,
        t1_0.session_id,
        t1_0.sold_at,
        t1_0.status,
        t1_0.ticket_code,
        t1_0.used_at,
        t1_0.user_id 
    from
        tickets t1_0 
    where
        t1_0.status='RESERVED' 
        and t1_0.reserved_at<?
Hibernate: 
    select
        t1_0.id,
        t1_0.category_id,
        t1_0.created_at,
        t1_0.order_id,
        t1_0.reserved_at,
        t1_0.seat_info,
        t1_0.session_id,
        t1_0.sold_at,
        t1_0.status,
        t1_0.ticket_code,
        t1_0.used_at,
        t1_0.user_id 
    from
        tickets t1_0 
    where
        t1_0.status='RESERVED' 
        and t1_0.reserved_at<?
Hibernate: 
    select
        t1_0.id,
        t1_0.category_id,
        t1_0.created_at,
        t1_0.order_id,
        t1_0.reserved_at,
        t1_0.seat_info,
        t1_0.session_id,
        t1_0.sold_at,
        t1_0.status,
        t1_0.ticket_code,
        t1_0.used_at,
        t1_0.user_id 
    from
        tickets t1_0 
    where
        t1_0.status='RESERVED' 
        and t1_0.reserved_at<?
Hibernate: 
    select
        t1_0.id,
        t1_0.category_id,
        t1_0.created_at,
        t1_0.order_id,
        t1_0.reserved_at,
        t1_0.seat_info,
        t1_0.session_id,
        t1_0.sold_at,
        t1_0.status,
        t1_0.ticket_code,
        t1_0.used_at,
        t1_0.user_id 
    from
        tickets t1_0 
    where
        t1_0.status='RESERVED' 
        and t1_0.reserved_at<?
2026-01-19T19:59:19.297+03:00  INFO 56931 --- [ticket-service] [rap-executor-%d] c.n.d.s.r.aws.ConfigClusterResolver      : Resolving eureka endpoints via configuration
Hibernate: 
    select
        t1_0.id,
        t1_0.category_id,
        t1_0.created_at,
        t1_0.order_id,
        t1_0.reserved_at,
        t1_0.seat_info,
        t1_0.session_id,
        t1_0.sold_at,
        t1_0.status,
        t1_0.ticket_code,
        t1_0.used_at,
        t1_0.user_id 
    from
        tickets t1_0 
    where
        t1_0.status='RESERVED' 
        and t1_0.reserved_at<?
Hibernate: 
    select
        t1_0.id,
        t1_0.category_id,
        t1_0.created_at,
        t1_0.order_id,
        t1_0.reserved_at,
        t1_0.seat_info,
        t1_0.session_id,
        t1_0.sold_at,
        t1_0.status,
        t1_0.ticket_code,
        t1_0.used_at,
        t1_0.user_id 
    from
        tickets t1_0 
    where
        t1_0.status='RESERVED' 
        and t1_0.reserved_at<?
Hibernate: 
    select
        t1_0.id,
        t1_0.category_id,
        t1_0.created_at,
        t1_0.order_id,
        t1_0.reserved_at,
        t1_0.seat_info,
        t1_0.session_id,
        t1_0.sold_at,
        t1_0.status,
        t1_0.ticket_code,
        t1_0.used_at,
        t1_0.user_id 
    from
        tickets t1_0 
    where
        t1_0.status='RESERVED' 
        and t1_0.reserved_at<?
Hibernate: 
    select
        t1_0.id,
        t1_0.category_id,
        t1_0.created_at,
        t1_0.order_id,
        t1_0.reserved_at,
        t1_0.seat_info,
        t1_0.session_id,
        t1_0.sold_at,
        t1_0.status,
        t1_0.ticket_code,
        t1_0.used_at,
        t1_0.user_id 
    from
        tickets t1_0 
    where
        t1_0.status='RESERVED' 
        and t1_0.reserved_at<?
Hibernate: 
    select
        t1_0.id,
        t1_0.category_id,
        t1_0.created_at,
        t1_0.order_id,
        t1_0.reserved_at,
        t1_0.seat_info,
        t1_0.session_id,
        t1_0.sold_at,
        t1_0.status,
        t1_0.ticket_code,
        t1_0.used_at,
        t1_0.user_id 
    from
        tickets t1_0 
    where
        t1_0.status='RESERVED' 
        and t1_0.reserved_at<?
2026-01-19T20:04:19.302+03:00  INFO 56931 --- [ticket-service] [rap-executor-%d] c.n.d.s.r.aws.ConfigClusterResolver      : Resolving eureka endpoints via configuration
Hibernate: 
    select
        t1_0.id,
        t1_0.category_id,
        t1_0.created_at,
        t1_0.order_id,
        t1_0.reserved_at,
        t1_0.seat_info,
        t1_0.session_id,
        t1_0.sold_at,
        t1_0.status,
        t1_0.ticket_code,
        t1_0.used_at,
        t1_0.user_id 
    from
        tickets t1_0 
    where
        t1_0.status='RESERVED' 
        and t1_0.reserved_at<?
Hibernate: 
    select
        t1_0.id,
        t1_0.category_id,
        t1_0.created_at,
        t1_0.order_id,
        t1_0.reserved_at,
        t1_0.seat_info,
        t1_0.session_id,
        t1_0.sold_at,
        t1_0.status,
        t1_0.ticket_code,
        t1_0.used_at,
        t1_0.user_id 
    from
        tickets t1_0 
    where
        t1_0.status='RESERVED' 
        and t1_0.reserved_at<?
Hibernate: 
    select
        t1_0.id,
        t1_0.category_id,
        t1_0.created_at,
        t1_0.order_id,
        t1_0.reserved_at,
        t1_0.seat_info,
        t1_0.session_id,
        t1_0.sold_at,
        t1_0.status,
        t1_0.ticket_code,
        t1_0.used_at,
        t1_0.user_id 
    from
        tickets t1_0 
    where
        t1_0.status='RESERVED' 
        and t1_0.reserved_at<?
Hibernate: 
    select
        t1_0.id,
        t1_0.category_id,
        t1_0.created_at,
        t1_0.order_id,
        t1_0.reserved_at,
        t1_0.seat_info,
        t1_0.session_id,
        t1_0.sold_at,
        t1_0.status,
        t1_0.ticket_code,
        t1_0.used_at,
        t1_0.user_id 
    from
        tickets t1_0 
    where
        t1_0.status='RESERVED' 
        and t1_0.reserved_at<?
Hibernate: 
    select
        t1_0.id,
        t1_0.category_id,
        t1_0.created_at,
        t1_0.order_id,
        t1_0.reserved_at,
        t1_0.seat_info,
        t1_0.session_id,
        t1_0.sold_at,
        t1_0.status,
        t1_0.ticket_code,
        t1_0.used_at,
        t1_0.user_id 
    from
        tickets t1_0 
    where
        t1_0.status='RESERVED' 
        and t1_0.reserved_at<?
2026-01-19T20:09:19.313+03:00  INFO 56931 --- [ticket-service] [rap-executor-%d] c.n.d.s.r.aws.ConfigClusterResolver      : Resolving eureka endpoints via configuration
Hibernate: 
    select
        t1_0.id,
        t1_0.category_id,
        t1_0.created_at,
        t1_0.order_id,
        t1_0.reserved_at,
        t1_0.seat_info,
        t1_0.session_id,
        t1_0.sold_at,
        t1_0.status,
        t1_0.ticket_code,
        t1_0.used_at,
        t1_0.user_id 
    from
        tickets t1_0 
    where
        t1_0.status='RESERVED' 
        and t1_0.reserved_at<?
Hibernate: 
    select
        t1_0.id,
        t1_0.category_id,
        t1_0.created_at,
        t1_0.order_id,
        t1_0.reserved_at,
        t1_0.seat_info,
        t1_0.session_id,
        t1_0.sold_at,
        t1_0.status,
        t1_0.ticket_code,
        t1_0.used_at,
        t1_0.user_id 
    from
        tickets t1_0 
    where
        t1_0.status='RESERVED' 
        and t1_0.reserved_at<?
Hibernate: 
    select
        t1_0.id,
        t1_0.category_id,
        t1_0.created_at,
        t1_0.order_id,
        t1_0.reserved_at,
        t1_0.seat_info,
        t1_0.session_id,
        t1_0.sold_at,
        t1_0.status,
        t1_0.ticket_code,
        t1_0.used_at,
        t1_0.user_id 
    from
        tickets t1_0 
    where
        t1_0.status='RESERVED' 
        and t1_0.reserved_at<?
Hibernate: 
    select
        t1_0.id,
        t1_0.category_id,
        t1_0.created_at,
        t1_0.order_id,
        t1_0.reserved_at,
        t1_0.seat_info,
        t1_0.session_id,
        t1_0.sold_at,
        t1_0.status,
        t1_0.ticket_code,
        t1_0.used_at,
        t1_0.user_id 
    from
        tickets t1_0 
    where
        t1_0.status='RESERVED' 
        and t1_0.reserved_at<?
Hibernate: 
    select
        t1_0.id,
        t1_0.category_id,
        t1_0.created_at,
        t1_0.order_id,
        t1_0.reserved_at,
        t1_0.seat_info,
        t1_0.session_id,
        t1_0.sold_at,
        t1_0.status,
        t1_0.ticket_code,
        t1_0.used_at,
        t1_0.user_id 
    from
        tickets t1_0 
    where
        t1_0.status='RESERVED' 
        and t1_0.reserved_at<?
2026-01-19T20:14:19.317+03:00  INFO 56931 --- [ticket-service] [rap-executor-%d] c.n.d.s.r.aws.ConfigClusterResolver      : Resolving eureka endpoints via configuration
Hibernate: 
    select
        t1_0.id,
        t1_0.category_id,
        t1_0.created_at,
        t1_0.order_id,
        t1_0.reserved_at,
        t1_0.seat_info,
        t1_0.session_id,
        t1_0.sold_at,
        t1_0.status,
        t1_0.ticket_code,
        t1_0.used_at,
        t1_0.user_id 
    from
        tickets t1_0 
    where
        t1_0.status='RESERVED' 
        and t1_0.reserved_at<?
Hibernate: 
    select
        t1_0.id,
        t1_0.category_id,
        t1_0.created_at,
        t1_0.order_id,
        t1_0.reserved_at,
        t1_0.seat_info,
        t1_0.session_id,
        t1_0.sold_at,
        t1_0.status,
        t1_0.ticket_code,
        t1_0.used_at,
        t1_0.user_id 
    from
        tickets t1_0 
    where
        t1_0.status='RESERVED' 
        and t1_0.reserved_at<?
Hibernate: 
    select
        t1_0.id,
        t1_0.category_id,
        t1_0.created_at,
        t1_0.order_id,
        t1_0.reserved_at,
        t1_0.seat_info,
        t1_0.session_id,
        t1_0.sold_at,
        t1_0.status,
        t1_0.ticket_code,
        t1_0.used_at,
        t1_0.user_id 
    from
        tickets t1_0 
    where
        t1_0.status='RESERVED' 
        and t1_0.reserved_at<?
Hibernate: 
    select
        t1_0.id,
        t1_0.category_id,
        t1_0.created_at,
        t1_0.order_id,
        t1_0.reserved_at,
        t1_0.seat_info,
        t1_0.session_id,
        t1_0.sold_at,
        t1_0.status,
        t1_0.ticket_code,
        t1_0.used_at,
        t1_0.user_id 
    from
        tickets t1_0 
    where
        t1_0.status='RESERVED' 
        and t1_0.reserved_at<?
Hibernate: 
    select
        t1_0.id,
        t1_0.category_id,
        t1_0.created_at,
        t1_0.order_id,
        t1_0.reserved_at,
        t1_0.seat_info,
        t1_0.session_id,
        t1_0.sold_at,
        t1_0.status,
        t1_0.ticket_code,
        t1_0.used_at,
        t1_0.user_id 
    from
        tickets t1_0 
    where
        t1_0.status='RESERVED' 
        and t1_0.reserved_at<?
2026-01-19T20:19:19.321+03:00  INFO 56931 --- [ticket-service] [rap-executor-%d] c.n.d.s.r.aws.ConfigClusterResolver      : Resolving eureka endpoints via configuration
Hibernate: 
    select
        t1_0.id,
        t1_0.category_id,
        t1_0.created_at,
        t1_0.order_id,
        t1_0.reserved_at,
        t1_0.seat_info,
        t1_0.session_id,
        t1_0.sold_at,
        t1_0.status,
        t1_0.ticket_code,
        t1_0.used_at,
        t1_0.user_id 
    from
        tickets t1_0 
    where
        t1_0.status='RESERVED' 
        and t1_0.reserved_at<?
Hibernate: 
    select
        t1_0.id,
        t1_0.category_id,
        t1_0.created_at,
        t1_0.order_id,
        t1_0.reserved_at,
        t1_0.seat_info,
        t1_0.session_id,
        t1_0.sold_at,
        t1_0.status,
        t1_0.ticket_code,
        t1_0.used_at,
        t1_0.user_id 
    from
        tickets t1_0 
    where
        t1_0.status='RESERVED' 
        and t1_0.reserved_at<?
Hibernate: 
    select
        t1_0.id,
        t1_0.category_id,
        t1_0.created_at,
        t1_0.order_id,
        t1_0.reserved_at,
        t1_0.seat_info,
        t1_0.session_id,
        t1_0.sold_at,
        t1_0.status,
        t1_0.ticket_code,
        t1_0.used_at,
        t1_0.user_id 
    from
        tickets t1_0 
    where
        t1_0.status='RESERVED' 
        and t1_0.reserved_at<?
Hibernate: 
    select
        t1_0.id,
        t1_0.category_id,
        t1_0.created_at,
        t1_0.order_id,
        t1_0.reserved_at,
        t1_0.seat_info,
        t1_0.session_id,
        t1_0.sold_at,
        t1_0.status,
        t1_0.ticket_code,
        t1_0.used_at,
        t1_0.user_id 
    from
        tickets t1_0 
    where
        t1_0.status='RESERVED' 
        and t1_0.reserved_at<?
Hibernate: 
    select
        t1_0.id,
        t1_0.category_id,
        t1_0.created_at,
        t1_0.order_id,
        t1_0.reserved_at,
        t1_0.seat_info,
        t1_0.session_id,
        t1_0.sold_at,
        t1_0.status,
        t1_0.ticket_code,
        t1_0.used_at,
        t1_0.user_id 
    from
        tickets t1_0 
    where
        t1_0.status='RESERVED' 
        and t1_0.reserved_at<?
2026-01-19T20:24:19.326+03:00  INFO 56931 --- [ticket-service] [rap-executor-%d] c.n.d.s.r.aws.ConfigClusterResolver      : Resolving eureka endpoints via configuration
Hibernate: 
    select
        t1_0.id,
        t1_0.category_id,
        t1_0.created_at,
        t1_0.order_id,
        t1_0.reserved_at,
        t1_0.seat_info,
        t1_0.session_id,
        t1_0.sold_at,
        t1_0.status,
        t1_0.ticket_code,
        t1_0.used_at,
        t1_0.user_id 
    from
        tickets t1_0 
    where
        t1_0.status='RESERVED' 
        and t1_0.reserved_at<?
Hibernate: 
    select
        t1_0.id,
        t1_0.category_id,
        t1_0.created_at,
        t1_0.order_id,
        t1_0.reserved_at,
        t1_0.seat_info,
        t1_0.session_id,
        t1_0.sold_at,
        t1_0.status,
        t1_0.ticket_code,
        t1_0.used_at,
        t1_0.user_id 
    from
        tickets t1_0 
    where
        t1_0.status='RESERVED' 
        and t1_0.reserved_at<?
Hibernate: 
    select
        t1_0.id,
        t1_0.category_id,
        t1_0.created_at,
        t1_0.order_id,
        t1_0.reserved_at,
        t1_0.seat_info,
        t1_0.session_id,
        t1_0.sold_at,
        t1_0.status,
        t1_0.ticket_code,
        t1_0.used_at,
        t1_0.user_id 
    from
        tickets t1_0 
    where
        t1_0.status='RESERVED' 
        and t1_0.reserved_at<?
Hibernate: 
    select
        t1_0.id,
        t1_0.category_id,
        t1_0.created_at,
        t1_0.order_id,
        t1_0.reserved_at,
        t1_0.seat_info,
        t1_0.session_id,
        t1_0.sold_at,
        t1_0.status,
        t1_0.ticket_code,
        t1_0.used_at,
        t1_0.user_id 
    from
        tickets t1_0 
    where
        t1_0.status='RESERVED' 
        and t1_0.reserved_at<?
Hibernate: 
    select
        t1_0.id,
        t1_0.category_id,
        t1_0.created_at,
        t1_0.order_id,
        t1_0.reserved_at,
        t1_0.seat_info,
        t1_0.session_id,
        t1_0.sold_at,
        t1_0.status,
        t1_0.ticket_code,
        t1_0.used_at,
        t1_0.user_id 
    from
        tickets t1_0 
    where
        t1_0.status='RESERVED' 
        and t1_0.reserved_at<?
2026-01-19T20:29:19.339+03:00  INFO 56931 --- [ticket-service] [rap-executor-%d] c.n.d.s.r.aws.ConfigClusterResolver      : Resolving eureka endpoints via configuration
Hibernate: 
    select
        t1_0.id,
        t1_0.category_id,
        t1_0.created_at,
        t1_0.order_id,
        t1_0.reserved_at,
        t1_0.seat_info,
        t1_0.session_id,
        t1_0.sold_at,
        t1_0.status,
        t1_0.ticket_code,
        t1_0.used_at,
        t1_0.user_id 
    from
        tickets t1_0 
    where
        t1_0.status='RESERVED' 
        and t1_0.reserved_at<?
Hibernate: 
    select
        t1_0.id,
        t1_0.category_id,
        t1_0.created_at,
        t1_0.order_id,
        t1_0.reserved_at,
        t1_0.seat_info,
        t1_0.session_id,
        t1_0.sold_at,
        t1_0.status,
        t1_0.ticket_code,
        t1_0.used_at,
        t1_0.user_id 
    from
        tickets t1_0 
    where
        t1_0.status='RESERVED' 
        and t1_0.reserved_at<?
Hibernate: 
    select
        t1_0.id,
        t1_0.category_id,
        t1_0.created_at,
        t1_0.order_id,
        t1_0.reserved_at,
        t1_0.seat_info,
        t1_0.session_id,
        t1_0.sold_at,
        t1_0.status,
        t1_0.ticket_code,
        t1_0.used_at,
        t1_0.user_id 
    from
        tickets t1_0 
    where
        t1_0.status='RESERVED' 
        and t1_0.reserved_at<?
Hibernate: 
    select
        t1_0.id,
        t1_0.category_id,
        t1_0.created_at,
        t1_0.order_id,
        t1_0.reserved_at,
        t1_0.seat_info,
        t1_0.session_id,
        t1_0.sold_at,
        t1_0.status,
        t1_0.ticket_code,
        t1_0.used_at,
        t1_0.user_id 
    from
        tickets t1_0 
    where
        t1_0.status='RESERVED' 
        and t1_0.reserved_at<?
Hibernate: 
    select
        t1_0.id,
        t1_0.category_id,
        t1_0.created_at,
        t1_0.order_id,
        t1_0.reserved_at,
        t1_0.seat_info,
        t1_0.session_id,
        t1_0.sold_at,
        t1_0.status,
        t1_0.ticket_code,
        t1_0.used_at,
        t1_0.user_id 
    from
        tickets t1_0 
    where
        t1_0.status='RESERVED' 
        and t1_0.reserved_at<?
2026-01-19T20:34:19.341+03:00  INFO 56931 --- [ticket-service] [rap-executor-%d] c.n.d.s.r.aws.ConfigClusterResolver      : Resolving eureka endpoints via configuration
Hibernate: 
    select
        t1_0.id,
        t1_0.category_id,
        t1_0.created_at,
        t1_0.order_id,
        t1_0.reserved_at,
        t1_0.seat_info,
        t1_0.session_id,
        t1_0.sold_at,
        t1_0.status,
        t1_0.ticket_code,
        t1_0.used_at,
        t1_0.user_id 
    from
        tickets t1_0 
    where
        t1_0.status='RESERVED' 
        and t1_0.reserved_at<?
Hibernate: 
    select
        t1_0.id,
        t1_0.category_id,
        t1_0.created_at,
        t1_0.order_id,
        t1_0.reserved_at,
        t1_0.seat_info,
        t1_0.session_id,
        t1_0.sold_at,
        t1_0.status,
        t1_0.ticket_code,
        t1_0.used_at,
        t1_0.user_id 
    from
        tickets t1_0 
    where
        t1_0.status='RESERVED' 
        and t1_0.reserved_at<?
Hibernate: 
    select
        t1_0.id,
        t1_0.category_id,
        t1_0.created_at,
        t1_0.order_id,
        t1_0.reserved_at,
        t1_0.seat_info,
        t1_0.session_id,
        t1_0.sold_at,
        t1_0.status,
        t1_0.ticket_code,
        t1_0.used_at,
        t1_0.user_id 
    from
        tickets t1_0 
    where
        t1_0.status='RESERVED' 
        and t1_0.reserved_at<?
Hibernate: 
    select
        t1_0.id,
        t1_0.category_id,
        t1_0.created_at,
        t1_0.order_id,
        t1_0.reserved_at,
        t1_0.seat_info,
        t1_0.session_id,
        t1_0.sold_at,
        t1_0.status,
        t1_0.ticket_code,
        t1_0.used_at,
        t1_0.user_id 
    from
        tickets t1_0 
    where
        t1_0.status='RESERVED' 
        and t1_0.reserved_at<?
Hibernate: 
    select
        t1_0.id,
        t1_0.category_id,
        t1_0.created_at,
        t1_0.order_id,
        t1_0.reserved_at,
        t1_0.seat_info,
        t1_0.session_id,
        t1_0.sold_at,
        t1_0.status,
        t1_0.ticket_code,
        t1_0.used_at,
        t1_0.user_id 
    from
        tickets t1_0 
    where
        t1_0.status='RESERVED' 
        and t1_0.reserved_at<?
2026-01-19T20:39:19.352+03:00  INFO 56931 --- [ticket-service] [rap-executor-%d] c.n.d.s.r.aws.ConfigClusterResolver      : Resolving eureka endpoints via configuration
Hibernate: 
    select
        t1_0.id,
        t1_0.category_id,
        t1_0.created_at,
        t1_0.order_id,
        t1_0.reserved_at,
        t1_0.seat_info,
        t1_0.session_id,
        t1_0.sold_at,
        t1_0.status,
        t1_0.ticket_code,
        t1_0.used_at,
        t1_0.user_id 
    from
        tickets t1_0 
    where
        t1_0.status='RESERVED' 
        and t1_0.reserved_at<?
Hibernate: 
    select
        t1_0.id,
        t1_0.category_id,
        t1_0.created_at,
        t1_0.order_id,
        t1_0.reserved_at,
        t1_0.seat_info,
        t1_0.session_id,
        t1_0.sold_at,
        t1_0.status,
        t1_0.ticket_code,
        t1_0.used_at,
        t1_0.user_id 
    from
        tickets t1_0 
    where
        t1_0.status='RESERVED' 
        and t1_0.reserved_at<?
Hibernate: 
    select
        t1_0.id,
        t1_0.category_id,
        t1_0.created_at,
        t1_0.order_id,
        t1_0.reserved_at,
        t1_0.seat_info,
        t1_0.session_id,
        t1_0.sold_at,
        t1_0.status,
        t1_0.ticket_code,
        t1_0.used_at,
        t1_0.user_id 
    from
        tickets t1_0 
    where
        t1_0.status='RESERVED' 
        and t1_0.reserved_at<?
Hibernate: 
    select
        t1_0.id,
        t1_0.category_id,
        t1_0.created_at,
        t1_0.order_id,
        t1_0.reserved_at,
        t1_0.seat_info,
        t1_0.session_id,
        t1_0.sold_at,
        t1_0.status,
        t1_0.ticket_code,
        t1_0.used_at,
        t1_0.user_id 
    from
        tickets t1_0 
    where
        t1_0.status='RESERVED' 
        and t1_0.reserved_at<?
Hibernate: 
    select
        t1_0.id,
        t1_0.category_id,
        t1_0.created_at,
        t1_0.order_id,
        t1_0.reserved_at,
        t1_0.seat_info,
        t1_0.session_id,
        t1_0.sold_at,
        t1_0.status,
        t1_0.ticket_code,
        t1_0.used_at,
        t1_0.user_id 
    from
        tickets t1_0 
    where
        t1_0.status='RESERVED' 
        and t1_0.reserved_at<?
2026-01-19T20:44:19.359+03:00  INFO 56931 --- [ticket-service] [rap-executor-%d] c.n.d.s.r.aws.ConfigClusterResolver      : Resolving eureka endpoints via configuration
Hibernate: 
    select
        t1_0.id,
        t1_0.category_id,
        t1_0.created_at,
        t1_0.order_id,
        t1_0.reserved_at,
        t1_0.seat_info,
        t1_0.session_id,
        t1_0.sold_at,
        t1_0.status,
        t1_0.ticket_code,
        t1_0.used_at,
        t1_0.user_id 
    from
        tickets t1_0 
    where
        t1_0.status='RESERVED' 
        and t1_0.reserved_at<?
Hibernate: 
    select
        t1_0.id,
        t1_0.category_id,
        t1_0.created_at,
        t1_0.order_id,
        t1_0.reserved_at,
        t1_0.seat_info,
        t1_0.session_id,
        t1_0.sold_at,
        t1_0.status,
        t1_0.ticket_code,
        t1_0.used_at,
        t1_0.user_id 
    from
        tickets t1_0 
    where
        t1_0.status='RESERVED' 
        and t1_0.reserved_at<?
Hibernate: 
    select
        t1_0.id,
        t1_0.category_id,
        t1_0.created_at,
        t1_0.order_id,
        t1_0.reserved_at,
        t1_0.seat_info,
        t1_0.session_id,
        t1_0.sold_at,
        t1_0.status,
        t1_0.ticket_code,
        t1_0.used_at,
        t1_0.user_id 
    from
        tickets t1_0 
    where
        t1_0.status='RESERVED' 
        and t1_0.reserved_at<?
Hibernate: 
    select
        t1_0.id,
        t1_0.category_id,
        t1_0.created_at,
        t1_0.order_id,
        t1_0.reserved_at,
        t1_0.seat_info,
        t1_0.session_id,
        t1_0.sold_at,
        t1_0.status,
        t1_0.ticket_code,
        t1_0.used_at,
        t1_0.user_id 
    from
        tickets t1_0 
    where
        t1_0.status='RESERVED' 
        and t1_0.reserved_at<?
Hibernate: 
    select
        t1_0.id,
        t1_0.category_id,
        t1_0.created_at,
        t1_0.order_id,
        t1_0.reserved_at,
        t1_0.seat_info,
        t1_0.session_id,
        t1_0.sold_at,
        t1_0.status,
        t1_0.ticket_code,
        t1_0.used_at,
        t1_0.user_id 
    from
        tickets t1_0 
    where
        t1_0.status='RESERVED' 
        and t1_0.reserved_at<?
2026-01-19T20:49:19.373+03:00  INFO 56931 --- [ticket-service] [rap-executor-%d] c.n.d.s.r.aws.ConfigClusterResolver      : Resolving eureka endpoints via configuration
Hibernate: 
    select
        t1_0.id,
        t1_0.category_id,
        t1_0.created_at,
        t1_0.order_id,
        t1_0.reserved_at,
        t1_0.seat_info,
        t1_0.session_id,
        t1_0.sold_at,
        t1_0.status,
        t1_0.ticket_code,
        t1_0.used_at,
        t1_0.user_id 
    from
        tickets t1_0 
    where
        t1_0.status='RESERVED' 
        and t1_0.reserved_at<?
Hibernate: 
    select
        t1_0.id,
        t1_0.category_id,
        t1_0.created_at,
        t1_0.order_id,
        t1_0.reserved_at,
        t1_0.seat_info,
        t1_0.session_id,
        t1_0.sold_at,
        t1_0.status,
        t1_0.ticket_code,
        t1_0.used_at,
        t1_0.user_id 
    from
        tickets t1_0 
    where
        t1_0.status='RESERVED' 
        and t1_0.reserved_at<?
Hibernate: 
    select
        t1_0.id,
        t1_0.category_id,
        t1_0.created_at,
        t1_0.order_id,
        t1_0.reserved_at,
        t1_0.seat_info,
        t1_0.session_id,
        t1_0.sold_at,
        t1_0.status,
        t1_0.ticket_code,
        t1_0.used_at,
        t1_0.user_id 
    from
        tickets t1_0 
    where
        t1_0.status='RESERVED' 
        and t1_0.reserved_at<?
Hibernate: 
    select
        t1_0.id,
        t1_0.category_id,
        t1_0.created_at,
        t1_0.order_id,
        t1_0.reserved_at,
        t1_0.seat_info,
        t1_0.session_id,
        t1_0.sold_at,
        t1_0.status,
        t1_0.ticket_code,
        t1_0.used_at,
        t1_0.user_id 
    from
        tickets t1_0 
    where
        t1_0.status='RESERVED' 
        and t1_0.reserved_at<?
Hibernate: 
    select
        t1_0.id,
        t1_0.category_id,
        t1_0.created_at,
        t1_0.order_id,
        t1_0.reserved_at,
        t1_0.seat_info,
        t1_0.session_id,
        t1_0.sold_at,
        t1_0.status,
        t1_0.ticket_code,
        t1_0.used_at,
        t1_0.user_id 
    from
        tickets t1_0 
    where
        t1_0.status='RESERVED' 
        and t1_0.reserved_at<?
2026-01-19T20:54:19.383+03:00  INFO 56931 --- [ticket-service] [rap-executor-%d] c.n.d.s.r.aws.ConfigClusterResolver      : Resolving eureka endpoints via configuration
Hibernate: 
    select
        t1_0.id,
        t1_0.category_id,
        t1_0.created_at,
        t1_0.order_id,
        t1_0.reserved_at,
        t1_0.seat_info,
        t1_0.session_id,
        t1_0.sold_at,
        t1_0.status,
        t1_0.ticket_code,
        t1_0.used_at,
        t1_0.user_id 
    from
        tickets t1_0 
    where
        t1_0.status='RESERVED' 
        and t1_0.reserved_at<?
Hibernate: 
    select
        t1_0.id,
        t1_0.category_id,
        t1_0.created_at,
        t1_0.order_id,
        t1_0.reserved_at,
        t1_0.seat_info,
        t1_0.session_id,
        t1_0.sold_at,
        t1_0.status,
        t1_0.ticket_code,
        t1_0.used_at,
        t1_0.user_id 
    from
        tickets t1_0 
    where
        t1_0.status='RESERVED' 
        and t1_0.reserved_at<?
Hibernate: 
    select
        t1_0.id,
        t1_0.category_id,
        t1_0.created_at,
        t1_0.order_id,
        t1_0.reserved_at,
        t1_0.seat_info,
        t1_0.session_id,
        t1_0.sold_at,
        t1_0.status,
        t1_0.ticket_code,
        t1_0.used_at,
        t1_0.user_id 
    from
        tickets t1_0 
    where
        t1_0.status='RESERVED' 
        and t1_0.reserved_at<?
Hibernate: 
    select
        t1_0.id,
        t1_0.category_id,
        t1_0.created_at,
        t1_0.order_id,
        t1_0.reserved_at,
        t1_0.seat_info,
        t1_0.session_id,
        t1_0.sold_at,
        t1_0.status,
        t1_0.ticket_code,
        t1_0.used_at,
        t1_0.user_id 
    from
        tickets t1_0 
    where
        t1_0.status='RESERVED' 
        and t1_0.reserved_at<?
Hibernate: 
    select
        t1_0.id,
        t1_0.category_id,
        t1_0.created_at,
        t1_0.order_id,
        t1_0.reserved_at,
        t1_0.seat_info,
        t1_0.session_id,
        t1_0.sold_at,
        t1_0.status,
        t1_0.ticket_code,
        t1_0.used_at,
        t1_0.user_id 
    from
        tickets t1_0 
    where
        t1_0.status='RESERVED' 
        and t1_0.reserved_at<?
2026-01-19T20:59:19.394+03:00  INFO 56931 --- [ticket-service] [rap-executor-%d] c.n.d.s.r.aws.ConfigClusterResolver      : Resolving eureka endpoints via configuration
Hibernate: 
    select
        t1_0.id,
        t1_0.category_id,
        t1_0.created_at,
        t1_0.order_id,
        t1_0.reserved_at,
        t1_0.seat_info,
        t1_0.session_id,
        t1_0.sold_at,
        t1_0.status,
        t1_0.ticket_code,
        t1_0.used_at,
        t1_0.user_id 
    from
        tickets t1_0 
    where
        t1_0.status='RESERVED' 
        and t1_0.reserved_at<?
Hibernate: 
    select
        t1_0.id,
        t1_0.category_id,
        t1_0.created_at,
        t1_0.order_id,
        t1_0.reserved_at,
        t1_0.seat_info,
        t1_0.session_id,
        t1_0.sold_at,
        t1_0.status,
        t1_0.ticket_code,
        t1_0.used_at,
        t1_0.user_id 
    from
        tickets t1_0 
    where
        t1_0.status='RESERVED' 
        and t1_0.reserved_at<?
Hibernate: 
    select
        t1_0.id,
        t1_0.category_id,
        t1_0.created_at,
        t1_0.order_id,
        t1_0.reserved_at,
        t1_0.seat_info,
        t1_0.session_id,
        t1_0.sold_at,
        t1_0.status,
        t1_0.ticket_code,
        t1_0.used_at,
        t1_0.user_id 
    from
        tickets t1_0 
    where
        t1_0.status='RESERVED' 
        and t1_0.reserved_at<?
Hibernate: 
    select
        t1_0.id,
        t1_0.category_id,
        t1_0.created_at,
        t1_0.order_id,
        t1_0.reserved_at,
        t1_0.seat_info,
        t1_0.session_id,
        t1_0.sold_at,
        t1_0.status,
        t1_0.ticket_code,
        t1_0.used_at,
        t1_0.user_id 
    from
        tickets t1_0 
    where
        t1_0.status='RESERVED' 
        and t1_0.reserved_at<?
Hibernate: 
    select
        t1_0.id,
        t1_0.category_id,
        t1_0.created_at,
        t1_0.order_id,
        t1_0.reserved_at,
        t1_0.seat_info,
        t1_0.session_id,
        t1_0.sold_at,
        t1_0.status,
        t1_0.ticket_code,
        t1_0.used_at,
        t1_0.user_id 
    from
        tickets t1_0 
    where
        t1_0.status='RESERVED' 
        and t1_0.reserved_at<?
2026-01-19T21:04:19.408+03:00  INFO 56931 --- [ticket-service] [rap-executor-%d] c.n.d.s.r.aws.ConfigClusterResolver      : Resolving eureka endpoints via configuration
Hibernate: 
    select
        t1_0.id,
        t1_0.category_id,
        t1_0.created_at,
        t1_0.order_id,
        t1_0.reserved_at,
        t1_0.seat_info,
        t1_0.session_id,
        t1_0.sold_at,
        t1_0.status,
        t1_0.ticket_code,
        t1_0.used_at,
        t1_0.user_id 
    from
        tickets t1_0 
    where
        t1_0.status='RESERVED' 
        and t1_0.reserved_at<?
Hibernate: 
    select
        t1_0.id,
        t1_0.category_id,
        t1_0.created_at,
        t1_0.order_id,
        t1_0.reserved_at,
        t1_0.seat_info,
        t1_0.session_id,
        t1_0.sold_at,
        t1_0.status,
        t1_0.ticket_code,
        t1_0.used_at,
        t1_0.user_id 
    from
        tickets t1_0 
    where
        t1_0.status='RESERVED' 
        and t1_0.reserved_at<?
Hibernate: 
    select
        t1_0.id,
        t1_0.category_id,
        t1_0.created_at,
        t1_0.order_id,
        t1_0.reserved_at,
        t1_0.seat_info,
        t1_0.session_id,
        t1_0.sold_at,
        t1_0.status,
        t1_0.ticket_code,
        t1_0.used_at,
        t1_0.user_id 
    from
        tickets t1_0 
    where
        t1_0.status='RESERVED' 
        and t1_0.reserved_at<?
Hibernate: 
    select
        t1_0.id,
        t1_0.category_id,
        t1_0.created_at,
        t1_0.order_id,
        t1_0.reserved_at,
        t1_0.seat_info,
        t1_0.session_id,
        t1_0.sold_at,
        t1_0.status,
        t1_0.ticket_code,
        t1_0.used_at,
        t1_0.user_id 
    from
        tickets t1_0 
    where
        t1_0.status='RESERVED' 
        and t1_0.reserved_at<?
Hibernate: 
    select
        t1_0.id,
        t1_0.category_id,
        t1_0.created_at,
        t1_0.order_id,
        t1_0.reserved_at,
        t1_0.seat_info,
        t1_0.session_id,
        t1_0.sold_at,
        t1_0.status,
        t1_0.ticket_code,
        t1_0.used_at,
        t1_0.user_id 
    from
        tickets t1_0 
    where
        t1_0.status='RESERVED' 
        and t1_0.reserved_at<?
2026-01-19T21:09:19.411+03:00  INFO 56931 --- [ticket-service] [rap-executor-%d] c.n.d.s.r.aws.ConfigClusterResolver      : Resolving eureka endpoints via configuration
Hibernate: 
    select
        t1_0.id,
        t1_0.category_id,
        t1_0.created_at,
        t1_0.order_id,
        t1_0.reserved_at,
        t1_0.seat_info,
        t1_0.session_id,
        t1_0.sold_at,
        t1_0.status,
        t1_0.ticket_code,
        t1_0.used_at,
        t1_0.user_id 
    from
        tickets t1_0 
    where
        t1_0.status='RESERVED' 
        and t1_0.reserved_at<?
