[INFO] Scanning for projects...
[INFO] 
[INFO] --------------------< com.nightflow:venue-service >---------------------
[INFO] Building venue-service 0.0.1-SNAPSHOT
[INFO]   from pom.xml
[INFO] --------------------------------[ jar ]---------------------------------
[INFO] 
[INFO] >>> spring-boot:4.0.1:run (default-cli) > test-compile @ venue-service >>>
[INFO] 
[INFO] --- resources:3.3.1:resources (default-resources) @ venue-service ---
[INFO] Copying 1 resource from src/main/resources to target/classes
[INFO] Copying 0 resource from src/main/resources to target/classes
[INFO] 
[INFO] --- compiler:3.14.1:compile (default-compile) @ venue-service ---
[INFO] Nothing to compile - all classes are up to date.
[INFO] 
[INFO] --- resources:3.3.1:testResources (default-testResources) @ venue-service ---
[INFO] skip non existing resourceDirectory /Users/kaantopcu/Projects/NightFlow/venue-service/src/test/resources
[INFO] 
[INFO] --- compiler:3.14.1:testCompile (default-testCompile) @ venue-service ---
[INFO] Nothing to compile - all classes are up to date.
[INFO] 
[INFO] <<< spring-boot:4.0.1:run (default-cli) < test-compile @ venue-service <<<
[INFO] 
[INFO] 
[INFO] --- spring-boot:4.0.1:run (default-cli) @ venue-service ---
[INFO] Attaching agents: []

  .   ____          _            __ _ _
 /\\ / ___'_ __ _ _(_)_ __  __ _ \ \ \ \
( ( )\___ | '_ | '_| | '_ \/ _` | \ \ \ \
 \\/  ___)| |_)| | | | | || (_| |  ) ) ) )
  '  |____| .__|_| |_|_| |_\__, | / / / /
 =========|_|==============|___/=/_/_/_/

 :: Spring Boot ::                (v4.0.1)

2026-01-19T18:49:11.409+03:00  INFO 56907 --- [venue-service] [           main] c.n.v.VenueServiceApplication            : Starting VenueServiceApplication using Java 25.0.1 with PID 56907 (/Users/kaantopcu/Projects/NightFlow/venue-service/target/classes started by kaantopcu in /Users/kaantopcu/Projects/NightFlow/venue-service)
2026-01-19T18:49:11.410+03:00 DEBUG 56907 --- [venue-service] [           main] c.n.v.VenueServiceApplication            : Running with Spring Boot v4.0.1, Spring v7.0.2
2026-01-19T18:49:11.410+03:00  INFO 56907 --- [venue-service] [           main] c.n.v.VenueServiceApplication            : The following 1 profile is active: "default"
2026-01-19T18:49:11.509+03:00  INFO 56907 --- [venue-service] [           main] o.s.c.c.c.ConfigServerConfigDataLoader   : Fetching config from server at : http://localhost:8888
2026-01-19T18:49:11.509+03:00  INFO 56907 --- [venue-service] [           main] o.s.c.c.c.ConfigServerConfigDataLoader   : Located environment: name=venue-service, profiles=[default], label=null, version=null, state=null
2026-01-19T18:49:13.104+03:00  INFO 56907 --- [venue-service] [           main] .s.d.r.c.RepositoryConfigurationDelegate : Bootstrapping Spring Data JPA repositories in DEFAULT mode.
2026-01-19T18:49:13.425+03:00  INFO 56907 --- [venue-service] [           main] .s.d.r.c.RepositoryConfigurationDelegate : Finished Spring Data repository scanning in 317 ms. Found 3 JPA repository interfaces.
2026-01-19T18:49:13.722+03:00  INFO 56907 --- [venue-service] [           main] o.s.cloud.context.scope.GenericScope     : BeanFactory id=cff0c227-0828-3990-b3e2-8ba71a12afde
2026-01-19T18:49:14.619+03:00  INFO 56907 --- [venue-service] [           main] o.s.boot.tomcat.TomcatWebServer          : Tomcat initialized with port 8091 (http)
2026-01-19T18:49:14.641+03:00  INFO 56907 --- [venue-service] [           main] o.apache.catalina.core.StandardService   : Starting service [Tomcat]
2026-01-19T18:49:14.641+03:00  INFO 56907 --- [venue-service] [           main] o.apache.catalina.core.StandardEngine    : Starting Servlet engine: [Apache Tomcat/11.0.15]
2026-01-19T18:49:14.744+03:00  INFO 56907 --- [venue-service] [           main] b.w.c.s.WebApplicationContextInitializer : Root WebApplicationContext: initialization completed in 3231 ms
2026-01-19T18:49:15.400+03:00  INFO 56907 --- [venue-service] [           main] org.hibernate.orm.jpa                    : HHH008540: Processing PersistenceUnitInfo [name: default]
2026-01-19T18:49:15.430+03:00  INFO 56907 --- [venue-service] [           main] org.hibernate.orm.core                   : HHH000001: Hibernate ORM core version 7.2.0.Final
2026-01-19T18:49:16.009+03:00  INFO 56907 --- [venue-service] [           main] o.s.o.j.p.SpringPersistenceUnitInfo      : No LoadTimeWeaver setup: ignoring JPA class transformer
2026-01-19T18:49:16.046+03:00  INFO 56907 --- [venue-service] [           main] com.zaxxer.hikari.HikariDataSource       : HikariPool-1 - Starting...
2026-01-19T18:49:16.181+03:00  INFO 56907 --- [venue-service] [           main] com.zaxxer.hikari.pool.HikariPool        : HikariPool-1 - Added connection org.postgresql.jdbc.PgConnection@6c27be1d
2026-01-19T18:49:16.182+03:00  INFO 56907 --- [venue-service] [           main] com.zaxxer.hikari.HikariDataSource       : HikariPool-1 - Start completed.
2026-01-19T18:49:16.227+03:00  WARN 56907 --- [venue-service] [           main] org.hibernate.orm.deprecation            : HHH90000025: PostgreSQLDialect does not need to be specified explicitly using 'hibernate.dialect' (remove the property setting and it will be selected by default)
2026-01-19T18:49:16.308+03:00  INFO 56907 --- [venue-service] [           main] org.hibernate.orm.connections.pooling    : HHH10001005: Database info:
	Database JDBC URL [jdbc:postgresql://localhost:5433/nightflow_venue]
	Database driver: PostgreSQL JDBC Driver
	Database dialect: PostgreSQLDialect
	Database version: 15.15
	Default catalog/schema: nightflow_venue/public
	Autocommit mode: undefined/unknown
	Isolation level: READ_COMMITTED [default READ_COMMITTED]
	JDBC fetch size: none
	Pool: DataSourceConnectionProvider
	Minimum pool size: undefined/unknown
	Maximum pool size: undefined/unknown
2026-01-19T18:49:17.289+03:00  INFO 56907 --- [venue-service] [           main] org.hibernate.orm.core                   : HHH000489: No JTA platform available (set 'hibernate.transaction.jta.platform' to enable JTA platform integration)
2026-01-19T18:49:17.382+03:00  INFO 56907 --- [venue-service] [           main] j.LocalContainerEntityManagerFactoryBean : Initialized JPA EntityManagerFactory for persistence unit 'default'
2026-01-19T18:49:17.467+03:00  INFO 56907 --- [venue-service] [           main] o.s.d.j.r.query.QueryEnhancerFactories   : Hibernate is in classpath; If applicable, HQL parser will be used.
2026-01-19T18:49:18.138+03:00  WARN 56907 --- [venue-service] [           main] JpaBaseConfiguration$JpaWebConfiguration : spring.jpa.open-in-view is enabled by default. Therefore, database queries may be performed during view rendering. Explicitly configure spring.jpa.open-in-view to disable this warning
2026-01-19T18:49:18.581+03:00  INFO 56907 --- [venue-service] [           main] DiscoveryClientOptionalArgsConfiguration : Eureka HTTP Client uses RestClient.
2026-01-19T18:49:18.610+03:00  WARN 56907 --- [venue-service] [           main] iguration$LoadBalancerCaffeineWarnLogger : Spring Cloud LoadBalancer is currently working with the default cache. While this cache implementation is useful for development and tests, it's recommended to use Caffeine cache in production.You can switch to using Caffeine cache, by adding it and org.springframework.cache.caffeine.CaffeineCacheManager to the classpath.
2026-01-19T18:49:18.613+03:00  INFO 56907 --- [venue-service] [           main] o.s.b.a.e.web.EndpointLinksResolver      : Exposing 2 endpoints beneath base path '/actuator'
2026-01-19T18:49:18.653+03:00  INFO 56907 --- [venue-service] [           main] o.s.c.n.eureka.InstanceInfoFactory       : Setting initial instance status as: STARTING
2026-01-19T18:49:18.663+03:00  INFO 56907 --- [venue-service] [           main] com.netflix.discovery.DiscoveryClient    : Initializing Eureka in region us-east-1
2026-01-19T18:49:18.665+03:00  INFO 56907 --- [venue-service] [           main] c.n.d.s.r.aws.ConfigClusterResolver      : Resolving eureka endpoints via configuration
2026-01-19T18:49:18.668+03:00  INFO 56907 --- [venue-service] [           main] com.netflix.discovery.DiscoveryClient    : Disable delta property : false
2026-01-19T18:49:18.668+03:00  INFO 56907 --- [venue-service] [           main] com.netflix.discovery.DiscoveryClient    : Single vip registry refresh property : null
2026-01-19T18:49:18.668+03:00  INFO 56907 --- [venue-service] [           main] com.netflix.discovery.DiscoveryClient    : Force full registry fetch : false
2026-01-19T18:49:18.668+03:00  INFO 56907 --- [venue-service] [           main] com.netflix.discovery.DiscoveryClient    : Application is null : false
2026-01-19T18:49:18.668+03:00  INFO 56907 --- [venue-service] [           main] com.netflix.discovery.DiscoveryClient    : Registered Applications size is zero : true
2026-01-19T18:49:18.669+03:00  INFO 56907 --- [venue-service] [           main] com.netflix.discovery.DiscoveryClient    : Application version is -1: true
2026-01-19T18:49:18.669+03:00  INFO 56907 --- [venue-service] [           main] com.netflix.discovery.DiscoveryClient    : Getting all instance registry info from the eureka server
2026-01-19T18:49:18.786+03:00  INFO 56907 --- [venue-service] [           main] com.netflix.discovery.DiscoveryClient    : The response status is 200
2026-01-19T18:49:18.787+03:00  INFO 56907 --- [venue-service] [           main] com.netflix.discovery.DiscoveryClient    : Starting heartbeat executor: renew interval is: 30
2026-01-19T18:49:18.787+03:00  INFO 56907 --- [venue-service] [           main] c.n.discovery.InstanceInfoReplicator     : InstanceInfoReplicator onDemand update allowed rate per min is 4
2026-01-19T18:49:18.788+03:00  INFO 56907 --- [venue-service] [           main] com.netflix.discovery.DiscoveryClient    : Discovery Client initialized at timestamp 1768837758788 with initial instances count: 0
2026-01-19T18:49:18.790+03:00  INFO 56907 --- [venue-service] [           main] o.s.c.n.e.s.EurekaServiceRegistry        : Registering application VENUE-SERVICE with eureka with status UP
2026-01-19T18:49:18.790+03:00  INFO 56907 --- [venue-service] [           main] com.netflix.discovery.DiscoveryClient    : Saw local status change event StatusChangeEvent [timestamp=1768837758790, current=UP, previous=STARTING]
2026-01-19T18:49:18.790+03:00  INFO 56907 --- [venue-service] [foReplicator-%d] com.netflix.discovery.DiscoveryClient    : DiscoveryClient_VENUE-SERVICE/kaan-mac-mini.local:venue-service:8091: registering service...
2026-01-19T18:49:18.798+03:00  INFO 56907 --- [venue-service] [           main] o.s.boot.tomcat.TomcatWebServer          : Tomcat started on port 8091 (http) with context path '/'
2026-01-19T18:49:18.799+03:00  INFO 56907 --- [venue-service] [           main] .s.c.n.e.s.EurekaAutoServiceRegistration : Updating port to 8091
2026-01-19T18:49:18.811+03:00  INFO 56907 --- [venue-service] [           main] c.n.v.VenueServiceApplication            : Started VenueServiceApplication in 9.31 seconds (process running for 10.315)
2026-01-19T18:49:18.811+03:00  INFO 56907 --- [venue-service] [foReplicator-%d] com.netflix.discovery.DiscoveryClient    : DiscoveryClient_VENUE-SERVICE/kaan-mac-mini.local:venue-service:8091 - registration status: 204
2026-01-19T18:49:48.791+03:00  INFO 56907 --- [venue-service] [reshExecutor-%d] com.netflix.discovery.DiscoveryClient    : Disable delta property : false
2026-01-19T18:49:48.794+03:00  INFO 56907 --- [venue-service] [reshExecutor-%d] com.netflix.discovery.DiscoveryClient    : Single vip registry refresh property : null
2026-01-19T18:49:48.794+03:00  INFO 56907 --- [venue-service] [reshExecutor-%d] com.netflix.discovery.DiscoveryClient    : Force full registry fetch : false
2026-01-19T18:49:48.794+03:00  INFO 56907 --- [venue-service] [reshExecutor-%d] com.netflix.discovery.DiscoveryClient    : Application is null : false
2026-01-19T18:49:48.794+03:00  INFO 56907 --- [venue-service] [reshExecutor-%d] com.netflix.discovery.DiscoveryClient    : Registered Applications size is zero : true
2026-01-19T18:49:48.794+03:00  INFO 56907 --- [venue-service] [reshExecutor-%d] com.netflix.discovery.DiscoveryClient    : Application version is -1: false
2026-01-19T18:49:48.794+03:00  INFO 56907 --- [venue-service] [reshExecutor-%d] com.netflix.discovery.DiscoveryClient    : Getting all instance registry info from the eureka server
2026-01-19T18:49:48.822+03:00  INFO 56907 --- [venue-service] [reshExecutor-%d] com.netflix.discovery.DiscoveryClient    : The response status is 200
2026-01-19T18:54:18.678+03:00  INFO 56907 --- [venue-service] [rap-executor-%d] c.n.d.s.r.aws.ConfigClusterResolver      : Resolving eureka endpoints via configuration
2026-01-19T18:59:18.687+03:00  INFO 56907 --- [venue-service] [rap-executor-%d] c.n.d.s.r.aws.ConfigClusterResolver      : Resolving eureka endpoints via configuration
2026-01-19T19:04:18.692+03:00  INFO 56907 --- [venue-service] [rap-executor-%d] c.n.d.s.r.aws.ConfigClusterResolver      : Resolving eureka endpoints via configuration
2026-01-19T19:09:18.698+03:00  INFO 56907 --- [venue-service] [rap-executor-%d] c.n.d.s.r.aws.ConfigClusterResolver      : Resolving eureka endpoints via configuration
2026-01-19T19:14:18.704+03:00  INFO 56907 --- [venue-service] [rap-executor-%d] c.n.d.s.r.aws.ConfigClusterResolver      : Resolving eureka endpoints via configuration
2026-01-19T19:19:18.709+03:00  INFO 56907 --- [venue-service] [rap-executor-%d] c.n.d.s.r.aws.ConfigClusterResolver      : Resolving eureka endpoints via configuration
2026-01-19T19:24:18.721+03:00  INFO 56907 --- [venue-service] [rap-executor-%d] c.n.d.s.r.aws.ConfigClusterResolver      : Resolving eureka endpoints via configuration
2026-01-19T19:29:18.731+03:00  INFO 56907 --- [venue-service] [rap-executor-%d] c.n.d.s.r.aws.ConfigClusterResolver      : Resolving eureka endpoints via configuration
2026-01-19T19:34:18.740+03:00  INFO 56907 --- [venue-service] [rap-executor-%d] c.n.d.s.r.aws.ConfigClusterResolver      : Resolving eureka endpoints via configuration
2026-01-19T19:39:18.755+03:00  INFO 56907 --- [venue-service] [rap-executor-%d] c.n.d.s.r.aws.ConfigClusterResolver      : Resolving eureka endpoints via configuration
2026-01-19T19:44:18.762+03:00  INFO 56907 --- [venue-service] [rap-executor-%d] c.n.d.s.r.aws.ConfigClusterResolver      : Resolving eureka endpoints via configuration
2026-01-19T19:49:18.774+03:00  INFO 56907 --- [venue-service] [rap-executor-%d] c.n.d.s.r.aws.ConfigClusterResolver      : Resolving eureka endpoints via configuration
2026-01-19T19:54:18.784+03:00  INFO 56907 --- [venue-service] [rap-executor-%d] c.n.d.s.r.aws.ConfigClusterResolver      : Resolving eureka endpoints via configuration
2026-01-19T19:59:18.799+03:00  INFO 56907 --- [venue-service] [rap-executor-%d] c.n.d.s.r.aws.ConfigClusterResolver      : Resolving eureka endpoints via configuration
2026-01-19T20:04:18.802+03:00  INFO 56907 --- [venue-service] [rap-executor-%d] c.n.d.s.r.aws.ConfigClusterResolver      : Resolving eureka endpoints via configuration
2026-01-19T20:09:18.816+03:00  INFO 56907 --- [venue-service] [rap-executor-%d] c.n.d.s.r.aws.ConfigClusterResolver      : Resolving eureka endpoints via configuration
2026-01-19T20:14:18.828+03:00  INFO 56907 --- [venue-service] [rap-executor-%d] c.n.d.s.r.aws.ConfigClusterResolver      : Resolving eureka endpoints via configuration
2026-01-19T20:19:18.834+03:00  INFO 56907 --- [venue-service] [rap-executor-%d] c.n.d.s.r.aws.ConfigClusterResolver      : Resolving eureka endpoints via configuration
2026-01-19T20:24:18.838+03:00  INFO 56907 --- [venue-service] [rap-executor-%d] c.n.d.s.r.aws.ConfigClusterResolver      : Resolving eureka endpoints via configuration
2026-01-19T20:29:18.851+03:00  INFO 56907 --- [venue-service] [rap-executor-%d] c.n.d.s.r.aws.ConfigClusterResolver      : Resolving eureka endpoints via configuration
2026-01-19T20:34:18.862+03:00  INFO 56907 --- [venue-service] [rap-executor-%d] c.n.d.s.r.aws.ConfigClusterResolver      : Resolving eureka endpoints via configuration
2026-01-19T20:39:18.875+03:00  INFO 56907 --- [venue-service] [rap-executor-%d] c.n.d.s.r.aws.ConfigClusterResolver      : Resolving eureka endpoints via configuration
2026-01-19T20:44:18.888+03:00  INFO 56907 --- [venue-service] [rap-executor-%d] c.n.d.s.r.aws.ConfigClusterResolver      : Resolving eureka endpoints via configuration
2026-01-19T20:49:18.898+03:00  INFO 56907 --- [venue-service] [rap-executor-%d] c.n.d.s.r.aws.ConfigClusterResolver      : Resolving eureka endpoints via configuration
2026-01-19T20:54:18.915+03:00  INFO 56907 --- [venue-service] [rap-executor-%d] c.n.d.s.r.aws.ConfigClusterResolver      : Resolving eureka endpoints via configuration
2026-01-19T20:59:18.926+03:00  INFO 56907 --- [venue-service] [rap-executor-%d] c.n.d.s.r.aws.ConfigClusterResolver      : Resolving eureka endpoints via configuration
2026-01-19T21:04:18.939+03:00  INFO 56907 --- [venue-service] [rap-executor-%d] c.n.d.s.r.aws.ConfigClusterResolver      : Resolving eureka endpoints via configuration
2026-01-19T21:09:18.949+03:00  INFO 56907 --- [venue-service] [rap-executor-%d] c.n.d.s.r.aws.ConfigClusterResolver      : Resolving eureka endpoints via configuration
